---------------------------------------------------------------
[ 2018-07-10T14:53:59+08:00 ] 127.0.0.1 GET /
[ info ] tp5.com/ [运行时间：0.395001s][吞吐率：2.53req/s] [内存消耗：2,761.45kb] [文件加载：49]
[ info ] [ LANG ] H:\share\lol.git\trunk\thinkphp_5.0.20_with_ext\thinkphp\lang\zh-cn.php
[ info ] [ ROUTE ] array (
  'type' => 'module',
  'module' => 
  array (
    0 => '',
    1 => NULL,
    2 => NULL,
  ),
)
[ info ] [ HEADER ] array (
  'host' => 'tp5.com',
  'connection' => 'keep-alive',
  'upgrade-insecure-requests' => '1',
  'user-agent' => 'Mozilla/5.0 (Windows NT 6.1; Win64; x64) AppleWebKit/537.36 (KHTML, like Gecko) Chrome/67.0.3396.99 Safari/537.36',
  'accept' => 'text/html,application/xhtml+xml,application/xml;q=0.9,image/webp,image/apng,*/*;q=0.8',
  'accept-encoding' => 'gzip, deflate',
  'accept-language' => 'zh-CN,zh;q=0.9',
)
[ info ] [ PARAM ] array (
)
[ info ] [ RUN ] app\lol\controller\Index->index[ H:\share\lol.git\trunk\thinkphp_5.0.20_with_ext\application\lol\controller\Index.php ]
[ info ] [ SESSION ] INIT array (
  'id' => '',
  'var_session_id' => '',
  'prefix' => 'think',
  'type' => '',
  'auto_start' => true,
)
[ info ] [ VIEW ] H:\share\lol.git\trunk\thinkphp_5.0.20_with_ext\thinkphp\tpl\dispatch_jump.tpl [ array (
  0 => 'code',
  1 => 'msg',
  2 => 'data',
  3 => 'url',
  4 => 'wait',
) ]
[ info ] [ LOG ] INIT File
---------------------------------------------------------------
[ 2018-07-10T14:53:59+08:00 ] 127.0.0.1 GET /
[ info ] tp5.com/ [运行时间：0.039201s][吞吐率：25.51req/s] [内存消耗：2,761.61kb] [文件加载：49]
[ info ] [ LANG ] H:\share\lol.git\trunk\thinkphp_5.0.20_with_ext\thinkphp\lang\zh-cn.php
[ info ] [ ROUTE ] array (
  'type' => 'module',
  'module' => 
  array (
    0 => '',
    1 => NULL,
    2 => NULL,
  ),
)
[ info ] [ HEADER ] array (
  'host' => 'tp5.com',
  'connection' => 'keep-alive',
  'upgrade-insecure-requests' => '1',
  'user-agent' => 'Mozilla/5.0 (Windows NT 6.1; Win64; x64) AppleWebKit/537.36 (KHTML, like Gecko) Chrome/67.0.3396.99 Safari/537.36',
  'accept' => 'text/html,application/xhtml+xml,application/xml;q=0.9,image/webp,image/apng,*/*;q=0.8',
  'accept-encoding' => 'gzip, deflate',
  'accept-language' => 'zh-CN,zh;q=0.9',
  'cookie' => 'PHPSESSID=fi3v1ddg4etl1ru7pefess3k52',
)
[ info ] [ PARAM ] array (
)
[ info ] [ RUN ] app\lol\controller\Index->index[ H:\share\lol.git\trunk\thinkphp_5.0.20_with_ext\application\lol\controller\Index.php ]
[ info ] [ SESSION ] INIT array (
  'id' => '',
  'var_session_id' => '',
  'prefix' => 'think',
  'type' => '',
  'auto_start' => true,
)
[ info ] [ VIEW ] H:\share\lol.git\trunk\thinkphp_5.0.20_with_ext\thinkphp\tpl\dispatch_jump.tpl [ array (
  0 => 'code',
  1 => 'msg',
  2 => 'data',
  3 => 'url',
  4 => 'wait',
) ]
[ info ] [ LOG ] INIT File
---------------------------------------------------------------
[ 2018-07-10T14:54:16+08:00 ] 127.0.0.1 GET /index.php/lol/login_up/index.html
[ info ] tp5.com/index.php/lol/login_up/index.html [运行时间：0.093604s][吞吐率：10.68req/s] [内存消耗：2,756.98kb] [文件加载：48]
[ info ] [ LANG ] H:\share\lol.git\trunk\thinkphp_5.0.20_with_ext\thinkphp\lang\zh-cn.php
[ info ] [ ROUTE ] array (
  'type' => 'module',
  'module' => 
  array (
    0 => 'lol',
    1 => 'login_up',
    2 => 'index',
  ),
)
[ info ] [ HEADER ] array (
  'host' => 'tp5.com',
  'connection' => 'keep-alive',
  'upgrade-insecure-requests' => '1',
  'user-agent' => 'Mozilla/5.0 (Windows NT 6.1; Win64; x64) AppleWebKit/537.36 (KHTML, like Gecko) Chrome/67.0.3396.99 Safari/537.36',
  'accept' => 'text/html,application/xhtml+xml,application/xml;q=0.9,image/webp,image/apng,*/*;q=0.8',
  'accept-encoding' => 'gzip, deflate',
  'accept-language' => 'zh-CN,zh;q=0.9',
  'cookie' => 'PHPSESSID=fi3v1ddg4etl1ru7pefess3k52; thinkphp_show_page_trace=0|0',
)
[ info ] [ PARAM ] array (
)
[ info ] [ RUN ] app\lol\controller\LoginUp->Index[ H:\share\lol.git\trunk\thinkphp_5.0.20_with_ext\application\lol\controller\LoginUp.php ]
[ info ] [ VIEW ] H:\share\lol.git\trunk\thinkphp_5.0.20_with_ext\public/../application/lol\view\login_up\index.html [ array (
) ]
[ info ] [ LOG ] INIT File
---------------------------------------------------------------
[ 2018-07-10T14:54:16+08:00 ] 127.0.0.1 GET /index.php/captcha.html
[ info ] tp5.com/index.php/captcha.html [运行时间：0.087005s][吞吐率：11.49req/s] [内存消耗：2,217.51kb] [文件加载：36]
[ info ] [ LANG ] H:\share\lol.git\trunk\thinkphp_5.0.20_with_ext\thinkphp\lang\zh-cn.php
[ info ] [ ROUTE ] array (
  'type' => 'method',
  'method' => 
  array (
    0 => '\\think\\captcha\\CaptchaController',
    1 => 'index',
  ),
  'var' => 
  array (
  ),
)
[ info ] [ HEADER ] array (
  'host' => 'tp5.com',
  'connection' => 'keep-alive',
  'user-agent' => 'Mozilla/5.0 (Windows NT 6.1; Win64; x64) AppleWebKit/537.36 (KHTML, like Gecko) Chrome/67.0.3396.99 Safari/537.36',
  'accept' => 'image/webp,image/apng,image/*,*/*;q=0.8',
  'referer' => 'http://tp5.com/index.php/lol/login_up/index.html',
  'accept-encoding' => 'gzip, deflate',
  'accept-language' => 'zh-CN,zh;q=0.9',
  'cookie' => 'PHPSESSID=fi3v1ddg4etl1ru7pefess3k52; thinkphp_show_page_trace=0|0',
)
[ info ] [ PARAM ] array (
  'id' => NULL,
)
[ info ] [ RUN ] think\captcha\CaptchaController->index[ H:\share\lol.git\trunk\thinkphp_5.0.20_with_ext\vendor\topthink\think-captcha\src\CaptchaController.php ]
[ info ] [ SESSION ] INIT array (
  'id' => '',
  'var_session_id' => '',
  'prefix' => 'think',
  'type' => '',
  'auto_start' => true,
)
[ info ] [ LOG ] INIT File
---------------------------------------------------------------
[ 2018-07-10T14:56:03+08:00 ] 127.0.0.1 POST /index.php/lol/login_up/loginup.html
[ info ] tp5.com/index.php/lol/login_up/loginup.html [运行时间：0.132007s][吞吐率：7.58req/s] [内存消耗：4,518.05kb] [文件加载：57]
[ info ] [ LANG ] H:\share\lol.git\trunk\thinkphp_5.0.20_with_ext\thinkphp\lang\zh-cn.php
[ info ] [ ROUTE ] array (
  'type' => 'module',
  'module' => 
  array (
    0 => 'lol',
    1 => 'login_up',
    2 => 'loginup',
  ),
)
[ info ] [ HEADER ] array (
  'host' => 'tp5.com',
  'connection' => 'keep-alive',
  'content-length' => '82',
  'cache-control' => 'max-age=0',
  'origin' => 'http://tp5.com',
  'upgrade-insecure-requests' => '1',
  'content-type' => 'application/x-www-form-urlencoded',
  'user-agent' => 'Mozilla/5.0 (Windows NT 6.1; Win64; x64) AppleWebKit/537.36 (KHTML, like Gecko) Chrome/67.0.3396.99 Safari/537.36',
  'accept' => 'text/html,application/xhtml+xml,application/xml;q=0.9,image/webp,image/apng,*/*;q=0.8',
  'referer' => 'http://tp5.com/index.php/lol/login_up/index.html',
  'accept-encoding' => 'gzip, deflate',
  'accept-language' => 'zh-CN,zh;q=0.9',
  'cookie' => 'thinkphp_show_page_trace=0|0; PHPSESSID=fi3v1ddg4etl1ru7pefess3k52; thinkphp_show_page_trace=0|0',
)
[ info ] [ PARAM ] array (
  'username' => 'lelezhangzhao',
  'password' => 'zhangzhao',
  'identify' => 'cu7u',
  'loginup' => '登录',
)
[ info ] [ RUN ] app\lol\controller\LoginUp->LoginUp[ H:\share\lol.git\trunk\thinkphp_5.0.20_with_ext\application\lol\controller\LoginUp.php ]
[ info ] [ SESSION ] INIT array (
  'id' => '',
  'var_session_id' => '',
  'prefix' => 'think',
  'type' => '',
  'auto_start' => true,
)
[ info ] [ DB ] INIT mysql
[ info ] [ VIEW ] H:\share\lol.git\trunk\thinkphp_5.0.20_with_ext\thinkphp\tpl\dispatch_jump.tpl [ array (
  0 => 'code',
  1 => 'msg',
  2 => 'data',
  3 => 'url',
  4 => 'wait',
) ]
[ info ] [ LOG ] INIT File
[ sql ] [ DB ] CONNECT:[ UseTime:0.007000s ] mysql:host=127.0.0.1;dbname=lol;charset=utf8
[ sql ] [ SQL ] SHOW COLUMNS FROM `lol_user` [ RunTime:0.025002s ]
[ sql ] [ SQL ] SELECT * FROM `lol_user` WHERE  `username` = 'lelezhangzhao'  AND `password` = 'zhangzhao' LIMIT 1 [ RunTime:0.014001s ]
---------------------------------------------------------------
[ 2018-07-10T14:56:04+08:00 ] 127.0.0.1 GET /index.php/lol/index/index.html
[ info ] tp5.com/index.php/lol/index/index.html [运行时间：0.187010s][吞吐率：5.35req/s] [内存消耗：4,635.20kb] [文件加载：57]
[ info ] [ LANG ] H:\share\lol.git\trunk\thinkphp_5.0.20_with_ext\thinkphp\lang\zh-cn.php
[ info ] [ ROUTE ] array (
  'type' => 'module',
  'module' => 
  array (
    0 => 'lol',
    1 => 'index',
    2 => 'index',
  ),
)
[ info ] [ HEADER ] array (
  'host' => 'tp5.com',
  'connection' => 'keep-alive',
  'upgrade-insecure-requests' => '1',
  'user-agent' => 'Mozilla/5.0 (Windows NT 6.1; Win64; x64) AppleWebKit/537.36 (KHTML, like Gecko) Chrome/67.0.3396.99 Safari/537.36',
  'accept' => 'text/html,application/xhtml+xml,application/xml;q=0.9,image/webp,image/apng,*/*;q=0.8',
  'referer' => 'http://tp5.com/index.php/lol/login_up/loginup.html',
  'accept-encoding' => 'gzip, deflate',
  'accept-language' => 'zh-CN,zh;q=0.9',
  'cookie' => 'PHPSESSID=fi3v1ddg4etl1ru7pefess3k52; thinkphp_show_page_trace=0|0',
)
[ info ] [ PARAM ] array (
)
[ info ] [ RUN ] app\lol\controller\Index->index[ H:\share\lol.git\trunk\thinkphp_5.0.20_with_ext\application\lol\controller\Index.php ]
[ info ] [ SESSION ] INIT array (
  'id' => '',
  'var_session_id' => '',
  'prefix' => 'think',
  'type' => '',
  'auto_start' => true,
)
[ info ] [ DB ] INIT mysql
[ info ] [ VIEW ] H:\share\lol.git\trunk\thinkphp_5.0.20_with_ext\public/../application/lol\view\index\index.html [ array (
  0 => 'list',
  1 => 'count',
) ]
[ info ] [ LOG ] INIT File
[ sql ] [ DB ] CONNECT:[ UseTime:0.011001s ] mysql:host=127.0.0.1;dbname=lol;charset=utf8
[ sql ] [ SQL ] SHOW COLUMNS FROM `lol_match` [ RunTime:0.063004s ]
[ sql ] [ SQL ] SELECT * FROM `lol_match` [ RunTime:0.000000s ]
---------------------------------------------------------------
[ 2018-07-10T14:56:07+08:00 ] 127.0.0.1 POST /index.php/lol/index/index.html
[ info ] tp5.com/index.php/lol/index/index.html [运行时间：0.063003s][吞吐率：15.87req/s] [内存消耗：4,414.70kb] [文件加载：55]
[ info ] [ LANG ] H:\share\lol.git\trunk\thinkphp_5.0.20_with_ext\thinkphp\lang\zh-cn.php
[ info ] [ ROUTE ] array (
  'type' => 'module',
  'module' => 
  array (
    0 => 'lol',
    1 => 'index',
    2 => 'index',
  ),
)
[ info ] [ HEADER ] array (
  'host' => 'tp5.com',
  'connection' => 'keep-alive',
  'content-length' => '0',
  'cache-control' => 'max-age=0',
  'origin' => 'http://tp5.com',
  'upgrade-insecure-requests' => '1',
  'content-type' => 'application/x-www-form-urlencoded',
  'user-agent' => 'Mozilla/5.0 (Windows NT 6.1; Win64; x64) AppleWebKit/537.36 (KHTML, like Gecko) Chrome/67.0.3396.99 Safari/537.36',
  'accept' => 'text/html,application/xhtml+xml,application/xml;q=0.9,image/webp,image/apng,*/*;q=0.8',
  'referer' => 'http://tp5.com/index.php/lol/index/index.html',
  'accept-encoding' => 'gzip, deflate',
  'accept-language' => 'zh-CN,zh;q=0.9',
  'cookie' => 'thinkphp_show_page_trace=0|0; PHPSESSID=fi3v1ddg4etl1ru7pefess3k52; thinkphp_show_page_trace=0|0',
)
[ info ] [ PARAM ] array (
)
[ info ] [ RUN ] app\lol\controller\Index->index[ H:\share\lol.git\trunk\thinkphp_5.0.20_with_ext\application\lol\controller\Index.php ]
[ info ] [ SESSION ] INIT array (
  'id' => '',
  'var_session_id' => '',
  'prefix' => 'think',
  'type' => '',
  'auto_start' => true,
)
[ info ] [ DB ] INIT mysql
[ info ] [ VIEW ] H:\share\lol.git\trunk\thinkphp_5.0.20_with_ext\public/../application/lol\view\index\index.html [ array (
  0 => 'list',
  1 => 'count',
) ]
[ info ] [ LOG ] INIT File
[ sql ] [ DB ] CONNECT:[ UseTime:0.001000s ] mysql:host=127.0.0.1;dbname=lol;charset=utf8
[ sql ] [ SQL ] SHOW COLUMNS FROM `lol_match` [ RunTime:0.022001s ]
[ sql ] [ SQL ] SELECT * FROM `lol_match` [ RunTime:0.001000s ]
---------------------------------------------------------------
[ 2018-07-10T14:56:07+08:00 ] 127.0.0.1 GET /index.php/lol/invest/matchinvest?id=1
[ info ] tp5.com/index.php/lol/invest/matchinvest?id=1 [运行时间：0.080004s][吞吐率：12.50req/s] [内存消耗：4,549.31kb] [文件加载：56]
[ info ] [ LANG ] H:\share\lol.git\trunk\thinkphp_5.0.20_with_ext\thinkphp\lang\zh-cn.php
[ info ] [ ROUTE ] array (
  'type' => 'module',
  'module' => 
  array (
    0 => 'lol',
    1 => 'invest',
    2 => 'matchinvest',
  ),
)
[ info ] [ HEADER ] array (
  'host' => 'tp5.com',
  'connection' => 'keep-alive',
  'upgrade-insecure-requests' => '1',
  'user-agent' => 'Mozilla/5.0 (Windows NT 6.1; Win64; x64) AppleWebKit/537.36 (KHTML, like Gecko) Chrome/67.0.3396.99 Safari/537.36',
  'accept' => 'text/html,application/xhtml+xml,application/xml;q=0.9,image/webp,image/apng,*/*;q=0.8',
  'referer' => 'http://tp5.com/index.php/lol/index/index.html',
  'accept-encoding' => 'gzip, deflate',
  'accept-language' => 'zh-CN,zh;q=0.9',
  'cookie' => 'PHPSESSID=fi3v1ddg4etl1ru7pefess3k52; thinkphp_show_page_trace=0|0',
)
[ info ] [ PARAM ] array (
  'id' => '1',
)
[ info ] [ RUN ] app\lol\controller\Invest->MatchInvest[ H:\share\lol.git\trunk\thinkphp_5.0.20_with_ext\application\lol\controller\Invest.php ]
[ info ] [ DB ] INIT mysql
[ info ] [ VIEW ] H:\share\lol.git\trunk\thinkphp_5.0.20_with_ext\public/../application/lol\view\invest\match_invest.html [ array (
  0 => 'matchinfolist',
  1 => 'matchinfocount',
) ]
[ info ] [ LOG ] INIT File
[ sql ] [ DB ] CONNECT:[ UseTime:0.000000s ] mysql:host=127.0.0.1;dbname=lol;charset=utf8
[ sql ] [ SQL ] SHOW COLUMNS FROM `lol_match_info` [ RunTime:0.034002s ]
[ sql ] [ SQL ] SELECT * FROM `lol_match_info` [ RunTime:0.001000s ]
---------------------------------------------------------------
[ 2018-07-10T14:56:13+08:00 ] 127.0.0.1 POST /index.php/lol/invest/matchinvest?id=1
[ info ] tp5.com/index.php/lol/invest/matchinvest?id=1 [运行时间：0.063004s][吞吐率：15.87req/s] [内存消耗：4,330.59kb] [文件加载：54]
[ info ] [ LANG ] H:\share\lol.git\trunk\thinkphp_5.0.20_with_ext\thinkphp\lang\zh-cn.php
[ info ] [ ROUTE ] array (
  'type' => 'module',
  'module' => 
  array (
    0 => 'lol',
    1 => 'invest',
    2 => 'matchinvest',
  ),
)
[ info ] [ HEADER ] array (
  'host' => 'tp5.com',
  'connection' => 'keep-alive',
  'content-length' => '0',
  'cache-control' => 'max-age=0',
  'origin' => 'http://tp5.com',
  'upgrade-insecure-requests' => '1',
  'content-type' => 'application/x-www-form-urlencoded',
  'user-agent' => 'Mozilla/5.0 (Windows NT 6.1; Win64; x64) AppleWebKit/537.36 (KHTML, like Gecko) Chrome/67.0.3396.99 Safari/537.36',
  'accept' => 'text/html,application/xhtml+xml,application/xml;q=0.9,image/webp,image/apng,*/*;q=0.8',
  'referer' => 'http://tp5.com/index.php/lol/invest/matchinvest?id=1',
  'accept-encoding' => 'gzip, deflate',
  'accept-language' => 'zh-CN,zh;q=0.9',
  'cookie' => 'thinkphp_show_page_trace=0|0; PHPSESSID=fi3v1ddg4etl1ru7pefess3k52; thinkphp_show_page_trace=0|0',
)
[ info ] [ PARAM ] array (
  'id' => '1',
)
[ info ] [ RUN ] app\lol\controller\Invest->MatchInvest[ H:\share\lol.git\trunk\thinkphp_5.0.20_with_ext\application\lol\controller\Invest.php ]
[ info ] [ DB ] INIT mysql
[ info ] [ VIEW ] H:\share\lol.git\trunk\thinkphp_5.0.20_with_ext\public/../application/lol\view\invest\match_invest.html [ array (
  0 => 'matchinfolist',
  1 => 'matchinfocount',
) ]
[ info ] [ LOG ] INIT File
[ sql ] [ DB ] CONNECT:[ UseTime:0.001000s ] mysql:host=127.0.0.1;dbname=lol;charset=utf8
[ sql ] [ SQL ] SHOW COLUMNS FROM `lol_match_info` [ RunTime:0.026001s ]
[ sql ] [ SQL ] SELECT * FROM `lol_match_info` [ RunTime:0.001000s ]
---------------------------------------------------------------
[ 2018-07-10T14:56:13+08:00 ] 127.0.0.1 GET /index.php/lol/invest/matchinfoinvest?id=1&ydc=2000
[ info ] tp5.com/index.php/lol/invest/matchinfoinvest?id=1&ydc=2000 [运行时间：0.085005s][吞吐率：11.76req/s] [内存消耗：4,407.26kb] [文件加载：56]
[ info ] [ LANG ] H:\share\lol.git\trunk\thinkphp_5.0.20_with_ext\thinkphp\lang\zh-cn.php
[ info ] [ ROUTE ] array (
  'type' => 'module',
  'module' => 
  array (
    0 => 'lol',
    1 => 'invest',
    2 => 'matchinfoinvest',
  ),
)
[ info ] [ HEADER ] array (
  'host' => 'tp5.com',
  'connection' => 'keep-alive',
  'upgrade-insecure-requests' => '1',
  'user-agent' => 'Mozilla/5.0 (Windows NT 6.1; Win64; x64) AppleWebKit/537.36 (KHTML, like Gecko) Chrome/67.0.3396.99 Safari/537.36',
  'accept' => 'text/html,application/xhtml+xml,application/xml;q=0.9,image/webp,image/apng,*/*;q=0.8',
  'referer' => 'http://tp5.com/index.php/lol/invest/matchinvest?id=1',
  'accept-encoding' => 'gzip, deflate',
  'accept-language' => 'zh-CN,zh;q=0.9',
  'cookie' => 'thinkphp_show_page_trace=0|0; PHPSESSID=fi3v1ddg4etl1ru7pefess3k52; thinkphp_show_page_trace=0|0',
)
[ info ] [ PARAM ] array (
  'id' => '1',
  'ydc' => '2000',
)
[ info ] [ RUN ] app\lol\controller\Invest->MatchInfoInvest[ H:\share\lol.git\trunk\thinkphp_5.0.20_with_ext\application\lol\controller\Invest.php ]
[ info ] [ SESSION ] INIT array (
  'id' => '',
  'var_session_id' => '',
  'prefix' => 'think',
  'type' => '',
  'auto_start' => true,
)
[ info ] [ DB ] INIT mysql
[ info ] [ VIEW ] H:\share\lol.git\trunk\thinkphp_5.0.20_with_ext\thinkphp\tpl\dispatch_jump.tpl [ array (
  0 => 'code',
  1 => 'msg',
  2 => 'data',
  3 => 'url',
  4 => 'wait',
) ]
[ info ] [ LOG ] INIT File
[ sql ] [ DB ] CONNECT:[ UseTime:0.000000s ] mysql:host=127.0.0.1;dbname=lol;charset=utf8
[ sql ] [ SQL ] SHOW COLUMNS FROM `lol_user` [ RunTime:0.025001s ]
[ sql ] [ SQL ] SELECT * FROM `lol_user` WHERE  `username` = 'lelezhangzhao' LIMIT 1 [ RunTime:0.001000s ]
[ sql ] [ SQL ] SHOW COLUMNS FROM `lol_match_info` [ RunTime:0.018001s ]
[ sql ] [ SQL ] SELECT * FROM `lol_match_info` WHERE  `id` = 1 LIMIT 1 [ RunTime:0.001000s ]
---------------------------------------------------------------
[ 2018-07-10T14:56:21+08:00 ] 127.0.0.1 GET /index.php/lol/invest/matchinvest?id=1
[ info ] tp5.com/index.php/lol/invest/matchinvest?id=1 [运行时间：0.091005s][吞吐率：10.99req/s] [内存消耗：4,330.06kb] [文件加载：54]
[ info ] [ LANG ] H:\share\lol.git\trunk\thinkphp_5.0.20_with_ext\thinkphp\lang\zh-cn.php
[ info ] [ ROUTE ] array (
  'type' => 'module',
  'module' => 
  array (
    0 => 'lol',
    1 => 'invest',
    2 => 'matchinvest',
  ),
)
[ info ] [ HEADER ] array (
  'host' => 'tp5.com',
  'connection' => 'keep-alive',
  'upgrade-insecure-requests' => '1',
  'user-agent' => 'Mozilla/5.0 (Windows NT 6.1; Win64; x64) AppleWebKit/537.36 (KHTML, like Gecko) Chrome/67.0.3396.99 Safari/537.36',
  'accept' => 'text/html,application/xhtml+xml,application/xml;q=0.9,image/webp,image/apng,*/*;q=0.8',
  'referer' => 'http://tp5.com/index.php/lol/index/index.html',
  'accept-encoding' => 'gzip, deflate',
  'accept-language' => 'zh-CN,zh;q=0.9',
  'cookie' => 'thinkphp_show_page_trace=0|0; PHPSESSID=fi3v1ddg4etl1ru7pefess3k52; thinkphp_show_page_trace=0|0',
)
[ info ] [ PARAM ] array (
  'id' => '1',
)
[ info ] [ RUN ] app\lol\controller\Invest->MatchInvest[ H:\share\lol.git\trunk\thinkphp_5.0.20_with_ext\application\lol\controller\Invest.php ]
[ info ] [ DB ] INIT mysql
[ info ] [ VIEW ] H:\share\lol.git\trunk\thinkphp_5.0.20_with_ext\public/../application/lol\view\invest\match_invest.html [ array (
  0 => 'matchinfolist',
  1 => 'matchinfocount',
) ]
[ info ] [ LOG ] INIT File
[ sql ] [ DB ] CONNECT:[ UseTime:0.011001s ] mysql:host=127.0.0.1;dbname=lol;charset=utf8
[ sql ] [ SQL ] SHOW COLUMNS FROM `lol_match_info` [ RunTime:0.019001s ]
[ sql ] [ SQL ] SELECT * FROM `lol_match_info` [ RunTime:0.001000s ]
---------------------------------------------------------------
[ 2018-07-10T14:56:29+08:00 ] 127.0.0.1 GET /index.php/lol/invest/matchinvest?id=1
[ info ] tp5.com/index.php/lol/invest/matchinvest?id=1 [运行时间：0.060004s][吞吐率：16.67req/s] [内存消耗：4,330.06kb] [文件加载：54]
[ info ] [ LANG ] H:\share\lol.git\trunk\thinkphp_5.0.20_with_ext\thinkphp\lang\zh-cn.php
[ info ] [ ROUTE ] array (
  'type' => 'module',
  'module' => 
  array (
    0 => 'lol',
    1 => 'invest',
    2 => 'matchinvest',
  ),
)
[ info ] [ HEADER ] array (
  'host' => 'tp5.com',
  'connection' => 'keep-alive',
  'upgrade-insecure-requests' => '1',
  'user-agent' => 'Mozilla/5.0 (Windows NT 6.1; Win64; x64) AppleWebKit/537.36 (KHTML, like Gecko) Chrome/67.0.3396.99 Safari/537.36',
  'accept' => 'text/html,application/xhtml+xml,application/xml;q=0.9,image/webp,image/apng,*/*;q=0.8',
  'referer' => 'http://tp5.com/index.php/lol/index/index.html',
  'accept-encoding' => 'gzip, deflate',
  'accept-language' => 'zh-CN,zh;q=0.9',
  'cookie' => 'thinkphp_show_page_trace=0|0; PHPSESSID=fi3v1ddg4etl1ru7pefess3k52; thinkphp_show_page_trace=0|0',
)
[ info ] [ PARAM ] array (
  'id' => '1',
)
[ info ] [ RUN ] app\lol\controller\Invest->MatchInvest[ H:\share\lol.git\trunk\thinkphp_5.0.20_with_ext\application\lol\controller\Invest.php ]
[ info ] [ DB ] INIT mysql
[ info ] [ VIEW ] H:\share\lol.git\trunk\thinkphp_5.0.20_with_ext\public/../application/lol\view\invest\match_invest.html [ array (
  0 => 'matchinfolist',
  1 => 'matchinfocount',
) ]
[ info ] [ LOG ] INIT File
[ sql ] [ DB ] CONNECT:[ UseTime:0.001000s ] mysql:host=127.0.0.1;dbname=lol;charset=utf8
[ sql ] [ SQL ] SHOW COLUMNS FROM `lol_match_info` [ RunTime:0.025001s ]
[ sql ] [ SQL ] SELECT * FROM `lol_match_info` [ RunTime:0.000000s ]
---------------------------------------------------------------
[ 2018-07-10T14:56:29+08:00 ] 127.0.0.1 POST /index.php/lol/index/index.html
[ info ] tp5.com/index.php/lol/index/index.html [运行时间：0.060004s][吞吐率：16.67req/s] [内存消耗：4,414.70kb] [文件加载：55]
[ info ] [ LANG ] H:\share\lol.git\trunk\thinkphp_5.0.20_with_ext\thinkphp\lang\zh-cn.php
[ info ] [ ROUTE ] array (
  'type' => 'module',
  'module' => 
  array (
    0 => 'lol',
    1 => 'index',
    2 => 'index',
  ),
)
[ info ] [ HEADER ] array (
  'host' => 'tp5.com',
  'connection' => 'keep-alive',
  'content-length' => '0',
  'cache-control' => 'max-age=0',
  'origin' => 'http://tp5.com',
  'upgrade-insecure-requests' => '1',
  'content-type' => 'application/x-www-form-urlencoded',
  'user-agent' => 'Mozilla/5.0 (Windows NT 6.1; Win64; x64) AppleWebKit/537.36 (KHTML, like Gecko) Chrome/67.0.3396.99 Safari/537.36',
  'accept' => 'text/html,application/xhtml+xml,application/xml;q=0.9,image/webp,image/apng,*/*;q=0.8',
  'referer' => 'http://tp5.com/index.php/lol/index/index.html',
  'accept-encoding' => 'gzip, deflate',
  'accept-language' => 'zh-CN,zh;q=0.9',
  'cookie' => 'thinkphp_show_page_trace=0|0; PHPSESSID=fi3v1ddg4etl1ru7pefess3k52; thinkphp_show_page_trace=0|0',
)
[ info ] [ PARAM ] array (
)
[ info ] [ RUN ] app\lol\controller\Index->index[ H:\share\lol.git\trunk\thinkphp_5.0.20_with_ext\application\lol\controller\Index.php ]
[ info ] [ SESSION ] INIT array (
  'id' => '',
  'var_session_id' => '',
  'prefix' => 'think',
  'type' => '',
  'auto_start' => true,
)
[ info ] [ DB ] INIT mysql
[ info ] [ VIEW ] H:\share\lol.git\trunk\thinkphp_5.0.20_with_ext\public/../application/lol\view\index\index.html [ array (
  0 => 'list',
  1 => 'count',
) ]
[ info ] [ LOG ] INIT File
[ sql ] [ DB ] CONNECT:[ UseTime:0.001000s ] mysql:host=127.0.0.1;dbname=lol;charset=utf8
[ sql ] [ SQL ] SHOW COLUMNS FROM `lol_match` [ RunTime:0.024001s ]
[ sql ] [ SQL ] SELECT * FROM `lol_match` [ RunTime:0.001000s ]
