---------------------------------------------------------------
[ 2018-07-11T21:48:29+08:00 ] 127.0.0.1 GET /
[ info ] tp5.com/ [运行时间：0.090001s][吞吐率：11.11req/s] [内存消耗：2,664.50kb] [文件加载：48]
[ info ] [ LANG ] H:\share\lol.git\trunk\thinkphp_5.0.20_with_ext\thinkphp\lang\zh-cn.php
[ info ] [ ROUTE ] array (
  'type' => 'module',
  'module' => 
  array (
    0 => '',
    1 => NULL,
    2 => NULL,
  ),
)
[ info ] [ HEADER ] array (
  'host' => 'tp5.com',
  'connection' => 'keep-alive',
  'upgrade-insecure-requests' => '1',
  'user-agent' => 'Mozilla/5.0 (Windows NT 6.1; Win64; x64) AppleWebKit/537.36 (KHTML, like Gecko) Chrome/67.0.3396.99 Safari/537.36',
  'accept' => 'text/html,application/xhtml+xml,application/xml;q=0.9,image/webp,image/apng,*/*;q=0.8',
  'accept-encoding' => 'gzip, deflate',
  'accept-language' => 'zh-CN,zh;q=0.9',
)
[ info ] [ PARAM ] array (
)
[ info ] [ RUN ] app\lol\controller\Index->Index[ H:\share\lol.git\trunk\thinkphp_5.0.20_with_ext\application\lol\controller\Index.php ]
[ info ] [ SESSION ] INIT array (
  'id' => '',
  'var_session_id' => '',
  'prefix' => 'think',
  'type' => '',
  'auto_start' => true,
)
[ info ] [ VIEW ] H:\share\lol.git\trunk\thinkphp_5.0.20_with_ext\thinkphp\tpl\dispatch_jump.tpl [ array (
  0 => 'code',
  1 => 'msg',
  2 => 'data',
  3 => 'url',
  4 => 'wait',
) ]
[ info ] [ LOG ] INIT File
---------------------------------------------------------------
[ 2018-07-11T21:48:31+08:00 ] 127.0.0.1 GET /
[ info ] tp5.com/ [运行时间：0.037602s][吞吐率：26.59req/s] [内存消耗：2,664.62kb] [文件加载：48]
[ info ] [ LANG ] H:\share\lol.git\trunk\thinkphp_5.0.20_with_ext\thinkphp\lang\zh-cn.php
[ info ] [ ROUTE ] array (
  'type' => 'module',
  'module' => 
  array (
    0 => '',
    1 => NULL,
    2 => NULL,
  ),
)
[ info ] [ HEADER ] array (
  'host' => 'tp5.com',
  'connection' => 'keep-alive',
  'upgrade-insecure-requests' => '1',
  'user-agent' => 'Mozilla/5.0 (Windows NT 6.1; Win64; x64) AppleWebKit/537.36 (KHTML, like Gecko) Chrome/67.0.3396.99 Safari/537.36',
  'accept' => 'text/html,application/xhtml+xml,application/xml;q=0.9,image/webp,image/apng,*/*;q=0.8',
  'accept-encoding' => 'gzip, deflate',
  'accept-language' => 'zh-CN,zh;q=0.9',
  'cookie' => 'PHPSESSID=ngpdnc1j9a363sdll5bl8eo1j0',
)
[ info ] [ PARAM ] array (
)
[ info ] [ RUN ] app\lol\controller\Index->Index[ H:\share\lol.git\trunk\thinkphp_5.0.20_with_ext\application\lol\controller\Index.php ]
[ info ] [ SESSION ] INIT array (
  'id' => '',
  'var_session_id' => '',
  'prefix' => 'think',
  'type' => '',
  'auto_start' => true,
)
[ info ] [ VIEW ] H:\share\lol.git\trunk\thinkphp_5.0.20_with_ext\thinkphp\tpl\dispatch_jump.tpl [ array (
  0 => 'code',
  1 => 'msg',
  2 => 'data',
  3 => 'url',
  4 => 'wait',
) ]
[ info ] [ LOG ] INIT File
---------------------------------------------------------------
[ 2018-07-11T21:48:33+08:00 ] 127.0.0.1 GET /index.php/lol/login_up/index
[ info ] tp5.com/index.php/lol/login_up/index [运行时间：0.048003s][吞吐率：20.83req/s] [内存消耗：2,758.34kb] [文件加载：48]
[ info ] [ LANG ] H:\share\lol.git\trunk\thinkphp_5.0.20_with_ext\thinkphp\lang\zh-cn.php
[ info ] [ ROUTE ] array (
  'type' => 'module',
  'module' => 
  array (
    0 => 'lol',
    1 => 'login_up',
    2 => 'index',
  ),
)
[ info ] [ HEADER ] array (
  'host' => 'tp5.com',
  'connection' => 'keep-alive',
  'upgrade-insecure-requests' => '1',
  'user-agent' => 'Mozilla/5.0 (Windows NT 6.1; Win64; x64) AppleWebKit/537.36 (KHTML, like Gecko) Chrome/67.0.3396.99 Safari/537.36',
  'accept' => 'text/html,application/xhtml+xml,application/xml;q=0.9,image/webp,image/apng,*/*;q=0.8',
  'referer' => 'http://tp5.com/',
  'accept-encoding' => 'gzip, deflate',
  'accept-language' => 'zh-CN,zh;q=0.9',
  'cookie' => 'PHPSESSID=ngpdnc1j9a363sdll5bl8eo1j0; thinkphp_show_page_trace=0|0',
)
[ info ] [ PARAM ] array (
)
[ info ] [ RUN ] app\lol\controller\LoginUp->Index[ H:\share\lol.git\trunk\thinkphp_5.0.20_with_ext\application\lol\controller\LoginUp.php ]
[ info ] [ VIEW ] H:\share\lol.git\trunk\thinkphp_5.0.20_with_ext\public/../application/lol\view\login_up\index.html [ array (
) ]
[ info ] [ LOG ] INIT File
---------------------------------------------------------------
[ 2018-07-11T21:48:33+08:00 ] 127.0.0.1 GET /index.php/captcha.html
[ info ] tp5.com/index.php/captcha.html [运行时间：0.075004s][吞吐率：13.33req/s] [内存消耗：2,217.80kb] [文件加载：36]
[ info ] [ LANG ] H:\share\lol.git\trunk\thinkphp_5.0.20_with_ext\thinkphp\lang\zh-cn.php
[ info ] [ ROUTE ] array (
  'type' => 'method',
  'method' => 
  array (
    0 => '\\think\\captcha\\CaptchaController',
    1 => 'index',
  ),
  'var' => 
  array (
  ),
)
[ info ] [ HEADER ] array (
  'host' => 'tp5.com',
  'connection' => 'keep-alive',
  'user-agent' => 'Mozilla/5.0 (Windows NT 6.1; Win64; x64) AppleWebKit/537.36 (KHTML, like Gecko) Chrome/67.0.3396.99 Safari/537.36',
  'accept' => 'image/webp,image/apng,image/*,*/*;q=0.8',
  'referer' => 'http://tp5.com/index.php/lol/login_up/index',
  'accept-encoding' => 'gzip, deflate',
  'accept-language' => 'zh-CN,zh;q=0.9',
  'cookie' => 'PHPSESSID=ngpdnc1j9a363sdll5bl8eo1j0; thinkphp_show_page_trace=0|0',
)
[ info ] [ PARAM ] array (
  'id' => NULL,
)
[ info ] [ RUN ] think\captcha\CaptchaController->index[ H:\share\lol.git\trunk\thinkphp_5.0.20_with_ext\vendor\topthink\think-captcha\src\CaptchaController.php ]
[ info ] [ SESSION ] INIT array (
  'id' => '',
  'var_session_id' => '',
  'prefix' => 'think',
  'type' => '',
  'auto_start' => true,
)
[ info ] [ LOG ] INIT File
---------------------------------------------------------------
[ 2018-07-11T21:48:35+08:00 ] 127.0.0.1 POST /index.php/lol/login_up/loginin.html
[ info ] tp5.com/index.php/lol/login_up/loginin.html [运行时间：0.047003s][吞吐率：21.28req/s] [内存消耗：2,768.94kb] [文件加载：49]
[ info ] [ LANG ] H:\share\lol.git\trunk\thinkphp_5.0.20_with_ext\thinkphp\lang\zh-cn.php
[ info ] [ ROUTE ] array (
  'type' => 'module',
  'module' => 
  array (
    0 => 'lol',
    1 => 'login_up',
    2 => 'loginin',
  ),
)
[ info ] [ HEADER ] array (
  'host' => 'tp5.com',
  'connection' => 'keep-alive',
  'content-length' => '56',
  'cache-control' => 'max-age=0',
  'origin' => 'http://tp5.com',
  'upgrade-insecure-requests' => '1',
  'content-type' => 'application/x-www-form-urlencoded',
  'user-agent' => 'Mozilla/5.0 (Windows NT 6.1; Win64; x64) AppleWebKit/537.36 (KHTML, like Gecko) Chrome/67.0.3396.99 Safari/537.36',
  'accept' => 'text/html,application/xhtml+xml,application/xml;q=0.9,image/webp,image/apng,*/*;q=0.8',
  'referer' => 'http://tp5.com/index.php/lol/login_up/index',
  'accept-encoding' => 'gzip, deflate',
  'accept-language' => 'zh-CN,zh;q=0.9',
  'cookie' => 'thinkphp_show_page_trace=0|0; PHPSESSID=ngpdnc1j9a363sdll5bl8eo1j0; thinkphp_show_page_trace=0|0',
)
[ info ] [ PARAM ] array (
  'username' => '',
  'password' => '',
  'identify' => '',
  'loginin' => '注册',
)
[ info ] [ RUN ] app\lol\controller\LoginUp->LoginIn[ H:\share\lol.git\trunk\thinkphp_5.0.20_with_ext\application\lol\controller\LoginUp.php ]
[ info ] [ VIEW ] H:\share\lol.git\trunk\thinkphp_5.0.20_with_ext\thinkphp\tpl\dispatch_jump.tpl [ array (
  0 => 'code',
  1 => 'msg',
  2 => 'data',
  3 => 'url',
  4 => 'wait',
) ]
[ info ] [ LOG ] INIT File
---------------------------------------------------------------
[ 2018-07-11T21:48:36+08:00 ] 127.0.0.1 GET /index.php/lol/login_in/index.html
[ info ] tp5.com/index.php/lol/login_in/index.html [运行时间：0.059003s][吞吐率：16.95req/s] [内存消耗：2,764.38kb] [文件加载：48]
[ info ] [ LANG ] H:\share\lol.git\trunk\thinkphp_5.0.20_with_ext\thinkphp\lang\zh-cn.php
[ info ] [ ROUTE ] array (
  'type' => 'module',
  'module' => 
  array (
    0 => 'lol',
    1 => 'login_in',
    2 => 'index',
  ),
)
[ info ] [ HEADER ] array (
  'host' => 'tp5.com',
  'connection' => 'keep-alive',
  'upgrade-insecure-requests' => '1',
  'user-agent' => 'Mozilla/5.0 (Windows NT 6.1; Win64; x64) AppleWebKit/537.36 (KHTML, like Gecko) Chrome/67.0.3396.99 Safari/537.36',
  'accept' => 'text/html,application/xhtml+xml,application/xml;q=0.9,image/webp,image/apng,*/*;q=0.8',
  'referer' => 'http://tp5.com/index.php/lol/login_up/loginin.html',
  'accept-encoding' => 'gzip, deflate',
  'accept-language' => 'zh-CN,zh;q=0.9',
  'cookie' => 'PHPSESSID=ngpdnc1j9a363sdll5bl8eo1j0; thinkphp_show_page_trace=0|0',
)
[ info ] [ PARAM ] array (
)
[ info ] [ RUN ] app\lol\controller\LoginIn->Index[ H:\share\lol.git\trunk\thinkphp_5.0.20_with_ext\application\lol\controller\LoginIn.php ]
[ info ] [ VIEW ] H:\share\lol.git\trunk\thinkphp_5.0.20_with_ext\public/../application/lol\view\login_in\index.html [ array (
) ]
[ info ] [ LOG ] INIT File
---------------------------------------------------------------
[ 2018-07-11T21:48:36+08:00 ] 127.0.0.1 GET /index.php/lol/login_in/index.html
[ info ] tp5.com/index.php/lol/login_in/index.html [运行时间：0.033002s][吞吐率：30.30req/s] [内存消耗：2,764.38kb] [文件加载：48]
[ info ] [ LANG ] H:\share\lol.git\trunk\thinkphp_5.0.20_with_ext\thinkphp\lang\zh-cn.php
[ info ] [ ROUTE ] array (
  'type' => 'module',
  'module' => 
  array (
    0 => 'lol',
    1 => 'login_in',
    2 => 'index',
  ),
)
[ info ] [ HEADER ] array (
  'host' => 'tp5.com',
  'connection' => 'keep-alive',
  'upgrade-insecure-requests' => '1',
  'user-agent' => 'Mozilla/5.0 (Windows NT 6.1; Win64; x64) AppleWebKit/537.36 (KHTML, like Gecko) Chrome/67.0.3396.99 Safari/537.36',
  'accept' => 'text/html,application/xhtml+xml,application/xml;q=0.9,image/webp,image/apng,*/*;q=0.8',
  'referer' => 'http://tp5.com/index.php/lol/login_up/loginin.html',
  'accept-encoding' => 'gzip, deflate',
  'accept-language' => 'zh-CN,zh;q=0.9',
  'cookie' => 'PHPSESSID=ngpdnc1j9a363sdll5bl8eo1j0; thinkphp_show_page_trace=0|0',
)
[ info ] [ PARAM ] array (
)
[ info ] [ RUN ] app\lol\controller\LoginIn->Index[ H:\share\lol.git\trunk\thinkphp_5.0.20_with_ext\application\lol\controller\LoginIn.php ]
[ info ] [ VIEW ] H:\share\lol.git\trunk\thinkphp_5.0.20_with_ext\public/../application/lol\view\login_in\index.html [ array (
) ]
[ info ] [ LOG ] INIT File
---------------------------------------------------------------
[ 2018-07-11T21:48:36+08:00 ] 127.0.0.1 GET /index.php/captcha.html
[ info ] tp5.com/index.php/captcha.html [运行时间：0.023001s][吞吐率：43.48req/s] [内存消耗：2,217.55kb] [文件加载：36]
[ info ] [ LANG ] H:\share\lol.git\trunk\thinkphp_5.0.20_with_ext\thinkphp\lang\zh-cn.php
[ info ] [ ROUTE ] array (
  'type' => 'method',
  'method' => 
  array (
    0 => '\\think\\captcha\\CaptchaController',
    1 => 'index',
  ),
  'var' => 
  array (
  ),
)
[ info ] [ HEADER ] array (
  'host' => 'tp5.com',
  'connection' => 'keep-alive',
  'user-agent' => 'Mozilla/5.0 (Windows NT 6.1; Win64; x64) AppleWebKit/537.36 (KHTML, like Gecko) Chrome/67.0.3396.99 Safari/537.36',
  'accept' => 'image/webp,image/apng,image/*,*/*;q=0.8',
  'referer' => 'http://tp5.com/index.php/lol/login_in/index.html',
  'accept-encoding' => 'gzip, deflate',
  'accept-language' => 'zh-CN,zh;q=0.9',
  'cookie' => 'PHPSESSID=ngpdnc1j9a363sdll5bl8eo1j0; thinkphp_show_page_trace=0|0',
)
[ info ] [ PARAM ] array (
  'id' => NULL,
)
[ info ] [ RUN ] think\captcha\CaptchaController->index[ H:\share\lol.git\trunk\thinkphp_5.0.20_with_ext\vendor\topthink\think-captcha\src\CaptchaController.php ]
[ info ] [ SESSION ] INIT array (
  'id' => '',
  'var_session_id' => '',
  'prefix' => 'think',
  'type' => '',
  'auto_start' => true,
)
[ info ] [ LOG ] INIT File
---------------------------------------------------------------
[ 2018-07-11T21:48:45+08:00 ] 127.0.0.1 POST /index.php/lol/login_in/loginin.html
[ info ] tp5.com/index.php/lol/login_in/loginin.html [运行时间：0.043003s][吞吐率：23.25req/s] [内存消耗：2,766.58kb] [文件加载：49]
[ info ] [ LANG ] H:\share\lol.git\trunk\thinkphp_5.0.20_with_ext\thinkphp\lang\zh-cn.php
[ info ] [ ROUTE ] array (
  'type' => 'module',
  'module' => 
  array (
    0 => 'lol',
    1 => 'login_in',
    2 => 'loginin',
  ),
)
[ info ] [ HEADER ] array (
  'host' => 'tp5.com',
  'connection' => 'keep-alive',
  'content-length' => '108',
  'cache-control' => 'max-age=0',
  'origin' => 'http://tp5.com',
  'upgrade-insecure-requests' => '1',
  'content-type' => 'application/x-www-form-urlencoded',
  'user-agent' => 'Mozilla/5.0 (Windows NT 6.1; Win64; x64) AppleWebKit/537.36 (KHTML, like Gecko) Chrome/67.0.3396.99 Safari/537.36',
  'accept' => 'text/html,application/xhtml+xml,application/xml;q=0.9,image/webp,image/apng,*/*;q=0.8',
  'referer' => 'http://tp5.com/index.php/lol/login_in/index.html',
  'accept-encoding' => 'gzip, deflate',
  'accept-language' => 'zh-CN,zh;q=0.9',
  'cookie' => 'thinkphp_show_page_trace=0|0; PHPSESSID=ngpdnc1j9a363sdll5bl8eo1j0; thinkphp_show_page_trace=0|0',
)
[ info ] [ PARAM ] array (
  'username' => 'lelezhangzhao',
  'password' => 'zhangzhao',
  'tel' => '13113310202',
  'identify' => 'ygzy',
  'rank_pre' => '',
  'loginin' => '注册',
)
[ info ] [ RUN ] app\lol\controller\LoginIn->loginin[ H:\share\lol.git\trunk\thinkphp_5.0.20_with_ext\application\lol\controller\LoginIn.php ]
[ info ] [ SESSION ] INIT array (
  'id' => '',
  'var_session_id' => '',
  'prefix' => 'think',
  'type' => '',
  'auto_start' => true,
)
[ info ] [ VIEW ] H:\share\lol.git\trunk\thinkphp_5.0.20_with_ext\thinkphp\tpl\dispatch_jump.tpl [ array (
  0 => 'code',
  1 => 'msg',
  2 => 'data',
  3 => 'url',
  4 => 'wait',
) ]
[ info ] [ LOG ] INIT File
---------------------------------------------------------------
[ 2018-07-11T21:48:50+08:00 ] 127.0.0.1 POST /index.php/lol/login_in/loginin.html
[ info ] tp5.com/index.php/lol/login_in/loginin.html [运行时间：0.071603s][吞吐率：13.97req/s] [内存消耗：2,766.46kb] [文件加载：49]
[ info ] [ LANG ] H:\share\lol.git\trunk\thinkphp_5.0.20_with_ext\thinkphp\lang\zh-cn.php
[ info ] [ ROUTE ] array (
  'type' => 'module',
  'module' => 
  array (
    0 => 'lol',
    1 => 'login_in',
    2 => 'loginin',
  ),
)
[ info ] [ HEADER ] array (
  'host' => 'tp5.com',
  'connection' => 'keep-alive',
  'content-length' => '108',
  'cache-control' => 'max-age=0',
  'origin' => 'http://tp5.com',
  'upgrade-insecure-requests' => '1',
  'content-type' => 'application/x-www-form-urlencoded',
  'user-agent' => 'Mozilla/5.0 (Windows NT 6.1; Win64; x64) AppleWebKit/537.36 (KHTML, like Gecko) Chrome/67.0.3396.99 Safari/537.36',
  'accept' => 'text/html,application/xhtml+xml,application/xml;q=0.9,image/webp,image/apng,*/*;q=0.8',
  'referer' => 'http://tp5.com/index.php/lol/login_in/index.html',
  'accept-encoding' => 'gzip, deflate',
  'accept-language' => 'zh-CN,zh;q=0.9',
  'cookie' => 'thinkphp_show_page_trace=0|0; PHPSESSID=ngpdnc1j9a363sdll5bl8eo1j0; thinkphp_show_page_trace=0|0',
)
[ info ] [ PARAM ] array (
  'username' => 'lelezhangzhao',
  'password' => 'zhangzhao',
  'tel' => '13113310202',
  'identify' => 'yczy',
  'rank_pre' => '',
  'loginin' => '注册',
)
[ info ] [ RUN ] app\lol\controller\LoginIn->loginin[ H:\share\lol.git\trunk\thinkphp_5.0.20_with_ext\application\lol\controller\LoginIn.php ]
[ info ] [ SESSION ] INIT array (
  'id' => '',
  'var_session_id' => '',
  'prefix' => 'think',
  'type' => '',
  'auto_start' => true,
)
[ info ] [ VIEW ] H:\share\lol.git\trunk\thinkphp_5.0.20_with_ext\thinkphp\tpl\dispatch_jump.tpl [ array (
  0 => 'code',
  1 => 'msg',
  2 => 'data',
  3 => 'url',
  4 => 'wait',
) ]
[ info ] [ LOG ] INIT File
---------------------------------------------------------------
[ 2018-07-11T21:48:51+08:00 ] 127.0.0.1 GET /index.php/captcha.html
[ info ] tp5.com/index.php/captcha.html [运行时间：0.022001s][吞吐率：45.45req/s] [内存消耗：2,217.54kb] [文件加载：36]
[ info ] [ LANG ] H:\share\lol.git\trunk\thinkphp_5.0.20_with_ext\thinkphp\lang\zh-cn.php
[ info ] [ ROUTE ] array (
  'type' => 'method',
  'method' => 
  array (
    0 => '\\think\\captcha\\CaptchaController',
    1 => 'index',
  ),
  'var' => 
  array (
  ),
)
[ info ] [ HEADER ] array (
  'host' => 'tp5.com',
  'connection' => 'keep-alive',
  'user-agent' => 'Mozilla/5.0 (Windows NT 6.1; Win64; x64) AppleWebKit/537.36 (KHTML, like Gecko) Chrome/67.0.3396.99 Safari/537.36',
  'accept' => 'image/webp,image/apng,image/*,*/*;q=0.8',
  'referer' => 'http://tp5.com/index.php/lol/login_in/index.html',
  'accept-encoding' => 'gzip, deflate',
  'accept-language' => 'zh-CN,zh;q=0.9',
  'cookie' => 'PHPSESSID=ngpdnc1j9a363sdll5bl8eo1j0; thinkphp_show_page_trace=0|0',
)
[ info ] [ PARAM ] array (
  'id' => NULL,
)
[ info ] [ RUN ] think\captcha\CaptchaController->index[ H:\share\lol.git\trunk\thinkphp_5.0.20_with_ext\vendor\topthink\think-captcha\src\CaptchaController.php ]
[ info ] [ SESSION ] INIT array (
  'id' => '',
  'var_session_id' => '',
  'prefix' => 'think',
  'type' => '',
  'auto_start' => true,
)
[ info ] [ LOG ] INIT File
---------------------------------------------------------------
[ 2018-07-11T21:48:56+08:00 ] 127.0.0.1 POST /index.php/lol/login_in/loginin.html
[ info ] tp5.com/index.php/lol/login_in/loginin.html [运行时间：0.372220s][吞吐率：2.69req/s] [内存消耗：4,661.98kb] [文件加载：62]
[ info ] [ LANG ] H:\share\lol.git\trunk\thinkphp_5.0.20_with_ext\thinkphp\lang\zh-cn.php
[ info ] [ ROUTE ] array (
  'type' => 'module',
  'module' => 
  array (
    0 => 'lol',
    1 => 'login_in',
    2 => 'loginin',
  ),
)
[ info ] [ HEADER ] array (
  'host' => 'tp5.com',
  'connection' => 'keep-alive',
  'content-length' => '108',
  'cache-control' => 'max-age=0',
  'origin' => 'http://tp5.com',
  'upgrade-insecure-requests' => '1',
  'content-type' => 'application/x-www-form-urlencoded',
  'user-agent' => 'Mozilla/5.0 (Windows NT 6.1; Win64; x64) AppleWebKit/537.36 (KHTML, like Gecko) Chrome/67.0.3396.99 Safari/537.36',
  'accept' => 'text/html,application/xhtml+xml,application/xml;q=0.9,image/webp,image/apng,*/*;q=0.8',
  'referer' => 'http://tp5.com/index.php/lol/login_in/index.html',
  'accept-encoding' => 'gzip, deflate',
  'accept-language' => 'zh-CN,zh;q=0.9',
  'cookie' => 'thinkphp_show_page_trace=0|0; PHPSESSID=ngpdnc1j9a363sdll5bl8eo1j0; thinkphp_show_page_trace=0|0',
)
[ info ] [ PARAM ] array (
  'username' => 'lelezhangzhao',
  'password' => 'zhangzhao',
  'tel' => '13113310202',
  'identify' => '4jrr',
  'rank_pre' => '',
  'loginin' => '注册',
)
[ info ] [ RUN ] app\lol\controller\LoginIn->loginin[ H:\share\lol.git\trunk\thinkphp_5.0.20_with_ext\application\lol\controller\LoginIn.php ]
[ info ] [ SESSION ] INIT array (
  'id' => '',
  'var_session_id' => '',
  'prefix' => 'think',
  'type' => '',
  'auto_start' => true,
)
[ info ] [ DB ] INIT mysql
[ info ] [ LOG ] INIT File
[ sql ] [ DB ] CONNECT:[ UseTime:0.007000s ] mysql:host=127.0.0.1;dbname=lol;charset=utf8
[ sql ] [ SQL ] SHOW COLUMNS FROM `lol_user` [ RunTime:0.030002s ]
[ sql ] [ SQL ] SELECT * FROM `lol_user` WHERE  `username` = 'lelezhangzhao' LIMIT 1 [ RunTime:0.010000s ]
[ sql ] [ SQL ] SELECT * FROM `lol_user` WHERE  `tel` = '13113310202' LIMIT 1 [ RunTime:0.000000s ]
[ sql ] [ SQL ] SELECT * FROM `lol_user` WHERE  `username` = 'lelezhangzhao' LIMIT 1 [ RunTime:0.000000s ]
[ sql ] [ SQL ] INSERT INTO `lol_user` (`username` , `password` , `tel` , `rank_pre` , `create_time` , `update_time` , `status`) VALUES ('lelezhangzhao' , 'zhangzhao' , '13113310202' , '' , '2018-07-05 17:00:00' , '2018-07-05 17:00:00' , 1) [ RunTime:0.075004s ]
[ sql ] [ SQL ] SHOW COLUMNS FROM `lol_account` [ RunTime:0.036002s ]
[ sql ] [ SQL ] INSERT INTO `lol_account` (`user_id` , `ydc`) VALUES (1 , 0) [ RunTime:0.085005s ]
[ sql ] [ SQL ] SHOW COLUMNS FROM `lol_account_info` [ RunTime:0.039002s ]
[ error ] [10501]SQLSTATE[HY000]: General error: 1364 Field 'name' doesn't have a default value[H:\share\lol.git\trunk\thinkphp_5.0.20_with_ext\thinkphp\library\think\db\Connection.php:463]
---------------------------------------------------------------
[ 2018-07-11T21:49:59+08:00 ] 127.0.0.1 POST /index.php/lol/login_in/loginin.html
[ info ] tp5.com/index.php/lol/login_in/loginin.html [运行时间：0.054003s][吞吐率：18.52req/s] [内存消耗：2,765.80kb] [文件加载：49]
[ info ] [ LANG ] H:\share\lol.git\trunk\thinkphp_5.0.20_with_ext\thinkphp\lang\zh-cn.php
[ info ] [ ROUTE ] array (
  'type' => 'module',
  'module' => 
  array (
    0 => 'lol',
    1 => 'login_in',
    2 => 'loginin',
  ),
)
[ info ] [ HEADER ] array (
  'host' => 'tp5.com',
  'connection' => 'keep-alive',
  'content-length' => '108',
  'cache-control' => 'max-age=0',
  'upgrade-insecure-requests' => '1',
  'user-agent' => 'Mozilla/5.0 (Windows NT 6.1; Win64; x64) AppleWebKit/537.36 (KHTML, like Gecko) Chrome/67.0.3396.99 Safari/537.36',
  'origin' => 'http://tp5.com',
  'content-type' => 'application/x-www-form-urlencoded',
  'accept' => 'text/html,application/xhtml+xml,application/xml;q=0.9,image/webp,image/apng,*/*;q=0.8',
  'referer' => 'http://tp5.com/index.php/lol/login_in/index.html',
  'accept-encoding' => 'gzip, deflate',
  'accept-language' => 'zh-CN,zh;q=0.9',
  'cookie' => 'thinkphp_show_page_trace=0|0; PHPSESSID=ngpdnc1j9a363sdll5bl8eo1j0; thinkphp_show_page_trace=0|0',
)
[ info ] [ PARAM ] array (
  'username' => 'lelezhangzhao',
  'password' => 'zhangzhao',
  'tel' => '13113310202',
  'identify' => '4jrr',
  'rank_pre' => '',
  'loginin' => '注册',
)
[ info ] [ RUN ] app\lol\controller\LoginIn->loginin[ H:\share\lol.git\trunk\thinkphp_5.0.20_with_ext\application\lol\controller\LoginIn.php ]
[ info ] [ SESSION ] INIT array (
  'id' => '',
  'var_session_id' => '',
  'prefix' => 'think',
  'type' => '',
  'auto_start' => true,
)
[ info ] [ VIEW ] H:\share\lol.git\trunk\thinkphp_5.0.20_with_ext\thinkphp\tpl\dispatch_jump.tpl [ array (
  0 => 'code',
  1 => 'msg',
  2 => 'data',
  3 => 'url',
  4 => 'wait',
) ]
[ info ] [ LOG ] INIT File
---------------------------------------------------------------
[ 2018-07-11T21:50:00+08:00 ] 127.0.0.1 GET /index.php/captcha.html
[ info ] tp5.com/index.php/captcha.html [运行时间：0.030002s][吞吐率：33.33req/s] [内存消耗：2,217.55kb] [文件加载：36]
[ info ] [ LANG ] H:\share\lol.git\trunk\thinkphp_5.0.20_with_ext\thinkphp\lang\zh-cn.php
[ info ] [ ROUTE ] array (
  'type' => 'method',
  'method' => 
  array (
    0 => '\\think\\captcha\\CaptchaController',
    1 => 'index',
  ),
  'var' => 
  array (
  ),
)
[ info ] [ HEADER ] array (
  'host' => 'tp5.com',
  'connection' => 'keep-alive',
  'user-agent' => 'Mozilla/5.0 (Windows NT 6.1; Win64; x64) AppleWebKit/537.36 (KHTML, like Gecko) Chrome/67.0.3396.99 Safari/537.36',
  'accept' => 'image/webp,image/apng,image/*,*/*;q=0.8',
  'referer' => 'http://tp5.com/index.php/lol/login_in/index.html',
  'accept-encoding' => 'gzip, deflate',
  'accept-language' => 'zh-CN,zh;q=0.9',
  'cookie' => 'PHPSESSID=ngpdnc1j9a363sdll5bl8eo1j0; thinkphp_show_page_trace=0|0',
)
[ info ] [ PARAM ] array (
  'id' => NULL,
)
[ info ] [ RUN ] think\captcha\CaptchaController->index[ H:\share\lol.git\trunk\thinkphp_5.0.20_with_ext\vendor\topthink\think-captcha\src\CaptchaController.php ]
[ info ] [ SESSION ] INIT array (
  'id' => '',
  'var_session_id' => '',
  'prefix' => 'think',
  'type' => '',
  'auto_start' => true,
)
[ info ] [ LOG ] INIT File
---------------------------------------------------------------
[ 2018-07-11T21:50:04+08:00 ] 127.0.0.1 POST /index.php/lol/login_in/loginin.html
[ info ] tp5.com/index.php/lol/login_in/loginin.html [运行时间：0.044003s][吞吐率：22.73req/s] [内存消耗：2,766.46kb] [文件加载：49]
[ info ] [ LANG ] H:\share\lol.git\trunk\thinkphp_5.0.20_with_ext\thinkphp\lang\zh-cn.php
[ info ] [ ROUTE ] array (
  'type' => 'module',
  'module' => 
  array (
    0 => 'lol',
    1 => 'login_in',
    2 => 'loginin',
  ),
)
[ info ] [ HEADER ] array (
  'host' => 'tp5.com',
  'connection' => 'keep-alive',
  'content-length' => '108',
  'cache-control' => 'max-age=0',
  'origin' => 'http://tp5.com',
  'upgrade-insecure-requests' => '1',
  'content-type' => 'application/x-www-form-urlencoded',
  'user-agent' => 'Mozilla/5.0 (Windows NT 6.1; Win64; x64) AppleWebKit/537.36 (KHTML, like Gecko) Chrome/67.0.3396.99 Safari/537.36',
  'accept' => 'text/html,application/xhtml+xml,application/xml;q=0.9,image/webp,image/apng,*/*;q=0.8',
  'referer' => 'http://tp5.com/index.php/lol/login_in/index.html',
  'accept-encoding' => 'gzip, deflate',
  'accept-language' => 'zh-CN,zh;q=0.9',
  'cookie' => 'thinkphp_show_page_trace=0|0; PHPSESSID=ngpdnc1j9a363sdll5bl8eo1j0; thinkphp_show_page_trace=0|0',
)
[ info ] [ PARAM ] array (
  'username' => 'lelezhangzhao',
  'password' => 'zhangzhao',
  'tel' => '13113310202',
  'identify' => 'twuc',
  'rank_pre' => '',
  'loginin' => '注册',
)
[ info ] [ RUN ] app\lol\controller\LoginIn->loginin[ H:\share\lol.git\trunk\thinkphp_5.0.20_with_ext\application\lol\controller\LoginIn.php ]
[ info ] [ SESSION ] INIT array (
  'id' => '',
  'var_session_id' => '',
  'prefix' => 'think',
  'type' => '',
  'auto_start' => true,
)
[ info ] [ VIEW ] H:\share\lol.git\trunk\thinkphp_5.0.20_with_ext\thinkphp\tpl\dispatch_jump.tpl [ array (
  0 => 'code',
  1 => 'msg',
  2 => 'data',
  3 => 'url',
  4 => 'wait',
) ]
[ info ] [ LOG ] INIT File
---------------------------------------------------------------
[ 2018-07-11T21:50:06+08:00 ] 127.0.0.1 GET /index.php/captcha.html
[ info ] tp5.com/index.php/captcha.html [运行时间：0.023001s][吞吐率：43.48req/s] [内存消耗：2,217.55kb] [文件加载：36]
[ info ] [ LANG ] H:\share\lol.git\trunk\thinkphp_5.0.20_with_ext\thinkphp\lang\zh-cn.php
[ info ] [ ROUTE ] array (
  'type' => 'method',
  'method' => 
  array (
    0 => '\\think\\captcha\\CaptchaController',
    1 => 'index',
  ),
  'var' => 
  array (
  ),
)
[ info ] [ HEADER ] array (
  'host' => 'tp5.com',
  'connection' => 'keep-alive',
  'user-agent' => 'Mozilla/5.0 (Windows NT 6.1; Win64; x64) AppleWebKit/537.36 (KHTML, like Gecko) Chrome/67.0.3396.99 Safari/537.36',
  'accept' => 'image/webp,image/apng,image/*,*/*;q=0.8',
  'referer' => 'http://tp5.com/index.php/lol/login_in/index.html',
  'accept-encoding' => 'gzip, deflate',
  'accept-language' => 'zh-CN,zh;q=0.9',
  'cookie' => 'PHPSESSID=ngpdnc1j9a363sdll5bl8eo1j0; thinkphp_show_page_trace=0|0',
)
[ info ] [ PARAM ] array (
  'id' => NULL,
)
[ info ] [ RUN ] think\captcha\CaptchaController->index[ H:\share\lol.git\trunk\thinkphp_5.0.20_with_ext\vendor\topthink\think-captcha\src\CaptchaController.php ]
[ info ] [ SESSION ] INIT array (
  'id' => '',
  'var_session_id' => '',
  'prefix' => 'think',
  'type' => '',
  'auto_start' => true,
)
[ info ] [ LOG ] INIT File
---------------------------------------------------------------
[ 2018-07-11T21:50:09+08:00 ] 127.0.0.1 POST /index.php/lol/login_in/loginin.html
[ info ] tp5.com/index.php/lol/login_in/loginin.html [运行时间：0.096605s][吞吐率：10.35req/s] [内存消耗：4,427.29kb] [文件加载：56]
[ info ] [ LANG ] H:\share\lol.git\trunk\thinkphp_5.0.20_with_ext\thinkphp\lang\zh-cn.php
[ info ] [ ROUTE ] array (
  'type' => 'module',
  'module' => 
  array (
    0 => 'lol',
    1 => 'login_in',
    2 => 'loginin',
  ),
)
[ info ] [ HEADER ] array (
  'host' => 'tp5.com',
  'connection' => 'keep-alive',
  'content-length' => '108',
  'cache-control' => 'max-age=0',
  'origin' => 'http://tp5.com',
  'upgrade-insecure-requests' => '1',
  'content-type' => 'application/x-www-form-urlencoded',
  'user-agent' => 'Mozilla/5.0 (Windows NT 6.1; Win64; x64) AppleWebKit/537.36 (KHTML, like Gecko) Chrome/67.0.3396.99 Safari/537.36',
  'accept' => 'text/html,application/xhtml+xml,application/xml;q=0.9,image/webp,image/apng,*/*;q=0.8',
  'referer' => 'http://tp5.com/index.php/lol/login_in/index.html',
  'accept-encoding' => 'gzip, deflate',
  'accept-language' => 'zh-CN,zh;q=0.9',
  'cookie' => 'thinkphp_show_page_trace=0|0; PHPSESSID=ngpdnc1j9a363sdll5bl8eo1j0; thinkphp_show_page_trace=0|0',
)
[ info ] [ PARAM ] array (
  'username' => 'lelezhangzhao',
  'password' => 'zhangzhao',
  'tel' => '13113310202',
  'identify' => '4bht',
  'rank_pre' => '',
  'loginin' => '注册',
)
[ info ] [ RUN ] app\lol\controller\LoginIn->loginin[ H:\share\lol.git\trunk\thinkphp_5.0.20_with_ext\application\lol\controller\LoginIn.php ]
[ info ] [ SESSION ] INIT array (
  'id' => '',
  'var_session_id' => '',
  'prefix' => 'think',
  'type' => '',
  'auto_start' => true,
)
[ info ] [ DB ] INIT mysql
[ info ] [ VIEW ] H:\share\lol.git\trunk\thinkphp_5.0.20_with_ext\thinkphp\tpl\dispatch_jump.tpl [ array (
  0 => 'code',
  1 => 'msg',
  2 => 'data',
  3 => 'url',
  4 => 'wait',
) ]
[ info ] [ LOG ] INIT File
[ sql ] [ DB ] CONNECT:[ UseTime:0.011000s ] mysql:host=127.0.0.1;dbname=lol;charset=utf8
[ sql ] [ SQL ] SHOW COLUMNS FROM `lol_user` [ RunTime:0.015000s ]
[ sql ] [ SQL ] SELECT * FROM `lol_user` WHERE  `username` = 'lelezhangzhao' LIMIT 1 [ RunTime:0.001000s ]
---------------------------------------------------------------
[ 2018-07-11T21:50:38+08:00 ] 127.0.0.1 GET /index.php/captcha?id=0.13956684064723257
[ info ] tp5.com/index.php/captcha?id=0.13956684064723257 [运行时间：0.036601s][吞吐率：27.32req/s] [内存消耗：2,217.98kb] [文件加载：36]
[ info ] [ LANG ] H:\share\lol.git\trunk\thinkphp_5.0.20_with_ext\thinkphp\lang\zh-cn.php
[ info ] [ ROUTE ] array (
  'type' => 'method',
  'method' => 
  array (
    0 => '\\think\\captcha\\CaptchaController',
    1 => 'index',
  ),
  'var' => 
  array (
  ),
)
[ info ] [ HEADER ] array (
  'host' => 'tp5.com',
  'connection' => 'keep-alive',
  'user-agent' => 'Mozilla/5.0 (Windows NT 6.1; Win64; x64) AppleWebKit/537.36 (KHTML, like Gecko) Chrome/67.0.3396.99 Safari/537.36',
  'accept' => 'image/webp,image/apng,image/*,*/*;q=0.8',
  'referer' => 'http://tp5.com/index.php/lol/login_in/index.html',
  'accept-encoding' => 'gzip, deflate',
  'accept-language' => 'zh-CN,zh;q=0.9',
  'cookie' => 'PHPSESSID=ngpdnc1j9a363sdll5bl8eo1j0; thinkphp_show_page_trace=0|0',
)
[ info ] [ PARAM ] array (
  'id' => NULL,
)
[ info ] [ RUN ] think\captcha\CaptchaController->index[ H:\share\lol.git\trunk\thinkphp_5.0.20_with_ext\vendor\topthink\think-captcha\src\CaptchaController.php ]
[ info ] [ SESSION ] INIT array (
  'id' => '',
  'var_session_id' => '',
  'prefix' => 'think',
  'type' => '',
  'auto_start' => true,
)
[ info ] [ LOG ] INIT File
---------------------------------------------------------------
[ 2018-07-11T21:50:39+08:00 ] 127.0.0.1 GET /index.php/captcha?id=0.17905104022341534
[ info ] tp5.com/index.php/captcha?id=0.17905104022341534 [运行时间：0.070603s][吞吐率：14.16req/s] [内存消耗：2,218.01kb] [文件加载：36]
[ info ] [ LANG ] H:\share\lol.git\trunk\thinkphp_5.0.20_with_ext\thinkphp\lang\zh-cn.php
[ info ] [ ROUTE ] array (
  'type' => 'method',
  'method' => 
  array (
    0 => '\\think\\captcha\\CaptchaController',
    1 => 'index',
  ),
  'var' => 
  array (
  ),
)
[ info ] [ HEADER ] array (
  'host' => 'tp5.com',
  'connection' => 'keep-alive',
  'user-agent' => 'Mozilla/5.0 (Windows NT 6.1; Win64; x64) AppleWebKit/537.36 (KHTML, like Gecko) Chrome/67.0.3396.99 Safari/537.36',
  'accept' => 'image/webp,image/apng,image/*,*/*;q=0.8',
  'referer' => 'http://tp5.com/index.php/lol/login_in/index.html',
  'accept-encoding' => 'gzip, deflate',
  'accept-language' => 'zh-CN,zh;q=0.9',
  'cookie' => 'PHPSESSID=ngpdnc1j9a363sdll5bl8eo1j0; thinkphp_show_page_trace=0|0',
)
[ info ] [ PARAM ] array (
  'id' => NULL,
)
[ info ] [ RUN ] think\captcha\CaptchaController->index[ H:\share\lol.git\trunk\thinkphp_5.0.20_with_ext\vendor\topthink\think-captcha\src\CaptchaController.php ]
[ info ] [ SESSION ] INIT array (
  'id' => '',
  'var_session_id' => '',
  'prefix' => 'think',
  'type' => '',
  'auto_start' => true,
)
[ info ] [ LOG ] INIT File
---------------------------------------------------------------
[ 2018-07-11T21:50:40+08:00 ] 127.0.0.1 GET /index.php/captcha?id=0.4152558306319829
[ info ] tp5.com/index.php/captcha?id=0.4152558306319829 [运行时间：0.046602s][吞吐率：21.46req/s] [内存消耗：2,217.97kb] [文件加载：36]
[ info ] [ LANG ] H:\share\lol.git\trunk\thinkphp_5.0.20_with_ext\thinkphp\lang\zh-cn.php
[ info ] [ ROUTE ] array (
  'type' => 'method',
  'method' => 
  array (
    0 => '\\think\\captcha\\CaptchaController',
    1 => 'index',
  ),
  'var' => 
  array (
  ),
)
[ info ] [ HEADER ] array (
  'host' => 'tp5.com',
  'connection' => 'keep-alive',
  'user-agent' => 'Mozilla/5.0 (Windows NT 6.1; Win64; x64) AppleWebKit/537.36 (KHTML, like Gecko) Chrome/67.0.3396.99 Safari/537.36',
  'accept' => 'image/webp,image/apng,image/*,*/*;q=0.8',
  'referer' => 'http://tp5.com/index.php/lol/login_in/index.html',
  'accept-encoding' => 'gzip, deflate',
  'accept-language' => 'zh-CN,zh;q=0.9',
  'cookie' => 'PHPSESSID=ngpdnc1j9a363sdll5bl8eo1j0; thinkphp_show_page_trace=0|0',
)
[ info ] [ PARAM ] array (
  'id' => NULL,
)
[ info ] [ RUN ] think\captcha\CaptchaController->index[ H:\share\lol.git\trunk\thinkphp_5.0.20_with_ext\vendor\topthink\think-captcha\src\CaptchaController.php ]
[ info ] [ SESSION ] INIT array (
  'id' => '',
  'var_session_id' => '',
  'prefix' => 'think',
  'type' => '',
  'auto_start' => true,
)
[ info ] [ LOG ] INIT File
---------------------------------------------------------------
[ 2018-07-11T21:50:45+08:00 ] 127.0.0.1 POST /index.php/lol/login_in/loginin.html
[ info ] tp5.com/index.php/lol/login_in/loginin.html [运行时间：0.465626s][吞吐率：2.15req/s] [内存消耗：4,695.63kb] [文件加载：60]
[ info ] [ LANG ] H:\share\lol.git\trunk\thinkphp_5.0.20_with_ext\thinkphp\lang\zh-cn.php
[ info ] [ ROUTE ] array (
  'type' => 'module',
  'module' => 
  array (
    0 => 'lol',
    1 => 'login_in',
    2 => 'loginin',
  ),
)
[ info ] [ HEADER ] array (
  'host' => 'tp5.com',
  'connection' => 'keep-alive',
  'content-length' => '108',
  'cache-control' => 'max-age=0',
  'origin' => 'http://tp5.com',
  'upgrade-insecure-requests' => '1',
  'content-type' => 'application/x-www-form-urlencoded',
  'user-agent' => 'Mozilla/5.0 (Windows NT 6.1; Win64; x64) AppleWebKit/537.36 (KHTML, like Gecko) Chrome/67.0.3396.99 Safari/537.36',
  'accept' => 'text/html,application/xhtml+xml,application/xml;q=0.9,image/webp,image/apng,*/*;q=0.8',
  'referer' => 'http://tp5.com/index.php/lol/login_in/index.html',
  'accept-encoding' => 'gzip, deflate',
  'accept-language' => 'zh-CN,zh;q=0.9',
  'cookie' => 'thinkphp_show_page_trace=0|0; PHPSESSID=ngpdnc1j9a363sdll5bl8eo1j0; thinkphp_show_page_trace=0|0',
)
[ info ] [ PARAM ] array (
  'username' => 'lelezhangzhao',
  'password' => 'zhangzhao',
  'tel' => '13113310202',
  'identify' => 'bdg2',
  'rank_pre' => '',
  'loginin' => '注册',
)
[ info ] [ RUN ] app\lol\controller\LoginIn->loginin[ H:\share\lol.git\trunk\thinkphp_5.0.20_with_ext\application\lol\controller\LoginIn.php ]
[ info ] [ SESSION ] INIT array (
  'id' => '',
  'var_session_id' => '',
  'prefix' => 'think',
  'type' => '',
  'auto_start' => true,
)
[ info ] [ DB ] INIT mysql
[ info ] [ VIEW ] H:\share\lol.git\trunk\thinkphp_5.0.20_with_ext\thinkphp\tpl\dispatch_jump.tpl [ array (
  0 => 'code',
  1 => 'msg',
  2 => 'data',
  3 => 'url',
  4 => 'wait',
) ]
[ info ] [ LOG ] INIT File
[ sql ] [ DB ] CONNECT:[ UseTime:0.011001s ] mysql:host=127.0.0.1;dbname=lol;charset=utf8
[ sql ] [ SQL ] SHOW COLUMNS FROM `lol_user` [ RunTime:0.015001s ]
[ sql ] [ SQL ] SELECT * FROM `lol_user` WHERE  `username` = 'lelezhangzhao' LIMIT 1 [ RunTime:0.000000s ]
[ sql ] [ SQL ] SELECT * FROM `lol_user` WHERE  `tel` = '13113310202' LIMIT 1 [ RunTime:0.001000s ]
[ sql ] [ SQL ] SELECT * FROM `lol_user` WHERE  `username` = 'lelezhangzhao' LIMIT 1 [ RunTime:0.000000s ]
[ sql ] [ SQL ] INSERT INTO `lol_user` (`username` , `password` , `tel` , `rank_pre` , `create_time` , `update_time` , `status`) VALUES ('lelezhangzhao' , 'zhangzhao' , '13113310202' , '' , '2018-07-05 17:00:00' , '2018-07-05 17:00:00' , 1) [ RunTime:0.089005s ]
[ sql ] [ SQL ] SHOW COLUMNS FROM `lol_account` [ RunTime:0.045003s ]
[ sql ] [ SQL ] INSERT INTO `lol_account` (`user_id` , `ydc`) VALUES (1 , 0) [ RunTime:0.067003s ]
[ sql ] [ SQL ] SHOW COLUMNS FROM `lol_account_info` [ RunTime:0.050002s ]
[ sql ] [ SQL ] INSERT INTO `lol_account_info` (`user_id` , `status`) VALUES (1 , 1) [ RunTime:0.064004s ]
---------------------------------------------------------------
[ 2018-07-11T21:50:46+08:00 ] 127.0.0.1 GET /index.php/lol/login_up/index.html
[ info ] tp5.com/index.php/lol/login_up/index.html [运行时间：0.075603s][吞吐率：13.23req/s] [内存消耗：2,758.43kb] [文件加载：48]
[ info ] [ LANG ] H:\share\lol.git\trunk\thinkphp_5.0.20_with_ext\thinkphp\lang\zh-cn.php
[ info ] [ ROUTE ] array (
  'type' => 'module',
  'module' => 
  array (
    0 => 'lol',
    1 => 'login_up',
    2 => 'index',
  ),
)
[ info ] [ HEADER ] array (
  'host' => 'tp5.com',
  'connection' => 'keep-alive',
  'upgrade-insecure-requests' => '1',
  'user-agent' => 'Mozilla/5.0 (Windows NT 6.1; Win64; x64) AppleWebKit/537.36 (KHTML, like Gecko) Chrome/67.0.3396.99 Safari/537.36',
  'accept' => 'text/html,application/xhtml+xml,application/xml;q=0.9,image/webp,image/apng,*/*;q=0.8',
  'referer' => 'http://tp5.com/index.php/lol/login_in/loginin.html',
  'accept-encoding' => 'gzip, deflate',
  'accept-language' => 'zh-CN,zh;q=0.9',
  'cookie' => 'thinkphp_show_page_trace=0|0; PHPSESSID=ngpdnc1j9a363sdll5bl8eo1j0; thinkphp_show_page_trace=0|0',
)
[ info ] [ PARAM ] array (
)
[ info ] [ RUN ] app\lol\controller\LoginUp->Index[ H:\share\lol.git\trunk\thinkphp_5.0.20_with_ext\application\lol\controller\LoginUp.php ]
[ info ] [ VIEW ] H:\share\lol.git\trunk\thinkphp_5.0.20_with_ext\public/../application/lol\view\login_up\index.html [ array (
) ]
[ info ] [ LOG ] INIT File
---------------------------------------------------------------
[ 2018-07-11T21:50:46+08:00 ] 127.0.0.1 GET /index.php/captcha.html
[ info ] tp5.com/index.php/captcha.html [运行时间：0.024001s][吞吐率：41.66req/s] [内存消耗：2,217.55kb] [文件加载：36]
[ info ] [ LANG ] H:\share\lol.git\trunk\thinkphp_5.0.20_with_ext\thinkphp\lang\zh-cn.php
[ info ] [ ROUTE ] array (
  'type' => 'method',
  'method' => 
  array (
    0 => '\\think\\captcha\\CaptchaController',
    1 => 'index',
  ),
  'var' => 
  array (
  ),
)
[ info ] [ HEADER ] array (
  'host' => 'tp5.com',
  'connection' => 'keep-alive',
  'user-agent' => 'Mozilla/5.0 (Windows NT 6.1; Win64; x64) AppleWebKit/537.36 (KHTML, like Gecko) Chrome/67.0.3396.99 Safari/537.36',
  'accept' => 'image/webp,image/apng,image/*,*/*;q=0.8',
  'referer' => 'http://tp5.com/index.php/lol/login_up/index.html',
  'accept-encoding' => 'gzip, deflate',
  'accept-language' => 'zh-CN,zh;q=0.9',
  'cookie' => 'PHPSESSID=ngpdnc1j9a363sdll5bl8eo1j0; thinkphp_show_page_trace=0|0',
)
[ info ] [ PARAM ] array (
  'id' => NULL,
)
[ info ] [ RUN ] think\captcha\CaptchaController->index[ H:\share\lol.git\trunk\thinkphp_5.0.20_with_ext\vendor\topthink\think-captcha\src\CaptchaController.php ]
[ info ] [ SESSION ] INIT array (
  'id' => '',
  'var_session_id' => '',
  'prefix' => 'think',
  'type' => '',
  'auto_start' => true,
)
[ info ] [ LOG ] INIT File
---------------------------------------------------------------
[ 2018-07-11T21:50:53+08:00 ] 127.0.0.1 POST /index.php/lol/login_up/loginup.html
[ info ] tp5.com/index.php/lol/login_up/loginup.html [运行时间：0.084005s][吞吐率：11.90req/s] [内存消耗：4,519.93kb] [文件加载：57]
[ info ] [ LANG ] H:\share\lol.git\trunk\thinkphp_5.0.20_with_ext\thinkphp\lang\zh-cn.php
[ info ] [ ROUTE ] array (
  'type' => 'module',
  'module' => 
  array (
    0 => 'lol',
    1 => 'login_up',
    2 => 'loginup',
  ),
)
[ info ] [ HEADER ] array (
  'host' => 'tp5.com',
  'connection' => 'keep-alive',
  'content-length' => '82',
  'cache-control' => 'max-age=0',
  'origin' => 'http://tp5.com',
  'upgrade-insecure-requests' => '1',
  'content-type' => 'application/x-www-form-urlencoded',
  'user-agent' => 'Mozilla/5.0 (Windows NT 6.1; Win64; x64) AppleWebKit/537.36 (KHTML, like Gecko) Chrome/67.0.3396.99 Safari/537.36',
  'accept' => 'text/html,application/xhtml+xml,application/xml;q=0.9,image/webp,image/apng,*/*;q=0.8',
  'referer' => 'http://tp5.com/index.php/lol/login_up/index.html',
  'accept-encoding' => 'gzip, deflate',
  'accept-language' => 'zh-CN,zh;q=0.9',
  'cookie' => 'thinkphp_show_page_trace=0|0; PHPSESSID=ngpdnc1j9a363sdll5bl8eo1j0; thinkphp_show_page_trace=0|0',
)
[ info ] [ PARAM ] array (
  'username' => 'lelezhangzhao',
  'password' => 'zhangzhao',
  'identify' => '7beh',
  'loginup' => '登录',
)
[ info ] [ RUN ] app\lol\controller\LoginUp->LoginUp[ H:\share\lol.git\trunk\thinkphp_5.0.20_with_ext\application\lol\controller\LoginUp.php ]
[ info ] [ SESSION ] INIT array (
  'id' => '',
  'var_session_id' => '',
  'prefix' => 'think',
  'type' => '',
  'auto_start' => true,
)
[ info ] [ DB ] INIT mysql
[ info ] [ VIEW ] H:\share\lol.git\trunk\thinkphp_5.0.20_with_ext\thinkphp\tpl\dispatch_jump.tpl [ array (
  0 => 'code',
  1 => 'msg',
  2 => 'data',
  3 => 'url',
  4 => 'wait',
) ]
[ info ] [ LOG ] INIT File
[ sql ] [ DB ] CONNECT:[ UseTime:0.010001s ] mysql:host=127.0.0.1;dbname=lol;charset=utf8
[ sql ] [ SQL ] SHOW COLUMNS FROM `lol_user` [ RunTime:0.017001s ]
[ sql ] [ SQL ] SELECT * FROM `lol_user` WHERE  `username` = 'lelezhangzhao'  AND `password` = 'zhangzhao' LIMIT 1 [ RunTime:0.000000s ]
---------------------------------------------------------------
[ 2018-07-11T21:50:54+08:00 ] 127.0.0.1 GET /index.php/lol/index/index.html
[ info ] tp5.com/index.php/lol/index/index.html [运行时间：0.121007s][吞吐率：8.26req/s] [内存消耗：4,635.48kb] [文件加载：57]
[ info ] [ LANG ] H:\share\lol.git\trunk\thinkphp_5.0.20_with_ext\thinkphp\lang\zh-cn.php
[ info ] [ ROUTE ] array (
  'type' => 'module',
  'module' => 
  array (
    0 => 'lol',
    1 => 'index',
    2 => 'index',
  ),
)
[ info ] [ HEADER ] array (
  'host' => 'tp5.com',
  'connection' => 'keep-alive',
  'upgrade-insecure-requests' => '1',
  'user-agent' => 'Mozilla/5.0 (Windows NT 6.1; Win64; x64) AppleWebKit/537.36 (KHTML, like Gecko) Chrome/67.0.3396.99 Safari/537.36',
  'accept' => 'text/html,application/xhtml+xml,application/xml;q=0.9,image/webp,image/apng,*/*;q=0.8',
  'referer' => 'http://tp5.com/index.php/lol/login_up/loginup.html',
  'accept-encoding' => 'gzip, deflate',
  'accept-language' => 'zh-CN,zh;q=0.9',
  'cookie' => 'PHPSESSID=ngpdnc1j9a363sdll5bl8eo1j0; thinkphp_show_page_trace=0|0',
)
[ info ] [ PARAM ] array (
)
[ info ] [ RUN ] app\lol\controller\Index->Index[ H:\share\lol.git\trunk\thinkphp_5.0.20_with_ext\application\lol\controller\Index.php ]
[ info ] [ SESSION ] INIT array (
  'id' => '',
  'var_session_id' => '',
  'prefix' => 'think',
  'type' => '',
  'auto_start' => true,
)
[ info ] [ DB ] INIT mysql
[ info ] [ VIEW ] H:\share\lol.git\trunk\thinkphp_5.0.20_with_ext\public/../application/lol\view\index\index.html [ array (
  0 => 'list',
  1 => 'count',
) ]
[ info ] [ LOG ] INIT File
[ sql ] [ DB ] CONNECT:[ UseTime:0.010000s ] mysql:host=127.0.0.1;dbname=lol;charset=utf8
[ sql ] [ SQL ] SHOW COLUMNS FROM `lol_match` [ RunTime:0.033002s ]
[ sql ] [ SQL ] SELECT * FROM `lol_match` [ RunTime:0.000000s ]
