---------------------------------------------------------------
[ 2018-07-17T09:45:11+08:00 ] 127.0.0.1 GET /index.php
[ info ] tp5.com/index.php [è¿è¡Œæ—¶é—´ï¼š0.061004s][åžåçŽ‡ï¼š16.39req/s] [å†…å­˜æ¶ˆè€—ï¼š2,667.12kb] [æ–‡ä»¶åŠ è½½ï¼š48]
[ info ] [ LANG ] E:\share\lol.git\trunk\thinkphp_5.0.20_with_ext\thinkphp\lang\zh-cn.php
[ info ] [ ROUTE ] array (
  'type' => 'module',
  'module' => 
  array (
    0 => '',
    1 => NULL,
    2 => NULL,
  ),
)
[ info ] [ HEADER ] array (
  'host' => 'tp5.com',
  'connection' => 'keep-alive',
  'upgrade-insecure-requests' => '1',
  'user-agent' => 'Mozilla/5.0 (Windows NT 6.1; WOW64) AppleWebKit/537.36 (KHTML, like Gecko) Chrome/67.0.3396.99 Safari/537.36',
  'accept' => 'text/html,application/xhtml+xml,application/xml;q=0.9,image/webp,image/apng,*/*;q=0.8',
  'referer' => 'http://tp5.com/',
  'accept-encoding' => 'gzip, deflate',
  'accept-language' => 'zh-CN,zh;q=0.9',
)
[ info ] [ PARAM ] array (
)
[ info ] [ RUN ] app\lol\controller\Index->Index[ E:\share\lol.git\trunk\thinkphp_5.0.20_with_ext\application\lol\controller\Index.php ]
[ info ] [ SESSION ] INIT array (
  'id' => '',
  'var_session_id' => '',
  'prefix' => 'think',
  'type' => '',
  'auto_start' => true,
)
[ info ] [ VIEW ] E:\share\lol.git\trunk\thinkphp_5.0.20_with_ext\thinkphp\tpl\dispatch_jump.tpl [ array (
  0 => 'code',
  1 => 'msg',
  2 => 'data',
  3 => 'url',
  4 => 'wait',
) ]
[ info ] [ LOG ] INIT File
---------------------------------------------------------------
[ 2018-07-17T09:45:12+08:00 ] 127.0.0.1 GET /index.php/lol/login_up/index
[ info ] tp5.com/index.php/lol/login_up/index [è¿è¡Œæ—¶é—´ï¼š0.069004s][åžåçŽ‡ï¼š14.49req/s] [å†…å­˜æ¶ˆè€—ï¼š2,974.52kb] [æ–‡ä»¶åŠ è½½ï¼š50]
[ info ] [ LANG ] E:\share\lol.git\trunk\thinkphp_5.0.20_with_ext\thinkphp\lang\zh-cn.php
[ info ] [ ROUTE ] array (
  'type' => 'module',
  'module' => 
  array (
    0 => 'lol',
    1 => 'login_up',
    2 => 'index',
  ),
)
[ info ] [ HEADER ] array (
  'host' => 'tp5.com',
  'connection' => 'keep-alive',
  'upgrade-insecure-requests' => '1',
  'user-agent' => 'Mozilla/5.0 (Windows NT 6.1; WOW64) AppleWebKit/537.36 (KHTML, like Gecko) Chrome/67.0.3396.99 Safari/537.36',
  'accept' => 'text/html,application/xhtml+xml,application/xml;q=0.9,image/webp,image/apng,*/*;q=0.8',
  'referer' => 'http://tp5.com/index.php',
  'accept-encoding' => 'gzip, deflate',
  'accept-language' => 'zh-CN,zh;q=0.9',
  'cookie' => 'PHPSESSID=pgc8gnhapmb4093vb96vv9km66; thinkphp_show_page_trace=0|0',
)
[ info ] [ PARAM ] array (
)
[ info ] [ RUN ] app\lol\controller\LoginUp->Index[ E:\share\lol.git\trunk\thinkphp_5.0.20_with_ext\application\lol\controller\LoginUp.php ]
[ info ] [ VIEW ] E:\share\lol.git\trunk\thinkphp_5.0.20_with_ext\public/../application/lol\view\login_up\index.html [ array (
) ]
[ info ] [ LOG ] INIT File
---------------------------------------------------------------
[ 2018-07-17T09:45:12+08:00 ] 127.0.0.1 GET /index.php/captcha.html
[ info ] tp5.com/index.php/captcha.html [è¿è¡Œæ—¶é—´ï¼š0.066003s][åžåçŽ‡ï¼š15.15req/s] [å†…å­˜æ¶ˆè€—ï¼š2,217.72kb] [æ–‡ä»¶åŠ è½½ï¼š36]
[ info ] [ LANG ] E:\share\lol.git\trunk\thinkphp_5.0.20_with_ext\thinkphp\lang\zh-cn.php
[ info ] [ ROUTE ] array (
  'type' => 'method',
  'method' => 
  array (
    0 => '\\think\\captcha\\CaptchaController',
    1 => 'index',
  ),
  'var' => 
  array (
  ),
)
[ info ] [ HEADER ] array (
  'host' => 'tp5.com',
  'connection' => 'keep-alive',
  'user-agent' => 'Mozilla/5.0 (Windows NT 6.1; WOW64) AppleWebKit/537.36 (KHTML, like Gecko) Chrome/67.0.3396.99 Safari/537.36',
  'accept' => 'image/webp,image/apng,image/*,*/*;q=0.8',
  'referer' => 'http://tp5.com/index.php/lol/login_up/index',
  'accept-encoding' => 'gzip, deflate',
  'accept-language' => 'zh-CN,zh;q=0.9',
  'cookie' => 'PHPSESSID=pgc8gnhapmb4093vb96vv9km66; thinkphp_show_page_trace=0|0',
)
[ info ] [ PARAM ] array (
  'id' => NULL,
)
[ info ] [ RUN ] think\captcha\CaptchaController->index[ E:\share\lol.git\trunk\thinkphp_5.0.20_with_ext\vendor\topthink\think-captcha\src\CaptchaController.php ]
[ info ] [ SESSION ] INIT array (
  'id' => '',
  'var_session_id' => '',
  'prefix' => 'think',
  'type' => '',
  'auto_start' => true,
)
[ info ] [ LOG ] INIT File
---------------------------------------------------------------
[ 2018-07-17T09:45:21+08:00 ] 127.0.0.1 GET /index.php/captcha?id=0.7406892289891354
[ info ] tp5.com/index.php/captcha?id=0.7406892289891354 [è¿è¡Œæ—¶é—´ï¼š0.055004s][åžåçŽ‡ï¼š18.18req/s] [å†…å­˜æ¶ˆè€—ï¼š2,217.88kb] [æ–‡ä»¶åŠ è½½ï¼š36]
[ info ] [ LANG ] E:\share\lol.git\trunk\thinkphp_5.0.20_with_ext\thinkphp\lang\zh-cn.php
[ info ] [ ROUTE ] array (
  'type' => 'method',
  'method' => 
  array (
    0 => '\\think\\captcha\\CaptchaController',
    1 => 'index',
  ),
  'var' => 
  array (
  ),
)
[ info ] [ HEADER ] array (
  'host' => 'tp5.com',
  'connection' => 'keep-alive',
  'user-agent' => 'Mozilla/5.0 (Windows NT 6.1; WOW64) AppleWebKit/537.36 (KHTML, like Gecko) Chrome/67.0.3396.99 Safari/537.36',
  'accept' => 'image/webp,image/apng,image/*,*/*;q=0.8',
  'referer' => 'http://tp5.com/index.php/lol/login_up/index',
  'accept-encoding' => 'gzip, deflate',
  'accept-language' => 'zh-CN,zh;q=0.9',
  'cookie' => 'PHPSESSID=pgc8gnhapmb4093vb96vv9km66; thinkphp_show_page_trace=0|0',
)
[ info ] [ PARAM ] array (
  'id' => NULL,
)
[ info ] [ RUN ] think\captcha\CaptchaController->index[ E:\share\lol.git\trunk\thinkphp_5.0.20_with_ext\vendor\topthink\think-captcha\src\CaptchaController.php ]
[ info ] [ SESSION ] INIT array (
  'id' => '',
  'var_session_id' => '',
  'prefix' => 'think',
  'type' => '',
  'auto_start' => true,
)
[ info ] [ LOG ] INIT File
---------------------------------------------------------------
[ 2018-07-17T09:45:27+08:00 ] 127.0.0.1 POST /index.php/lol/login_up/loginup.html
[ info ] tp5.com/index.php/lol/login_up/loginup.html [è¿è¡Œæ—¶é—´ï¼š1.096062s][åžåçŽ‡ï¼š0.91req/s] [å†…å­˜æ¶ˆè€—ï¼š4,424.66kb] [æ–‡ä»¶åŠ è½½ï¼š56]
[ info ] [ LANG ] E:\share\lol.git\trunk\thinkphp_5.0.20_with_ext\thinkphp\lang\zh-cn.php
[ info ] [ ROUTE ] array (
  'type' => 'module',
  'module' => 
  array (
    0 => 'lol',
    1 => 'login_up',
    2 => 'loginup',
  ),
)
[ info ] [ HEADER ] array (
  'host' => 'tp5.com',
  'connection' => 'keep-alive',
  'content-length' => '82',
  'cache-control' => 'max-age=0',
  'origin' => 'http://tp5.com',
  'upgrade-insecure-requests' => '1',
  'content-type' => 'application/x-www-form-urlencoded',
  'user-agent' => 'Mozilla/5.0 (Windows NT 6.1; WOW64) AppleWebKit/537.36 (KHTML, like Gecko) Chrome/67.0.3396.99 Safari/537.36',
  'accept' => 'text/html,application/xhtml+xml,application/xml;q=0.9,image/webp,image/apng,*/*;q=0.8',
  'referer' => 'http://tp5.com/index.php/lol/login_up/index',
  'accept-encoding' => 'gzip, deflate',
  'accept-language' => 'zh-CN,zh;q=0.9',
  'cookie' => 'thinkphp_show_page_trace=0|0; PHPSESSID=pgc8gnhapmb4093vb96vv9km66; thinkphp_show_page_trace=0|0',
)
[ info ] [ PARAM ] array (
  'username' => 'lelezhangzhao',
  'password' => 'zhangzhao',
  'identify' => 'AMRI',
  'loginup' => 'ç™»å½•',
)
[ info ] [ RUN ] app\lol\controller\LoginUp->LoginUp[ E:\share\lol.git\trunk\thinkphp_5.0.20_with_ext\application\lol\controller\LoginUp.php ]
[ info ] [ SESSION ] INIT array (
  'id' => '',
  'var_session_id' => '',
  'prefix' => 'think',
  'type' => '',
  'auto_start' => true,
)
[ info ] [ DB ] INIT mysql
[ info ] [ LOG ] INIT File
[ error ] [2002]SQLSTATE[HY000] [2002] ÓÉÓÚÄ¿±ê¼ÆËã»ú»ý¼«¾Ü¾ø£¬ÎÞ·¨Á¬½Ó¡£
[E:\share\lol.git\trunk\thinkphp_5.0.20_with_ext\thinkphp\library\think\db\Connection.php:295]
---------------------------------------------------------------
[ 2018-07-17T09:46:31+08:00 ] 127.0.0.1 POST /index.php/lol/login_up/loginup.html
[ info ] tp5.com/index.php/lol/login_up/loginup.html [è¿è¡Œæ—¶é—´ï¼š0.048002s][åžåçŽ‡ï¼š20.83req/s] [å†…å­˜æ¶ˆè€—ï¼š2,759.25kb] [æ–‡ä»¶åŠ è½½ï¼š49]
[ info ] [ LANG ] E:\share\lol.git\trunk\thinkphp_5.0.20_with_ext\thinkphp\lang\zh-cn.php
[ info ] [ ROUTE ] array (
  'type' => 'module',
  'module' => 
  array (
    0 => 'lol',
    1 => 'login_up',
    2 => 'loginup',
  ),
)
[ info ] [ HEADER ] array (
  'host' => 'tp5.com',
  'connection' => 'keep-alive',
  'content-length' => '82',
  'cache-control' => 'max-age=0',
  'upgrade-insecure-requests' => '1',
  'user-agent' => 'Mozilla/5.0 (Windows NT 6.1; WOW64) AppleWebKit/537.36 (KHTML, like Gecko) Chrome/67.0.3396.99 Safari/537.36',
  'origin' => 'http://tp5.com',
  'content-type' => 'application/x-www-form-urlencoded',
  'accept' => 'text/html,application/xhtml+xml,application/xml;q=0.9,image/webp,image/apng,*/*;q=0.8',
  'referer' => 'http://tp5.com/index.php/lol/login_up/index',
  'accept-encoding' => 'gzip, deflate',
  'accept-language' => 'zh-CN,zh;q=0.9',
  'cookie' => 'thinkphp_show_page_trace=0|0; PHPSESSID=pgc8gnhapmb4093vb96vv9km66; thinkphp_show_page_trace=0|0',
)
[ info ] [ PARAM ] array (
  'username' => 'lelezhangzhao',
  'password' => 'zhangzhao',
  'identify' => 'AMRI',
  'loginup' => 'ç™»å½•',
)
[ info ] [ RUN ] app\lol\controller\LoginUp->LoginUp[ E:\share\lol.git\trunk\thinkphp_5.0.20_with_ext\application\lol\controller\LoginUp.php ]
[ info ] [ SESSION ] INIT array (
  'id' => '',
  'var_session_id' => '',
  'prefix' => 'think',
  'type' => '',
  'auto_start' => true,
)
[ info ] [ VIEW ] E:\share\lol.git\trunk\thinkphp_5.0.20_with_ext\thinkphp\tpl\dispatch_jump.tpl [ array (
  0 => 'code',
  1 => 'msg',
  2 => 'data',
  3 => 'url',
  4 => 'wait',
) ]
[ info ] [ LOG ] INIT File
---------------------------------------------------------------
[ 2018-07-17T09:46:33+08:00 ] 127.0.0.1 GET /index.php/captcha.html
[ info ] tp5.com/index.php/captcha.html [è¿è¡Œæ—¶é—´ï¼š0.036002s][åžåçŽ‡ï¼š27.78req/s] [å†…å­˜æ¶ˆè€—ï¼š2,217.74kb] [æ–‡ä»¶åŠ è½½ï¼š36]
[ info ] [ LANG ] E:\share\lol.git\trunk\thinkphp_5.0.20_with_ext\thinkphp\lang\zh-cn.php
[ info ] [ ROUTE ] array (
  'type' => 'method',
  'method' => 
  array (
    0 => '\\think\\captcha\\CaptchaController',
    1 => 'index',
  ),
  'var' => 
  array (
  ),
)
[ info ] [ HEADER ] array (
  'host' => 'tp5.com',
  'connection' => 'keep-alive',
  'user-agent' => 'Mozilla/5.0 (Windows NT 6.1; WOW64) AppleWebKit/537.36 (KHTML, like Gecko) Chrome/67.0.3396.99 Safari/537.36',
  'accept' => 'image/webp,image/apng,image/*,*/*;q=0.8',
  'referer' => 'http://tp5.com/index.php/lol/login_up/index',
  'accept-encoding' => 'gzip, deflate',
  'accept-language' => 'zh-CN,zh;q=0.9',
  'cookie' => 'PHPSESSID=pgc8gnhapmb4093vb96vv9km66; thinkphp_show_page_trace=0|0',
)
[ info ] [ PARAM ] array (
  'id' => NULL,
)
[ info ] [ RUN ] think\captcha\CaptchaController->index[ E:\share\lol.git\trunk\thinkphp_5.0.20_with_ext\vendor\topthink\think-captcha\src\CaptchaController.php ]
[ info ] [ SESSION ] INIT array (
  'id' => '',
  'var_session_id' => '',
  'prefix' => 'think',
  'type' => '',
  'auto_start' => true,
)
[ info ] [ LOG ] INIT File
---------------------------------------------------------------
[ 2018-07-17T09:46:35+08:00 ] 127.0.0.1 GET /index.php/captcha?id=0.7818851954979285
[ info ] tp5.com/index.php/captcha?id=0.7818851954979285 [è¿è¡Œæ—¶é—´ï¼š0.037002s][åžåçŽ‡ï¼š27.03req/s] [å†…å­˜æ¶ˆè€—ï¼š2,217.75kb] [æ–‡ä»¶åŠ è½½ï¼š36]
[ info ] [ LANG ] E:\share\lol.git\trunk\thinkphp_5.0.20_with_ext\thinkphp\lang\zh-cn.php
[ info ] [ ROUTE ] array (
  'type' => 'method',
  'method' => 
  array (
    0 => '\\think\\captcha\\CaptchaController',
    1 => 'index',
  ),
  'var' => 
  array (
  ),
)
[ info ] [ HEADER ] array (
  'host' => 'tp5.com',
  'connection' => 'keep-alive',
  'user-agent' => 'Mozilla/5.0 (Windows NT 6.1; WOW64) AppleWebKit/537.36 (KHTML, like Gecko) Chrome/67.0.3396.99 Safari/537.36',
  'accept' => 'image/webp,image/apng,image/*,*/*;q=0.8',
  'referer' => 'http://tp5.com/index.php/lol/login_up/index',
  'accept-encoding' => 'gzip, deflate',
  'accept-language' => 'zh-CN,zh;q=0.9',
  'cookie' => 'PHPSESSID=pgc8gnhapmb4093vb96vv9km66; thinkphp_show_page_trace=0|0',
)
[ info ] [ PARAM ] array (
  'id' => NULL,
)
[ info ] [ RUN ] think\captcha\CaptchaController->index[ E:\share\lol.git\trunk\thinkphp_5.0.20_with_ext\vendor\topthink\think-captcha\src\CaptchaController.php ]
[ info ] [ SESSION ] INIT array (
  'id' => '',
  'var_session_id' => '',
  'prefix' => 'think',
  'type' => '',
  'auto_start' => true,
)
[ info ] [ LOG ] INIT File
---------------------------------------------------------------
[ 2018-07-17T09:46:39+08:00 ] 127.0.0.1 POST /index.php/lol/login_up/loginup.html
[ info ] tp5.com/index.php/lol/login_up/loginup.html [è¿è¡Œæ—¶é—´ï¼š0.029001s][åžåçŽ‡ï¼š34.48req/s] [å†…å­˜æ¶ˆè€—ï¼š2,759.95kb] [æ–‡ä»¶åŠ è½½ï¼š49]
[ info ] [ LANG ] E:\share\lol.git\trunk\thinkphp_5.0.20_with_ext\thinkphp\lang\zh-cn.php
[ info ] [ ROUTE ] array (
  'type' => 'module',
  'module' => 
  array (
    0 => 'lol',
    1 => 'login_up',
    2 => 'loginup',
  ),
)
[ info ] [ HEADER ] array (
  'host' => 'tp5.com',
  'connection' => 'keep-alive',
  'content-length' => '82',
  'cache-control' => 'max-age=0',
  'origin' => 'http://tp5.com',
  'upgrade-insecure-requests' => '1',
  'content-type' => 'application/x-www-form-urlencoded',
  'user-agent' => 'Mozilla/5.0 (Windows NT 6.1; WOW64) AppleWebKit/537.36 (KHTML, like Gecko) Chrome/67.0.3396.99 Safari/537.36',
  'accept' => 'text/html,application/xhtml+xml,application/xml;q=0.9,image/webp,image/apng,*/*;q=0.8',
  'referer' => 'http://tp5.com/index.php/lol/login_up/index',
  'accept-encoding' => 'gzip, deflate',
  'accept-language' => 'zh-CN,zh;q=0.9',
  'cookie' => 'thinkphp_show_page_trace=0|0; PHPSESSID=pgc8gnhapmb4093vb96vv9km66; thinkphp_show_page_trace=0|0',
)
[ info ] [ PARAM ] array (
  'username' => 'lelezhangzhao',
  'password' => 'zhangzhao',
  'identify' => 'PXKE',
  'loginup' => 'ç™»å½•',
)
[ info ] [ RUN ] app\lol\controller\LoginUp->LoginUp[ E:\share\lol.git\trunk\thinkphp_5.0.20_with_ext\application\lol\controller\LoginUp.php ]
[ info ] [ SESSION ] INIT array (
  'id' => '',
  'var_session_id' => '',
  'prefix' => 'think',
  'type' => '',
  'auto_start' => true,
)
[ info ] [ VIEW ] E:\share\lol.git\trunk\thinkphp_5.0.20_with_ext\thinkphp\tpl\dispatch_jump.tpl [ array (
  0 => 'code',
  1 => 'msg',
  2 => 'data',
  3 => 'url',
  4 => 'wait',
) ]
[ info ] [ LOG ] INIT File
---------------------------------------------------------------
[ 2018-07-17T09:46:41+08:00 ] 127.0.0.1 GET /index.php/captcha.html
[ info ] tp5.com/index.php/captcha.html [è¿è¡Œæ—¶é—´ï¼š0.023001s][åžåçŽ‡ï¼š43.48req/s] [å†…å­˜æ¶ˆè€—ï¼š2,217.73kb] [æ–‡ä»¶åŠ è½½ï¼š36]
[ info ] [ LANG ] E:\share\lol.git\trunk\thinkphp_5.0.20_with_ext\thinkphp\lang\zh-cn.php
[ info ] [ ROUTE ] array (
  'type' => 'method',
  'method' => 
  array (
    0 => '\\think\\captcha\\CaptchaController',
    1 => 'index',
  ),
  'var' => 
  array (
  ),
)
[ info ] [ HEADER ] array (
  'host' => 'tp5.com',
  'connection' => 'keep-alive',
  'user-agent' => 'Mozilla/5.0 (Windows NT 6.1; WOW64) AppleWebKit/537.36 (KHTML, like Gecko) Chrome/67.0.3396.99 Safari/537.36',
  'accept' => 'image/webp,image/apng,image/*,*/*;q=0.8',
  'referer' => 'http://tp5.com/index.php/lol/login_up/index',
  'accept-encoding' => 'gzip, deflate',
  'accept-language' => 'zh-CN,zh;q=0.9',
  'cookie' => 'PHPSESSID=pgc8gnhapmb4093vb96vv9km66; thinkphp_show_page_trace=0|0',
)
[ info ] [ PARAM ] array (
  'id' => NULL,
)
[ info ] [ RUN ] think\captcha\CaptchaController->index[ E:\share\lol.git\trunk\thinkphp_5.0.20_with_ext\vendor\topthink\think-captcha\src\CaptchaController.php ]
[ info ] [ SESSION ] INIT array (
  'id' => '',
  'var_session_id' => '',
  'prefix' => 'think',
  'type' => '',
  'auto_start' => true,
)
[ info ] [ LOG ] INIT File
---------------------------------------------------------------
[ 2018-07-17T09:46:42+08:00 ] 127.0.0.1 GET /index.php/captcha?id=0.0595663681550298
[ info ] tp5.com/index.php/captcha?id=0.0595663681550298 [è¿è¡Œæ—¶é—´ï¼š0.044003s][åžåçŽ‡ï¼š22.73req/s] [å†…å­˜æ¶ˆè€—ï¼š2,217.85kb] [æ–‡ä»¶åŠ è½½ï¼š36]
[ info ] [ LANG ] E:\share\lol.git\trunk\thinkphp_5.0.20_with_ext\thinkphp\lang\zh-cn.php
[ info ] [ ROUTE ] array (
  'type' => 'method',
  'method' => 
  array (
    0 => '\\think\\captcha\\CaptchaController',
    1 => 'index',
  ),
  'var' => 
  array (
  ),
)
[ info ] [ HEADER ] array (
  'host' => 'tp5.com',
  'connection' => 'keep-alive',
  'user-agent' => 'Mozilla/5.0 (Windows NT 6.1; WOW64) AppleWebKit/537.36 (KHTML, like Gecko) Chrome/67.0.3396.99 Safari/537.36',
  'accept' => 'image/webp,image/apng,image/*,*/*;q=0.8',
  'referer' => 'http://tp5.com/index.php/lol/login_up/index',
  'accept-encoding' => 'gzip, deflate',
  'accept-language' => 'zh-CN,zh;q=0.9',
  'cookie' => 'PHPSESSID=pgc8gnhapmb4093vb96vv9km66; thinkphp_show_page_trace=0|0',
)
[ info ] [ PARAM ] array (
  'id' => NULL,
)
[ info ] [ RUN ] think\captcha\CaptchaController->index[ E:\share\lol.git\trunk\thinkphp_5.0.20_with_ext\vendor\topthink\think-captcha\src\CaptchaController.php ]
[ info ] [ SESSION ] INIT array (
  'id' => '',
  'var_session_id' => '',
  'prefix' => 'think',
  'type' => '',
  'auto_start' => true,
)
[ info ] [ LOG ] INIT File
---------------------------------------------------------------
[ 2018-07-17T09:46:43+08:00 ] 127.0.0.1 GET /index.php/captcha?id=0.015290669589162142
[ info ] tp5.com/index.php/captcha?id=0.015290669589162142 [è¿è¡Œæ—¶é—´ï¼š0.045002s][åžåçŽ‡ï¼š22.22req/s] [å†…å­˜æ¶ˆè€—ï¼š2,217.84kb] [æ–‡ä»¶åŠ è½½ï¼š36]
[ info ] [ LANG ] E:\share\lol.git\trunk\thinkphp_5.0.20_with_ext\thinkphp\lang\zh-cn.php
[ info ] [ ROUTE ] array (
  'type' => 'method',
  'method' => 
  array (
    0 => '\\think\\captcha\\CaptchaController',
    1 => 'index',
  ),
  'var' => 
  array (
  ),
)
[ info ] [ HEADER ] array (
  'host' => 'tp5.com',
  'connection' => 'keep-alive',
  'user-agent' => 'Mozilla/5.0 (Windows NT 6.1; WOW64) AppleWebKit/537.36 (KHTML, like Gecko) Chrome/67.0.3396.99 Safari/537.36',
  'accept' => 'image/webp,image/apng,image/*,*/*;q=0.8',
  'referer' => 'http://tp5.com/index.php/lol/login_up/index',
  'accept-encoding' => 'gzip, deflate',
  'accept-language' => 'zh-CN,zh;q=0.9',
  'cookie' => 'PHPSESSID=pgc8gnhapmb4093vb96vv9km66; thinkphp_show_page_trace=0|0',
)
[ info ] [ PARAM ] array (
  'id' => NULL,
)
[ info ] [ RUN ] think\captcha\CaptchaController->index[ E:\share\lol.git\trunk\thinkphp_5.0.20_with_ext\vendor\topthink\think-captcha\src\CaptchaController.php ]
[ info ] [ SESSION ] INIT array (
  'id' => '',
  'var_session_id' => '',
  'prefix' => 'think',
  'type' => '',
  'auto_start' => true,
)
[ info ] [ LOG ] INIT File
---------------------------------------------------------------
[ 2018-07-17T09:46:48+08:00 ] 127.0.0.1 POST /index.php/lol/login_up/loginup.html
[ info ] tp5.com/index.php/lol/login_up/loginup.html [è¿è¡Œæ—¶é—´ï¼š0.104006s][åžåçŽ‡ï¼š9.61req/s] [å†…å­˜æ¶ˆè€—ï¼š4,521.19kb] [æ–‡ä»¶åŠ è½½ï¼š57]
[ info ] [ LANG ] E:\share\lol.git\trunk\thinkphp_5.0.20_with_ext\thinkphp\lang\zh-cn.php
[ info ] [ ROUTE ] array (
  'type' => 'module',
  'module' => 
  array (
    0 => 'lol',
    1 => 'login_up',
    2 => 'loginup',
  ),
)
[ info ] [ HEADER ] array (
  'host' => 'tp5.com',
  'connection' => 'keep-alive',
  'content-length' => '82',
  'cache-control' => 'max-age=0',
  'origin' => 'http://tp5.com',
  'upgrade-insecure-requests' => '1',
  'content-type' => 'application/x-www-form-urlencoded',
  'user-agent' => 'Mozilla/5.0 (Windows NT 6.1; WOW64) AppleWebKit/537.36 (KHTML, like Gecko) Chrome/67.0.3396.99 Safari/537.36',
  'accept' => 'text/html,application/xhtml+xml,application/xml;q=0.9,image/webp,image/apng,*/*;q=0.8',
  'referer' => 'http://tp5.com/index.php/lol/login_up/index',
  'accept-encoding' => 'gzip, deflate',
  'accept-language' => 'zh-CN,zh;q=0.9',
  'cookie' => 'thinkphp_show_page_trace=0|0; PHPSESSID=pgc8gnhapmb4093vb96vv9km66; thinkphp_show_page_trace=0|0',
)
[ info ] [ PARAM ] array (
  'username' => 'lelezhangzhao',
  'password' => 'zhangzhao',
  'identify' => 'NCP2',
  'loginup' => 'ç™»å½•',
)
[ info ] [ RUN ] app\lol\controller\LoginUp->LoginUp[ E:\share\lol.git\trunk\thinkphp_5.0.20_with_ext\application\lol\controller\LoginUp.php ]
[ info ] [ SESSION ] INIT array (
  'id' => '',
  'var_session_id' => '',
  'prefix' => 'think',
  'type' => '',
  'auto_start' => true,
)
[ info ] [ DB ] INIT mysql
[ info ] [ VIEW ] E:\share\lol.git\trunk\thinkphp_5.0.20_with_ext\thinkphp\tpl\dispatch_jump.tpl [ array (
  0 => 'code',
  1 => 'msg',
  2 => 'data',
  3 => 'url',
  4 => 'wait',
) ]
[ info ] [ LOG ] INIT File
[ sql ] [ DB ] CONNECT:[ UseTime:0.002000s ] mysql:host=127.0.0.1;dbname=lol;charset=utf8
[ sql ] [ SQL ] SHOW COLUMNS FROM `lol_user` [ RunTime:0.029002s ]
[ sql ] [ SQL ] SELECT * FROM `lol_user` WHERE  `username` = 'lelezhangzhao'  AND `password` = 'zhangzhao' LIMIT 1 [ RunTime:0.001000s ]
---------------------------------------------------------------
[ 2018-07-17T09:46:49+08:00 ] 127.0.0.1 GET /index.php/lol/index/index.html
[ info ] tp5.com/index.php/lol/index/index.html [è¿è¡Œæ—¶é—´ï¼š0.053003s][åžåçŽ‡ï¼š18.87req/s] [å†…å­˜æ¶ˆè€—ï¼š2,875.63kb] [æ–‡ä»¶åŠ è½½ï¼š49]
[ info ] [ LANG ] E:\share\lol.git\trunk\thinkphp_5.0.20_with_ext\thinkphp\lang\zh-cn.php
[ info ] [ ROUTE ] array (
  'type' => 'module',
  'module' => 
  array (
    0 => 'lol',
    1 => 'index',
    2 => 'index',
  ),
)
[ info ] [ HEADER ] array (
  'host' => 'tp5.com',
  'connection' => 'keep-alive',
  'upgrade-insecure-requests' => '1',
  'user-agent' => 'Mozilla/5.0 (Windows NT 6.1; WOW64) AppleWebKit/537.36 (KHTML, like Gecko) Chrome/67.0.3396.99 Safari/537.36',
  'accept' => 'text/html,application/xhtml+xml,application/xml;q=0.9,image/webp,image/apng,*/*;q=0.8',
  'referer' => 'http://tp5.com/index.php/lol/login_up/loginup.html',
  'accept-encoding' => 'gzip, deflate',
  'accept-language' => 'zh-CN,zh;q=0.9',
  'cookie' => 'PHPSESSID=pgc8gnhapmb4093vb96vv9km66; thinkphp_show_page_trace=0|0',
)
[ info ] [ PARAM ] array (
)
[ info ] [ RUN ] app\lol\controller\Index->Index[ E:\share\lol.git\trunk\thinkphp_5.0.20_with_ext\application\lol\controller\Index.php ]
[ info ] [ SESSION ] INIT array (
  'id' => '',
  'var_session_id' => '',
  'prefix' => 'think',
  'type' => '',
  'auto_start' => true,
)
[ info ] [ VIEW ] E:\share\lol.git\trunk\thinkphp_5.0.20_with_ext\public/../application/lol\view\index\index.html [ array (
) ]
[ info ] [ LOG ] INIT File
---------------------------------------------------------------
[ 2018-07-17T09:46:50+08:00 ] 127.0.0.1 POST /index.php/lol/index/getmatch
[ info ] tp5.com/index.php/lol/index/getmatch [è¿è¡Œæ—¶é—´ï¼š0.084004s][åžåçŽ‡ï¼š11.90req/s] [å†…å­˜æ¶ˆè€—ï¼š4,308.61kb] [æ–‡ä»¶åŠ è½½ï¼š53]
[ info ] [ LANG ] E:\share\lol.git\trunk\thinkphp_5.0.20_with_ext\thinkphp\lang\zh-cn.php
[ info ] [ ROUTE ] array (
  'type' => 'module',
  'module' => 
  array (
    0 => 'lol',
    1 => 'index',
    2 => 'getmatch',
  ),
)
[ info ] [ HEADER ] array (
  'host' => 'tp5.com',
  'connection' => 'keep-alive',
  'content-length' => '0',
  'origin' => 'http://tp5.com',
  'user-agent' => 'Mozilla/5.0 (Windows NT 6.1; WOW64) AppleWebKit/537.36 (KHTML, like Gecko) Chrome/67.0.3396.99 Safari/537.36',
  'accept' => '*/*',
  'referer' => 'http://tp5.com/index.php/lol/index/index.html',
  'accept-encoding' => 'gzip, deflate',
  'accept-language' => 'zh-CN,zh;q=0.9',
  'cookie' => 'thinkphp_show_page_trace=0|0; PHPSESSID=pgc8gnhapmb4093vb96vv9km66; thinkphp_show_page_trace=0|0',
)
[ info ] [ PARAM ] array (
)
[ info ] [ RUN ] app\lol\controller\Index->GetMatch[ E:\share\lol.git\trunk\thinkphp_5.0.20_with_ext\application\lol\controller\Index.php ]
[ info ] [ DB ] INIT mysql
[ info ] [ LOG ] INIT File
[ sql ] [ DB ] CONNECT:[ UseTime:0.000000s ] mysql:host=127.0.0.1;dbname=lol;charset=utf8
[ sql ] [ SQL ] SHOW COLUMNS FROM `lol_match` [ RunTime:0.045003s ]
[ sql ] [ SQL ] SELECT * FROM `lol_match` WHERE  `matchtime` > '2018-07-17 09:46:50'  AND `status` = 0 [ RunTime:0.000000s ]
---------------------------------------------------------------
[ 2018-07-17T09:48:12+08:00 ] 127.0.0.1 GET /index.php/lol/index/index.html
[ info ] tp5.com/index.php/lol/index/index.html [è¿è¡Œæ—¶é—´ï¼š0.037002s][åžåçŽ‡ï¼š27.03req/s] [å†…å­˜æ¶ˆè€—ï¼š2,876.09kb] [æ–‡ä»¶åŠ è½½ï¼š49]
[ info ] [ LANG ] E:\share\lol.git\trunk\thinkphp_5.0.20_with_ext\thinkphp\lang\zh-cn.php
[ info ] [ ROUTE ] array (
  'type' => 'module',
  'module' => 
  array (
    0 => 'lol',
    1 => 'index',
    2 => 'index',
  ),
)
[ info ] [ HEADER ] array (
  'host' => 'tp5.com',
  'connection' => 'keep-alive',
  'cache-control' => 'max-age=0',
  'upgrade-insecure-requests' => '1',
  'user-agent' => 'Mozilla/5.0 (Windows NT 6.1; WOW64) AppleWebKit/537.36 (KHTML, like Gecko) Chrome/67.0.3396.99 Safari/537.36',
  'accept' => 'text/html,application/xhtml+xml,application/xml;q=0.9,image/webp,image/apng,*/*;q=0.8',
  'referer' => 'http://tp5.com/index.php/lol/login_up/loginup.html',
  'accept-encoding' => 'gzip, deflate',
  'accept-language' => 'zh-CN,zh;q=0.9',
  'cookie' => 'thinkphp_show_page_trace=0|0; PHPSESSID=pgc8gnhapmb4093vb96vv9km66; thinkphp_show_page_trace=0|0',
)
[ info ] [ PARAM ] array (
)
[ info ] [ RUN ] app\lol\controller\Index->Index[ E:\share\lol.git\trunk\thinkphp_5.0.20_with_ext\application\lol\controller\Index.php ]
[ info ] [ SESSION ] INIT array (
  'id' => '',
  'var_session_id' => '',
  'prefix' => 'think',
  'type' => '',
  'auto_start' => true,
)
[ info ] [ VIEW ] E:\share\lol.git\trunk\thinkphp_5.0.20_with_ext\public/../application/lol\view\index\index.html [ array (
) ]
[ info ] [ LOG ] INIT File
---------------------------------------------------------------
[ 2018-07-17T09:48:13+08:00 ] 127.0.0.1 POST /index.php/lol/index/getmatch
[ info ] tp5.com/index.php/lol/index/getmatch [è¿è¡Œæ—¶é—´ï¼š0.059004s][åžåçŽ‡ï¼š16.95req/s] [å†…å­˜æ¶ˆè€—ï¼š4,308.61kb] [æ–‡ä»¶åŠ è½½ï¼š53]
[ info ] [ LANG ] E:\share\lol.git\trunk\thinkphp_5.0.20_with_ext\thinkphp\lang\zh-cn.php
[ info ] [ ROUTE ] array (
  'type' => 'module',
  'module' => 
  array (
    0 => 'lol',
    1 => 'index',
    2 => 'getmatch',
  ),
)
[ info ] [ HEADER ] array (
  'host' => 'tp5.com',
  'connection' => 'keep-alive',
  'content-length' => '0',
  'origin' => 'http://tp5.com',
  'user-agent' => 'Mozilla/5.0 (Windows NT 6.1; WOW64) AppleWebKit/537.36 (KHTML, like Gecko) Chrome/67.0.3396.99 Safari/537.36',
  'accept' => '*/*',
  'referer' => 'http://tp5.com/index.php/lol/index/index.html',
  'accept-encoding' => 'gzip, deflate',
  'accept-language' => 'zh-CN,zh;q=0.9',
  'cookie' => 'thinkphp_show_page_trace=0|0; PHPSESSID=pgc8gnhapmb4093vb96vv9km66; thinkphp_show_page_trace=0|0',
)
[ info ] [ PARAM ] array (
)
[ info ] [ RUN ] app\lol\controller\Index->GetMatch[ E:\share\lol.git\trunk\thinkphp_5.0.20_with_ext\application\lol\controller\Index.php ]
[ info ] [ DB ] INIT mysql
[ info ] [ LOG ] INIT File
[ sql ] [ DB ] CONNECT:[ UseTime:0.001000s ] mysql:host=127.0.0.1;dbname=lol;charset=utf8
[ sql ] [ SQL ] SHOW COLUMNS FROM `lol_match` [ RunTime:0.013000s ]
[ sql ] [ SQL ] SELECT * FROM `lol_match` WHERE  `matchtime` > '2018-07-17 09:48:12'  AND `status` = 0 [ RunTime:0.001000s ]
---------------------------------------------------------------
[ 2018-07-17T09:48:14+08:00 ] 127.0.0.1 GET /index.php/lol/fix_password/index
[ info ] tp5.com/index.php/lol/fix_password/index [è¿è¡Œæ—¶é—´ï¼š0.037002s][åžåçŽ‡ï¼š27.03req/s] [å†…å­˜æ¶ˆè€—ï¼š2,971.55kb] [æ–‡ä»¶åŠ è½½ï¼š50]
[ info ] [ LANG ] E:\share\lol.git\trunk\thinkphp_5.0.20_with_ext\thinkphp\lang\zh-cn.php
[ info ] [ ROUTE ] array (
  'type' => 'module',
  'module' => 
  array (
    0 => 'lol',
    1 => 'fix_password',
    2 => 'index',
  ),
)
[ info ] [ HEADER ] array (
  'host' => 'tp5.com',
  'connection' => 'keep-alive',
  'upgrade-insecure-requests' => '1',
  'user-agent' => 'Mozilla/5.0 (Windows NT 6.1; WOW64) AppleWebKit/537.36 (KHTML, like Gecko) Chrome/67.0.3396.99 Safari/537.36',
  'accept' => 'text/html,application/xhtml+xml,application/xml;q=0.9,image/webp,image/apng,*/*;q=0.8',
  'referer' => 'http://tp5.com/index.php/lol/index/index.html',
  'accept-encoding' => 'gzip, deflate',
  'accept-language' => 'zh-CN,zh;q=0.9',
  'cookie' => 'PHPSESSID=pgc8gnhapmb4093vb96vv9km66; thinkphp_show_page_trace=0|0',
)
[ info ] [ PARAM ] array (
)
[ info ] [ RUN ] app\lol\controller\FixPassword->Index[ E:\share\lol.git\trunk\thinkphp_5.0.20_with_ext\application\lol\controller\FixPassword.php ]
[ info ] [ VIEW ] E:\share\lol.git\trunk\thinkphp_5.0.20_with_ext\public/../application/lol\view\fix_password\index.html [ array (
) ]
[ info ] [ LOG ] INIT File
---------------------------------------------------------------
[ 2018-07-17T09:48:19+08:00 ] 127.0.0.1 POST /index.php/lol/fix_password/fixpassword.html
[ info ] tp5.com/index.php/lol/fix_password/fixpassword.html [è¿è¡Œæ—¶é—´ï¼š0.125007s][åžåçŽ‡ï¼š8.00req/s] [å†…å­˜æ¶ˆè€—ï¼š2,733.08kb] [æ–‡ä»¶åŠ è½½ï¼š50]
[ info ] [ LANG ] E:\share\lol.git\trunk\thinkphp_5.0.20_with_ext\thinkphp\lang\zh-cn.php
[ info ] [ ROUTE ] array (
  'type' => 'module',
  'module' => 
  array (
    0 => 'lol',
    1 => 'fix_password',
    2 => 'fixpassword',
  ),
)
[ info ] [ HEADER ] array (
  'host' => 'tp5.com',
  'connection' => 'keep-alive',
  'content-length' => '35',
  'cache-control' => 'max-age=0',
  'origin' => 'http://tp5.com',
  'upgrade-insecure-requests' => '1',
  'content-type' => 'application/x-www-form-urlencoded',
  'user-agent' => 'Mozilla/5.0 (Windows NT 6.1; WOW64) AppleWebKit/537.36 (KHTML, like Gecko) Chrome/67.0.3396.99 Safari/537.36',
  'accept' => 'text/html,application/xhtml+xml,application/xml;q=0.9,image/webp,image/apng,*/*;q=0.8',
  'referer' => 'http://tp5.com/index.php/lol/fix_password/index',
  'accept-encoding' => 'gzip, deflate',
  'accept-language' => 'zh-CN,zh;q=0.9',
  'cookie' => 'thinkphp_show_page_trace=0|0; PHPSESSID=pgc8gnhapmb4093vb96vv9km66; thinkphp_show_page_trace=0|0',
)
[ info ] [ PARAM ] array (
  'oldpassword' => 'zhangzhao',
  'newpassword' => 'z',
)
[ info ] [ RUN ] app\lol\controller\FixPassword->FixPassword[ E:\share\lol.git\trunk\thinkphp_5.0.20_with_ext\application\lol\controller\FixPassword.php ]
[ info ] [ LOG ] INIT File
[ error ] [1]Class 'app\lol\api\helper' not found[E:\share\lol.git\trunk\thinkphp_5.0.20_with_ext\application\lol\controller\FixPassword.php:20]
---------------------------------------------------------------
[ 2018-07-17T09:52:37+08:00 ] 127.0.0.1 POST /index.php/lol/fix_password/fixpassword.html
[ info ] tp5.com/index.php/lol/fix_password/fixpassword.html [è¿è¡Œæ—¶é—´ï¼š0.050003s][åžåçŽ‡ï¼š20.00req/s] [å†…å­˜æ¶ˆè€—ï¼š2,744.48kb] [æ–‡ä»¶åŠ è½½ï¼š51]
[ info ] [ LANG ] E:\share\lol.git\trunk\thinkphp_5.0.20_with_ext\thinkphp\lang\zh-cn.php
[ info ] [ ROUTE ] array (
  'type' => 'module',
  'module' => 
  array (
    0 => 'lol',
    1 => 'fix_password',
    2 => 'fixpassword',
  ),
)
[ info ] [ HEADER ] array (
  'host' => 'tp5.com',
  'connection' => 'keep-alive',
  'content-length' => '35',
  'cache-control' => 'max-age=0',
  'upgrade-insecure-requests' => '1',
  'user-agent' => 'Mozilla/5.0 (Windows NT 6.1; WOW64) AppleWebKit/537.36 (KHTML, like Gecko) Chrome/67.0.3396.99 Safari/537.36',
  'origin' => 'http://tp5.com',
  'content-type' => 'application/x-www-form-urlencoded',
  'accept' => 'text/html,application/xhtml+xml,application/xml;q=0.9,image/webp,image/apng,*/*;q=0.8',
  'referer' => 'http://tp5.com/index.php/lol/fix_password/index',
  'accept-encoding' => 'gzip, deflate',
  'accept-language' => 'zh-CN,zh;q=0.9',
  'cookie' => 'thinkphp_show_page_trace=0|0; PHPSESSID=pgc8gnhapmb4093vb96vv9km66; thinkphp_show_page_trace=0|0',
)
[ info ] [ PARAM ] array (
  'oldpassword' => 'zhangzhao',
  'newpassword' => 'z',
)
[ info ] [ RUN ] app\lol\controller\FixPassword->FixPassword[ E:\share\lol.git\trunk\thinkphp_5.0.20_with_ext\application\lol\controller\FixPassword.php ]
[ info ] [ SESSION ] INIT array (
  'id' => '',
  'var_session_id' => '',
  'prefix' => 'think',
  'type' => '',
  'auto_start' => true,
)
[ info ] [ LOG ] INIT File
[ error ] [1]Class 'app\lol\controller\Session' not found[E:\share\lol.git\trunk\thinkphp_5.0.20_with_ext\application\lol\controller\FixPassword.php:27]
---------------------------------------------------------------
[ 2018-07-17T09:52:50+08:00 ] 127.0.0.1 POST /index.php/lol/fix_password/fixpassword.html
[ info ] tp5.com/index.php/lol/fix_password/fixpassword.html [è¿è¡Œæ—¶é—´ï¼š0.151009s][åžåçŽ‡ï¼š6.62req/s] [å†…å­˜æ¶ˆè€—ï¼š4,440.20kb] [æ–‡ä»¶åŠ è½½ï¼š58]
[ info ] [ LANG ] E:\share\lol.git\trunk\thinkphp_5.0.20_with_ext\thinkphp\lang\zh-cn.php
[ info ] [ ROUTE ] array (
  'type' => 'module',
  'module' => 
  array (
    0 => 'lol',
    1 => 'fix_password',
    2 => 'fixpassword',
  ),
)
[ info ] [ HEADER ] array (
  'host' => 'tp5.com',
  'connection' => 'keep-alive',
  'content-length' => '35',
  'cache-control' => 'max-age=0',
  'upgrade-insecure-requests' => '1',
  'user-agent' => 'Mozilla/5.0 (Windows NT 6.1; WOW64) AppleWebKit/537.36 (KHTML, like Gecko) Chrome/67.0.3396.99 Safari/537.36',
  'origin' => 'http://tp5.com',
  'content-type' => 'application/x-www-form-urlencoded',
  'accept' => 'text/html,application/xhtml+xml,application/xml;q=0.9,image/webp,image/apng,*/*;q=0.8',
  'referer' => 'http://tp5.com/index.php/lol/fix_password/index',
  'accept-encoding' => 'gzip, deflate',
  'accept-language' => 'zh-CN,zh;q=0.9',
  'cookie' => 'thinkphp_show_page_trace=0|0; PHPSESSID=pgc8gnhapmb4093vb96vv9km66; thinkphp_show_page_trace=0|0',
)
[ info ] [ PARAM ] array (
  'oldpassword' => 'zhangzhao',
  'newpassword' => 'z',
)
[ info ] [ RUN ] app\lol\controller\FixPassword->FixPassword[ E:\share\lol.git\trunk\thinkphp_5.0.20_with_ext\application\lol\controller\FixPassword.php ]
[ info ] [ SESSION ] INIT array (
  'id' => '',
  'var_session_id' => '',
  'prefix' => 'think',
  'type' => '',
  'auto_start' => true,
)
[ info ] [ DB ] INIT mysql
[ info ] [ CACHE ] INIT File
[ info ] [ VIEW ] E:\share\lol.git\trunk\thinkphp_5.0.20_with_ext\thinkphp\tpl\dispatch_jump.tpl [ array (
  0 => 'code',
  1 => 'msg',
  2 => 'data',
  3 => 'url',
  4 => 'wait',
) ]
[ info ] [ LOG ] INIT File
[ sql ] [ DB ] CONNECT:[ UseTime:0.010000s ] mysql:host=127.0.0.1;dbname=lol;charset=utf8
[ sql ] [ SQL ] SHOW COLUMNS FROM `lol_user` [ RunTime:0.015001s ]
[ sql ] [ SQL ] SELECT * FROM `lol_user` WHERE  `id` = 1 LIMIT 1 [ RunTime:0.001000s ]
[ sql ] [ SQL ] UPDATE `lol_user`  SET `password`='z'  WHERE  `id` = 1 [ RunTime:0.031001s ]
---------------------------------------------------------------
[ 2018-07-17T09:52:52+08:00 ] 127.0.0.1 GET /index.php/lol/fix_password/index
[ info ] tp5.com/index.php/lol/fix_password/index [è¿è¡Œæ—¶é—´ï¼š0.049002s][åžåçŽ‡ï¼š20.41req/s] [å†…å­˜æ¶ˆè€—ï¼š2,767.48kb] [æ–‡ä»¶åŠ è½½ï¼š49]
[ info ] [ LANG ] E:\share\lol.git\trunk\thinkphp_5.0.20_with_ext\thinkphp\lang\zh-cn.php
[ info ] [ ROUTE ] array (
  'type' => 'module',
  'module' => 
  array (
    0 => 'lol',
    1 => 'fix_password',
    2 => 'index',
  ),
)
[ info ] [ HEADER ] array (
  'host' => 'tp5.com',
  'connection' => 'keep-alive',
  'upgrade-insecure-requests' => '1',
  'user-agent' => 'Mozilla/5.0 (Windows NT 6.1; WOW64) AppleWebKit/537.36 (KHTML, like Gecko) Chrome/67.0.3396.99 Safari/537.36',
  'accept' => 'text/html,application/xhtml+xml,application/xml;q=0.9,image/webp,image/apng,*/*;q=0.8',
  'referer' => 'http://tp5.com/index.php/lol/fix_password/fixpassword.html',
  'accept-encoding' => 'gzip, deflate',
  'accept-language' => 'zh-CN,zh;q=0.9',
  'cookie' => 'thinkphp_show_page_trace=0|0; PHPSESSID=pgc8gnhapmb4093vb96vv9km66; thinkphp_show_page_trace=0|0',
)
[ info ] [ PARAM ] array (
)
[ info ] [ RUN ] app\lol\controller\FixPassword->Index[ E:\share\lol.git\trunk\thinkphp_5.0.20_with_ext\application\lol\controller\FixPassword.php ]
[ info ] [ SESSION ] INIT array (
  'id' => '',
  'var_session_id' => '',
  'prefix' => 'think',
  'type' => '',
  'auto_start' => true,
)
[ info ] [ VIEW ] E:\share\lol.git\trunk\thinkphp_5.0.20_with_ext\public/../application/lol\view\fix_password\index.html [ array (
) ]
[ info ] [ LOG ] INIT File
---------------------------------------------------------------
[ 2018-07-17T09:53:51+08:00 ] 127.0.0.1 POST /index.php/lol/fix_password/fixpassword.html
[ info ] tp5.com/index.php/lol/fix_password/fixpassword.html [è¿è¡Œæ—¶é—´ï¼š0.134008s][åžåçŽ‡ï¼š7.46req/s] [å†…å­˜æ¶ˆè€—ï¼š4,439.77kb] [æ–‡ä»¶åŠ è½½ï¼š58]
[ info ] [ LANG ] E:\share\lol.git\trunk\thinkphp_5.0.20_with_ext\thinkphp\lang\zh-cn.php
[ info ] [ ROUTE ] array (
  'type' => 'module',
  'module' => 
  array (
    0 => 'lol',
    1 => 'fix_password',
    2 => 'fixpassword',
  ),
)
[ info ] [ HEADER ] array (
  'host' => 'tp5.com',
  'connection' => 'keep-alive',
  'content-length' => '28',
  'cache-control' => 'max-age=0',
  'origin' => 'http://tp5.com',
  'upgrade-insecure-requests' => '1',
  'content-type' => 'application/x-www-form-urlencoded',
  'user-agent' => 'Mozilla/5.0 (Windows NT 6.1; WOW64) AppleWebKit/537.36 (KHTML, like Gecko) Chrome/67.0.3396.99 Safari/537.36',
  'accept' => 'text/html,application/xhtml+xml,application/xml;q=0.9,image/webp,image/apng,*/*;q=0.8',
  'referer' => 'http://tp5.com/index.php/lol/fix_password/index',
  'accept-encoding' => 'gzip, deflate',
  'accept-language' => 'zh-CN,zh;q=0.9',
  'cookie' => 'thinkphp_show_page_trace=0|0; PHPSESSID=pgc8gnhapmb4093vb96vv9km66; thinkphp_show_page_trace=0|0',
)
[ info ] [ PARAM ] array (
  'oldpassword' => 'z',
  'newpassword' => 'zz',
)
[ info ] [ RUN ] app\lol\controller\FixPassword->FixPassword[ E:\share\lol.git\trunk\thinkphp_5.0.20_with_ext\application\lol\controller\FixPassword.php ]
[ info ] [ SESSION ] INIT array (
  'id' => '',
  'var_session_id' => '',
  'prefix' => 'think',
  'type' => '',
  'auto_start' => true,
)
[ info ] [ DB ] INIT mysql
[ info ] [ CACHE ] INIT File
[ info ] [ VIEW ] E:\share\lol.git\trunk\thinkphp_5.0.20_with_ext\thinkphp\tpl\dispatch_jump.tpl [ array (
  0 => 'code',
  1 => 'msg',
  2 => 'data',
  3 => 'url',
  4 => 'wait',
) ]
[ info ] [ LOG ] INIT File
[ sql ] [ DB ] CONNECT:[ UseTime:0.010001s ] mysql:host=127.0.0.1;dbname=lol;charset=utf8
[ sql ] [ SQL ] SHOW COLUMNS FROM `lol_user` [ RunTime:0.013001s ]
[ sql ] [ SQL ] SELECT * FROM `lol_user` WHERE  `id` = 1 LIMIT 1 [ RunTime:0.000000s ]
[ sql ] [ SQL ] UPDATE `lol_user`  SET `password`='zz'  WHERE  `id` = 1 [ RunTime:0.039002s ]
---------------------------------------------------------------
[ 2018-07-17T09:53:52+08:00 ] 127.0.0.1 GET /index.php/lol/fix_password/index
[ info ] tp5.com/index.php/lol/fix_password/index [è¿è¡Œæ—¶é—´ï¼š0.041002s][åžåçŽ‡ï¼š24.39req/s] [å†…å­˜æ¶ˆè€—ï¼š2,767.18kb] [æ–‡ä»¶åŠ è½½ï¼š49]
[ info ] [ LANG ] E:\share\lol.git\trunk\thinkphp_5.0.20_with_ext\thinkphp\lang\zh-cn.php
[ info ] [ ROUTE ] array (
  'type' => 'module',
  'module' => 
  array (
    0 => 'lol',
    1 => 'fix_password',
    2 => 'index',
  ),
)
[ info ] [ HEADER ] array (
  'host' => 'tp5.com',
  'connection' => 'keep-alive',
  'upgrade-insecure-requests' => '1',
  'user-agent' => 'Mozilla/5.0 (Windows NT 6.1; WOW64) AppleWebKit/537.36 (KHTML, like Gecko) Chrome/67.0.3396.99 Safari/537.36',
  'accept' => 'text/html,application/xhtml+xml,application/xml;q=0.9,image/webp,image/apng,*/*;q=0.8',
  'referer' => 'http://tp5.com/index.php/lol/fix_password/fixpassword.html',
  'accept-encoding' => 'gzip, deflate',
  'accept-language' => 'zh-CN,zh;q=0.9',
  'cookie' => 'thinkphp_show_page_trace=0|0; PHPSESSID=pgc8gnhapmb4093vb96vv9km66; thinkphp_show_page_trace=0|0',
)
[ info ] [ PARAM ] array (
)
[ info ] [ RUN ] app\lol\controller\FixPassword->Index[ E:\share\lol.git\trunk\thinkphp_5.0.20_with_ext\application\lol\controller\FixPassword.php ]
[ info ] [ SESSION ] INIT array (
  'id' => '',
  'var_session_id' => '',
  'prefix' => 'think',
  'type' => '',
  'auto_start' => true,
)
[ info ] [ VIEW ] E:\share\lol.git\trunk\thinkphp_5.0.20_with_ext\public/../application/lol\view\fix_password\index.html [ array (
) ]
[ info ] [ LOG ] INIT File
---------------------------------------------------------------
[ 2018-07-17T10:02:45+08:00 ] 127.0.0.1 POST /index.php/lol/fix_password/fixpassword.html
[ info ] tp5.com/index.php/lol/fix_password/fixpassword.html [è¿è¡Œæ—¶é—´ï¼š0.101006s][åžåçŽ‡ï¼š9.90req/s] [å†…å­˜æ¶ˆè€—ï¼š4,459.02kb] [æ–‡ä»¶åŠ è½½ï¼š58]
[ info ] [ LANG ] E:\share\lol.git\trunk\thinkphp_5.0.20_with_ext\thinkphp\lang\zh-cn.php
[ info ] [ ROUTE ] array (
  'type' => 'module',
  'module' => 
  array (
    0 => 'lol',
    1 => 'fix_password',
    2 => 'fixpassword',
  ),
)
[ info ] [ HEADER ] array (
  'host' => 'tp5.com',
  'connection' => 'keep-alive',
  'content-length' => '28',
  'cache-control' => 'max-age=0',
  'origin' => 'http://tp5.com',
  'upgrade-insecure-requests' => '1',
  'content-type' => 'application/x-www-form-urlencoded',
  'user-agent' => 'Mozilla/5.0 (Windows NT 6.1; WOW64) AppleWebKit/537.36 (KHTML, like Gecko) Chrome/67.0.3396.99 Safari/537.36',
  'accept' => 'text/html,application/xhtml+xml,application/xml;q=0.9,image/webp,image/apng,*/*;q=0.8',
  'referer' => 'http://tp5.com/index.php/lol/fix_password/index',
  'accept-encoding' => 'gzip, deflate',
  'accept-language' => 'zh-CN,zh;q=0.9',
  'cookie' => 'thinkphp_show_page_trace=0|0; PHPSESSID=pgc8gnhapmb4093vb96vv9km66; thinkphp_show_page_trace=0|0',
)
[ info ] [ PARAM ] array (
  'oldpassword' => 'zz',
  'newpassword' => 'z',
)
[ info ] [ RUN ] app\lol\controller\FixPassword->FixPassword[ E:\share\lol.git\trunk\thinkphp_5.0.20_with_ext\application\lol\controller\FixPassword.php ]
[ info ] [ SESSION ] INIT array (
  'id' => '',
  'var_session_id' => '',
  'prefix' => 'think',
  'type' => '',
  'auto_start' => true,
)
[ info ] [ DB ] INIT mysql
[ info ] [ LOG ] INIT File
[ sql ] [ DB ] CONNECT:[ UseTime:0.010001s ] mysql:host=127.0.0.1;dbname=lol;charset=utf8
[ sql ] [ SQL ] SHOW COLUMNS FROM `lol_user` [ RunTime:0.014001s ]
[ sql ] [ SQL ] SELECT * FROM `lol_user` WHERE  `id` = 1 LIMIT 1 [ RunTime:0.001000s ]
[ error ] [1]Method app\lol\model\User::__toString() must not throw an exception[E:\share\lol.git\trunk\thinkphp_5.0.20_with_ext\thinkphp\library\think\Controller.php:0]
---------------------------------------------------------------
[ 2018-07-17T10:04:34+08:00 ] 127.0.0.1 POST /index.php/lol/fix_password/fixpassword.html
[ info ] tp5.com/index.php/lol/fix_password/fixpassword.html [è¿è¡Œæ—¶é—´ï¼š0.119007s][åžåçŽ‡ï¼š8.40req/s] [å†…å­˜æ¶ˆè€—ï¼š4,469.47kb] [æ–‡ä»¶åŠ è½½ï¼š59]
[ info ] [ LANG ] E:\share\lol.git\trunk\thinkphp_5.0.20_with_ext\thinkphp\lang\zh-cn.php
[ info ] [ ROUTE ] array (
  'type' => 'module',
  'module' => 
  array (
    0 => 'lol',
    1 => 'fix_password',
    2 => 'fixpassword',
  ),
)
[ info ] [ HEADER ] array (
  'host' => 'tp5.com',
  'connection' => 'keep-alive',
  'content-length' => '28',
  'cache-control' => 'max-age=0',
  'upgrade-insecure-requests' => '1',
  'user-agent' => 'Mozilla/5.0 (Windows NT 6.1; WOW64) AppleWebKit/537.36 (KHTML, like Gecko) Chrome/67.0.3396.99 Safari/537.36',
  'origin' => 'http://tp5.com',
  'content-type' => 'application/x-www-form-urlencoded',
  'accept' => 'text/html,application/xhtml+xml,application/xml;q=0.9,image/webp,image/apng,*/*;q=0.8',
  'referer' => 'http://tp5.com/index.php/lol/fix_password/index',
  'accept-encoding' => 'gzip, deflate',
  'accept-language' => 'zh-CN,zh;q=0.9',
  'cookie' => 'thinkphp_show_page_trace=0|0; PHPSESSID=pgc8gnhapmb4093vb96vv9km66; thinkphp_show_page_trace=0|0',
)
[ info ] [ PARAM ] array (
  'oldpassword' => 'zz',
  'newpassword' => 'z',
)
[ info ] [ RUN ] app\lol\controller\FixPassword->FixPassword[ E:\share\lol.git\trunk\thinkphp_5.0.20_with_ext\application\lol\controller\FixPassword.php ]
[ info ] [ SESSION ] INIT array (
  'id' => '',
  'var_session_id' => '',
  'prefix' => 'think',
  'type' => '',
  'auto_start' => true,
)
[ info ] [ DB ] INIT mysql
[ info ] [ CACHE ] INIT File
[ info ] [ VIEW ] E:\share\lol.git\trunk\thinkphp_5.0.20_with_ext\thinkphp\tpl\dispatch_jump.tpl [ array (
  0 => 'code',
  1 => 'msg',
  2 => 'data',
  3 => 'url',
  4 => 'wait',
) ]
[ info ] [ LOG ] INIT File
[ sql ] [ DB ] CONNECT:[ UseTime:0.001000s ] mysql:host=127.0.0.1;dbname=lol;charset=utf8
[ sql ] [ SQL ] SHOW COLUMNS FROM `lol_user` [ RunTime:0.014001s ]
[ sql ] [ SQL ] SELECT * FROM `lol_user` WHERE  `id` = 1 LIMIT 1 [ RunTime:0.001000s ]
[ sql ] [ SQL ] UPDATE `lol_user`  SET `password`='z'  WHERE  `id` = 1 [ RunTime:0.035002s ]
---------------------------------------------------------------
[ 2018-07-17T10:04:36+08:00 ] 127.0.0.1 GET /index.php/lol/fix_password/index
[ info ] tp5.com/index.php/lol/fix_password/index [è¿è¡Œæ—¶é—´ï¼š0.031001s][åžåçŽ‡ï¼š32.26req/s] [å†…å­˜æ¶ˆè€—ï¼š2,767.14kb] [æ–‡ä»¶åŠ è½½ï¼š49]
[ info ] [ LANG ] E:\share\lol.git\trunk\thinkphp_5.0.20_with_ext\thinkphp\lang\zh-cn.php
[ info ] [ ROUTE ] array (
  'type' => 'module',
  'module' => 
  array (
    0 => 'lol',
    1 => 'fix_password',
    2 => 'index',
  ),
)
[ info ] [ HEADER ] array (
  'host' => 'tp5.com',
  'connection' => 'keep-alive',
  'upgrade-insecure-requests' => '1',
  'user-agent' => 'Mozilla/5.0 (Windows NT 6.1; WOW64) AppleWebKit/537.36 (KHTML, like Gecko) Chrome/67.0.3396.99 Safari/537.36',
  'accept' => 'text/html,application/xhtml+xml,application/xml;q=0.9,image/webp,image/apng,*/*;q=0.8',
  'referer' => 'http://tp5.com/index.php/lol/fix_password/fixpassword.html',
  'accept-encoding' => 'gzip, deflate',
  'accept-language' => 'zh-CN,zh;q=0.9',
  'cookie' => 'thinkphp_show_page_trace=0|0; PHPSESSID=pgc8gnhapmb4093vb96vv9km66; thinkphp_show_page_trace=0|0',
)
[ info ] [ PARAM ] array (
)
[ info ] [ RUN ] app\lol\controller\FixPassword->Index[ E:\share\lol.git\trunk\thinkphp_5.0.20_with_ext\application\lol\controller\FixPassword.php ]
[ info ] [ SESSION ] INIT array (
  'id' => '',
  'var_session_id' => '',
  'prefix' => 'think',
  'type' => '',
  'auto_start' => true,
)
[ info ] [ VIEW ] E:\share\lol.git\trunk\thinkphp_5.0.20_with_ext\public/../application/lol\view\fix_password\index.html [ array (
) ]
[ info ] [ LOG ] INIT File
---------------------------------------------------------------
[ 2018-07-17T10:04:44+08:00 ] 127.0.0.1 POST /index.php/lol/fix_password/fixpassword.html
[ info ] tp5.com/index.php/lol/fix_password/fixpassword.html [è¿è¡Œæ—¶é—´ï¼š0.156008s][åžåçŽ‡ï¼š6.41req/s] [å†…å­˜æ¶ˆè€—ï¼š4,469.54kb] [æ–‡ä»¶åŠ è½½ï¼š59]
[ info ] [ LANG ] E:\share\lol.git\trunk\thinkphp_5.0.20_with_ext\thinkphp\lang\zh-cn.php
[ info ] [ ROUTE ] array (
  'type' => 'module',
  'module' => 
  array (
    0 => 'lol',
    1 => 'fix_password',
    2 => 'fixpassword',
  ),
)
[ info ] [ HEADER ] array (
  'host' => 'tp5.com',
  'connection' => 'keep-alive',
  'content-length' => '28',
  'cache-control' => 'max-age=0',
  'origin' => 'http://tp5.com',
  'upgrade-insecure-requests' => '1',
  'content-type' => 'application/x-www-form-urlencoded',
  'user-agent' => 'Mozilla/5.0 (Windows NT 6.1; WOW64) AppleWebKit/537.36 (KHTML, like Gecko) Chrome/67.0.3396.99 Safari/537.36',
  'accept' => 'text/html,application/xhtml+xml,application/xml;q=0.9,image/webp,image/apng,*/*;q=0.8',
  'referer' => 'http://tp5.com/index.php/lol/fix_password/index',
  'accept-encoding' => 'gzip, deflate',
  'accept-language' => 'zh-CN,zh;q=0.9',
  'cookie' => 'thinkphp_show_page_trace=0|0; PHPSESSID=pgc8gnhapmb4093vb96vv9km66; thinkphp_show_page_trace=0|0',
)
[ info ] [ PARAM ] array (
  'oldpassword' => 'z',
  'newpassword' => 'zz',
)
[ info ] [ RUN ] app\lol\controller\FixPassword->FixPassword[ E:\share\lol.git\trunk\thinkphp_5.0.20_with_ext\application\lol\controller\FixPassword.php ]
[ info ] [ SESSION ] INIT array (
  'id' => '',
  'var_session_id' => '',
  'prefix' => 'think',
  'type' => '',
  'auto_start' => true,
)
[ info ] [ DB ] INIT mysql
[ info ] [ CACHE ] INIT File
[ info ] [ VIEW ] E:\share\lol.git\trunk\thinkphp_5.0.20_with_ext\thinkphp\tpl\dispatch_jump.tpl [ array (
  0 => 'code',
  1 => 'msg',
  2 => 'data',
  3 => 'url',
  4 => 'wait',
) ]
[ info ] [ LOG ] INIT File
[ sql ] [ DB ] CONNECT:[ UseTime:0.010000s ] mysql:host=127.0.0.1;dbname=lol;charset=utf8
[ sql ] [ SQL ] SHOW COLUMNS FROM `lol_user` [ RunTime:0.016001s ]
[ sql ] [ SQL ] SELECT * FROM `lol_user` WHERE  `id` = 1 LIMIT 1 [ RunTime:0.000000s ]
[ sql ] [ SQL ] UPDATE `lol_user`  SET `password`='zz'  WHERE  `id` = 1 [ RunTime:0.050003s ]
---------------------------------------------------------------
[ 2018-07-17T10:04:46+08:00 ] 127.0.0.1 GET /index.php/lol/fix_password/index
[ info ] tp5.com/index.php/lol/fix_password/index [è¿è¡Œæ—¶é—´ï¼š0.054003s][åžåçŽ‡ï¼š18.52req/s] [å†…å­˜æ¶ˆè€—ï¼š2,767.14kb] [æ–‡ä»¶åŠ è½½ï¼š49]
[ info ] [ LANG ] E:\share\lol.git\trunk\thinkphp_5.0.20_with_ext\thinkphp\lang\zh-cn.php
[ info ] [ ROUTE ] array (
  'type' => 'module',
  'module' => 
  array (
    0 => 'lol',
    1 => 'fix_password',
    2 => 'index',
  ),
)
[ info ] [ HEADER ] array (
  'host' => 'tp5.com',
  'connection' => 'keep-alive',
  'upgrade-insecure-requests' => '1',
  'user-agent' => 'Mozilla/5.0 (Windows NT 6.1; WOW64) AppleWebKit/537.36 (KHTML, like Gecko) Chrome/67.0.3396.99 Safari/537.36',
  'accept' => 'text/html,application/xhtml+xml,application/xml;q=0.9,image/webp,image/apng,*/*;q=0.8',
  'referer' => 'http://tp5.com/index.php/lol/fix_password/fixpassword.html',
  'accept-encoding' => 'gzip, deflate',
  'accept-language' => 'zh-CN,zh;q=0.9',
  'cookie' => 'thinkphp_show_page_trace=0|0; PHPSESSID=pgc8gnhapmb4093vb96vv9km66; thinkphp_show_page_trace=0|0',
)
[ info ] [ PARAM ] array (
)
[ info ] [ RUN ] app\lol\controller\FixPassword->Index[ E:\share\lol.git\trunk\thinkphp_5.0.20_with_ext\application\lol\controller\FixPassword.php ]
[ info ] [ SESSION ] INIT array (
  'id' => '',
  'var_session_id' => '',
  'prefix' => 'think',
  'type' => '',
  'auto_start' => true,
)
[ info ] [ VIEW ] E:\share\lol.git\trunk\thinkphp_5.0.20_with_ext\public/../application/lol\view\fix_password\index.html [ array (
) ]
[ info ] [ LOG ] INIT File
---------------------------------------------------------------
[ 2018-07-17T10:05:38+08:00 ] 127.0.0.1 POST /index.php/lol/fix_password/fixpassword.html
[ info ] tp5.com/index.php/lol/fix_password/fixpassword.html [è¿è¡Œæ—¶é—´ï¼š0.067004s][åžåçŽ‡ï¼š14.92req/s] [å†…å­˜æ¶ˆè€—ï¼š4,344.52kb] [æ–‡ä»¶åŠ è½½ï¼š56]
[ info ] [ LANG ] E:\share\lol.git\trunk\thinkphp_5.0.20_with_ext\thinkphp\lang\zh-cn.php
[ info ] [ ROUTE ] array (
  'type' => 'module',
  'module' => 
  array (
    0 => 'lol',
    1 => 'fix_password',
    2 => 'fixpassword',
  ),
)
[ info ] [ HEADER ] array (
  'host' => 'tp5.com',
  'connection' => 'keep-alive',
  'content-length' => '28',
  'cache-control' => 'max-age=0',
  'origin' => 'http://tp5.com',
  'upgrade-insecure-requests' => '1',
  'content-type' => 'application/x-www-form-urlencoded',
  'user-agent' => 'Mozilla/5.0 (Windows NT 6.1; WOW64) AppleWebKit/537.36 (KHTML, like Gecko) Chrome/67.0.3396.99 Safari/537.36',
  'accept' => 'text/html,application/xhtml+xml,application/xml;q=0.9,image/webp,image/apng,*/*;q=0.8',
  'referer' => 'http://tp5.com/index.php/lol/fix_password/index',
  'accept-encoding' => 'gzip, deflate',
  'accept-language' => 'zh-CN,zh;q=0.9',
  'cookie' => 'thinkphp_show_page_trace=0|0; PHPSESSID=pgc8gnhapmb4093vb96vv9km66; thinkphp_show_page_trace=0|0',
)
[ info ] [ PARAM ] array (
  'oldpassword' => 'z',
  'newpassword' => 'zz',
)
[ info ] [ RUN ] app\lol\controller\FixPassword->FixPassword[ E:\share\lol.git\trunk\thinkphp_5.0.20_with_ext\application\lol\controller\FixPassword.php ]
[ info ] [ SESSION ] INIT array (
  'id' => '',
  'var_session_id' => '',
  'prefix' => 'think',
  'type' => '',
  'auto_start' => true,
)
[ info ] [ DB ] INIT mysql
[ info ] [ VIEW ] E:\share\lol.git\trunk\thinkphp_5.0.20_with_ext\thinkphp\tpl\dispatch_jump.tpl [ array (
  0 => 'code',
  1 => 'msg',
  2 => 'data',
  3 => 'url',
  4 => 'wait',
) ]
[ info ] [ LOG ] INIT File
[ sql ] [ DB ] CONNECT:[ UseTime:0.001000s ] mysql:host=127.0.0.1;dbname=lol;charset=utf8
[ sql ] [ SQL ] SHOW COLUMNS FROM `lol_user` [ RunTime:0.014001s ]
[ sql ] [ SQL ] SELECT * FROM `lol_user` WHERE  `id` = 1 LIMIT 1 [ RunTime:0.001000s ]
---------------------------------------------------------------
[ 2018-07-17T10:05:39+08:00 ] 127.0.0.1 GET /index.php/lol/fix_password/index
[ info ] tp5.com/index.php/lol/fix_password/index [è¿è¡Œæ—¶é—´ï¼š0.061003s][åžåçŽ‡ï¼š16.39req/s] [å†…å­˜æ¶ˆè€—ï¼š2,768.02kb] [æ–‡ä»¶åŠ è½½ï¼š49]
[ info ] [ LANG ] E:\share\lol.git\trunk\thinkphp_5.0.20_with_ext\thinkphp\lang\zh-cn.php
[ info ] [ ROUTE ] array (
  'type' => 'module',
  'module' => 
  array (
    0 => 'lol',
    1 => 'fix_password',
    2 => 'index',
  ),
)
[ info ] [ HEADER ] array (
  'host' => 'tp5.com',
  'connection' => 'keep-alive',
  'upgrade-insecure-requests' => '1',
  'user-agent' => 'Mozilla/5.0 (Windows NT 6.1; WOW64) AppleWebKit/537.36 (KHTML, like Gecko) Chrome/67.0.3396.99 Safari/537.36',
  'accept' => 'text/html,application/xhtml+xml,application/xml;q=0.9,image/webp,image/apng,*/*;q=0.8',
  'referer' => 'http://tp5.com/index.php/lol/fix_password/fixpassword.html',
  'accept-encoding' => 'gzip, deflate',
  'accept-language' => 'zh-CN,zh;q=0.9',
  'cookie' => 'thinkphp_show_page_trace=0|0; PHPSESSID=pgc8gnhapmb4093vb96vv9km66; thinkphp_show_page_trace=0|0',
)
[ info ] [ PARAM ] array (
)
[ info ] [ RUN ] app\lol\controller\FixPassword->Index[ E:\share\lol.git\trunk\thinkphp_5.0.20_with_ext\application\lol\controller\FixPassword.php ]
[ info ] [ SESSION ] INIT array (
  'id' => '',
  'var_session_id' => '',
  'prefix' => 'think',
  'type' => '',
  'auto_start' => true,
)
[ info ] [ VIEW ] E:\share\lol.git\trunk\thinkphp_5.0.20_with_ext\public/../application/lol\view\fix_password\index.html [ array (
) ]
[ info ] [ LOG ] INIT File
---------------------------------------------------------------
[ 2018-07-17T10:05:42+08:00 ] 127.0.0.1 POST /index.php/lol/fix_password/fixpassword.html
[ info ] tp5.com/index.php/lol/fix_password/fixpassword.html [è¿è¡Œæ—¶é—´ï¼š0.108007s][åžåçŽ‡ï¼š9.26req/s] [å†…å­˜æ¶ˆè€—ï¼š4,470.53kb] [æ–‡ä»¶åŠ è½½ï¼š59]
[ info ] [ LANG ] E:\share\lol.git\trunk\thinkphp_5.0.20_with_ext\thinkphp\lang\zh-cn.php
[ info ] [ ROUTE ] array (
  'type' => 'module',
  'module' => 
  array (
    0 => 'lol',
    1 => 'fix_password',
    2 => 'fixpassword',
  ),
)
[ info ] [ HEADER ] array (
  'host' => 'tp5.com',
  'connection' => 'keep-alive',
  'content-length' => '28',
  'cache-control' => 'max-age=0',
  'origin' => 'http://tp5.com',
  'upgrade-insecure-requests' => '1',
  'content-type' => 'application/x-www-form-urlencoded',
  'user-agent' => 'Mozilla/5.0 (Windows NT 6.1; WOW64) AppleWebKit/537.36 (KHTML, like Gecko) Chrome/67.0.3396.99 Safari/537.36',
  'accept' => 'text/html,application/xhtml+xml,application/xml;q=0.9,image/webp,image/apng,*/*;q=0.8',
  'referer' => 'http://tp5.com/index.php/lol/fix_password/index',
  'accept-encoding' => 'gzip, deflate',
  'accept-language' => 'zh-CN,zh;q=0.9',
  'cookie' => 'thinkphp_show_page_trace=0|0; PHPSESSID=pgc8gnhapmb4093vb96vv9km66; thinkphp_show_page_trace=0|0',
)
[ info ] [ PARAM ] array (
  'oldpassword' => 'zz',
  'newpassword' => 'z',
)
[ info ] [ RUN ] app\lol\controller\FixPassword->FixPassword[ E:\share\lol.git\trunk\thinkphp_5.0.20_with_ext\application\lol\controller\FixPassword.php ]
[ info ] [ SESSION ] INIT array (
  'id' => '',
  'var_session_id' => '',
  'prefix' => 'think',
  'type' => '',
  'auto_start' => true,
)
[ info ] [ DB ] INIT mysql
[ info ] [ CACHE ] INIT File
[ info ] [ VIEW ] E:\share\lol.git\trunk\thinkphp_5.0.20_with_ext\thinkphp\tpl\dispatch_jump.tpl [ array (
  0 => 'code',
  1 => 'msg',
  2 => 'data',
  3 => 'url',
  4 => 'wait',
) ]
[ info ] [ LOG ] INIT File
[ sql ] [ DB ] CONNECT:[ UseTime:0.000000s ] mysql:host=127.0.0.1;dbname=lol;charset=utf8
[ sql ] [ SQL ] SHOW COLUMNS FROM `lol_user` [ RunTime:0.012000s ]
[ sql ] [ SQL ] SELECT * FROM `lol_user` WHERE  `id` = 1 LIMIT 1 [ RunTime:0.000000s ]
[ sql ] [ SQL ] UPDATE `lol_user`  SET `password`='z'  WHERE  `id` = 1 [ RunTime:0.043002s ]
---------------------------------------------------------------
[ 2018-07-17T10:05:43+08:00 ] 127.0.0.1 GET /index.php/lol/fix_password/index
[ info ] tp5.com/index.php/lol/fix_password/index [è¿è¡Œæ—¶é—´ï¼š0.053003s][åžåçŽ‡ï¼š18.87req/s] [å†…å­˜æ¶ˆè€—ï¼š2,768.02kb] [æ–‡ä»¶åŠ è½½ï¼š49]
[ info ] [ LANG ] E:\share\lol.git\trunk\thinkphp_5.0.20_with_ext\thinkphp\lang\zh-cn.php
[ info ] [ ROUTE ] array (
  'type' => 'module',
  'module' => 
  array (
    0 => 'lol',
    1 => 'fix_password',
    2 => 'index',
  ),
)
[ info ] [ HEADER ] array (
  'host' => 'tp5.com',
  'connection' => 'keep-alive',
  'upgrade-insecure-requests' => '1',
  'user-agent' => 'Mozilla/5.0 (Windows NT 6.1; WOW64) AppleWebKit/537.36 (KHTML, like Gecko) Chrome/67.0.3396.99 Safari/537.36',
  'accept' => 'text/html,application/xhtml+xml,application/xml;q=0.9,image/webp,image/apng,*/*;q=0.8',
  'referer' => 'http://tp5.com/index.php/lol/fix_password/fixpassword.html',
  'accept-encoding' => 'gzip, deflate',
  'accept-language' => 'zh-CN,zh;q=0.9',
  'cookie' => 'thinkphp_show_page_trace=0|0; PHPSESSID=pgc8gnhapmb4093vb96vv9km66; thinkphp_show_page_trace=0|0',
)
[ info ] [ PARAM ] array (
)
[ info ] [ RUN ] app\lol\controller\FixPassword->Index[ E:\share\lol.git\trunk\thinkphp_5.0.20_with_ext\application\lol\controller\FixPassword.php ]
[ info ] [ SESSION ] INIT array (
  'id' => '',
  'var_session_id' => '',
  'prefix' => 'think',
  'type' => '',
  'auto_start' => true,
)
[ info ] [ VIEW ] E:\share\lol.git\trunk\thinkphp_5.0.20_with_ext\public/../application/lol\view\fix_password\index.html [ array (
) ]
[ info ] [ LOG ] INIT File
---------------------------------------------------------------
[ 2018-07-17T10:05:47+08:00 ] 127.0.0.1 POST /index.php/lol/fix_password/fixpassword.html
[ info ] tp5.com/index.php/lol/fix_password/fixpassword.html [è¿è¡Œæ—¶é—´ï¼š0.081004s][åžåçŽ‡ï¼š12.35req/s] [å†…å­˜æ¶ˆè€—ï¼š4,344.54kb] [æ–‡ä»¶åŠ è½½ï¼š56]
[ info ] [ LANG ] E:\share\lol.git\trunk\thinkphp_5.0.20_with_ext\thinkphp\lang\zh-cn.php
[ info ] [ ROUTE ] array (
  'type' => 'module',
  'module' => 
  array (
    0 => 'lol',
    1 => 'fix_password',
    2 => 'fixpassword',
  ),
)
[ info ] [ HEADER ] array (
  'host' => 'tp5.com',
  'connection' => 'keep-alive',
  'content-length' => '27',
  'cache-control' => 'max-age=0',
  'origin' => 'http://tp5.com',
  'upgrade-insecure-requests' => '1',
  'content-type' => 'application/x-www-form-urlencoded',
  'user-agent' => 'Mozilla/5.0 (Windows NT 6.1; WOW64) AppleWebKit/537.36 (KHTML, like Gecko) Chrome/67.0.3396.99 Safari/537.36',
  'accept' => 'text/html,application/xhtml+xml,application/xml;q=0.9,image/webp,image/apng,*/*;q=0.8',
  'referer' => 'http://tp5.com/index.php/lol/fix_password/index',
  'accept-encoding' => 'gzip, deflate',
  'accept-language' => 'zh-CN,zh;q=0.9',
  'cookie' => 'thinkphp_show_page_trace=0|0; PHPSESSID=pgc8gnhapmb4093vb96vv9km66; thinkphp_show_page_trace=0|0',
)
[ info ] [ PARAM ] array (
  'oldpassword' => 'z',
  'newpassword' => 'z',
)
[ info ] [ RUN ] app\lol\controller\FixPassword->FixPassword[ E:\share\lol.git\trunk\thinkphp_5.0.20_with_ext\application\lol\controller\FixPassword.php ]
[ info ] [ SESSION ] INIT array (
  'id' => '',
  'var_session_id' => '',
  'prefix' => 'think',
  'type' => '',
  'auto_start' => true,
)
[ info ] [ DB ] INIT mysql
[ info ] [ VIEW ] E:\share\lol.git\trunk\thinkphp_5.0.20_with_ext\thinkphp\tpl\dispatch_jump.tpl [ array (
  0 => 'code',
  1 => 'msg',
  2 => 'data',
  3 => 'url',
  4 => 'wait',
) ]
[ info ] [ LOG ] INIT File
[ sql ] [ DB ] CONNECT:[ UseTime:0.010000s ] mysql:host=127.0.0.1;dbname=lol;charset=utf8
[ sql ] [ SQL ] SHOW COLUMNS FROM `lol_user` [ RunTime:0.014001s ]
[ sql ] [ SQL ] SELECT * FROM `lol_user` WHERE  `id` = 1 LIMIT 1 [ RunTime:0.000000s ]
---------------------------------------------------------------
[ 2018-07-17T10:05:48+08:00 ] 127.0.0.1 GET /index.php/lol/fix_password/index
[ info ] tp5.com/index.php/lol/fix_password/index [è¿è¡Œæ—¶é—´ï¼š0.048003s][åžåçŽ‡ï¼š20.83req/s] [å†…å­˜æ¶ˆè€—ï¼š2,768.02kb] [æ–‡ä»¶åŠ è½½ï¼š49]
[ info ] [ LANG ] E:\share\lol.git\trunk\thinkphp_5.0.20_with_ext\thinkphp\lang\zh-cn.php
[ info ] [ ROUTE ] array (
  'type' => 'module',
  'module' => 
  array (
    0 => 'lol',
    1 => 'fix_password',
    2 => 'index',
  ),
)
[ info ] [ HEADER ] array (
  'host' => 'tp5.com',
  'connection' => 'keep-alive',
  'upgrade-insecure-requests' => '1',
  'user-agent' => 'Mozilla/5.0 (Windows NT 6.1; WOW64) AppleWebKit/537.36 (KHTML, like Gecko) Chrome/67.0.3396.99 Safari/537.36',
  'accept' => 'text/html,application/xhtml+xml,application/xml;q=0.9,image/webp,image/apng,*/*;q=0.8',
  'referer' => 'http://tp5.com/index.php/lol/fix_password/fixpassword.html',
  'accept-encoding' => 'gzip, deflate',
  'accept-language' => 'zh-CN,zh;q=0.9',
  'cookie' => 'thinkphp_show_page_trace=0|0; PHPSESSID=pgc8gnhapmb4093vb96vv9km66; thinkphp_show_page_trace=0|0',
)
[ info ] [ PARAM ] array (
)
[ info ] [ RUN ] app\lol\controller\FixPassword->Index[ E:\share\lol.git\trunk\thinkphp_5.0.20_with_ext\application\lol\controller\FixPassword.php ]
[ info ] [ SESSION ] INIT array (
  'id' => '',
  'var_session_id' => '',
  'prefix' => 'think',
  'type' => '',
  'auto_start' => true,
)
[ info ] [ VIEW ] E:\share\lol.git\trunk\thinkphp_5.0.20_with_ext\public/../application/lol\view\fix_password\index.html [ array (
) ]
[ info ] [ LOG ] INIT File
---------------------------------------------------------------
[ 2018-07-17T10:06:19+08:00 ] 127.0.0.1 POST /index.php/lol/fix_password/fixpassword.html
[ info ] tp5.com/index.php/lol/fix_password/fixpassword.html [è¿è¡Œæ—¶é—´ï¼š0.058004s][åžåçŽ‡ï¼š17.24req/s] [å†…å­˜æ¶ˆè€—ï¼š4,360.66kb] [æ–‡ä»¶åŠ è½½ï¼š55]
[ info ] [ LANG ] E:\share\lol.git\trunk\thinkphp_5.0.20_with_ext\thinkphp\lang\zh-cn.php
[ info ] [ ROUTE ] array (
  'type' => 'module',
  'module' => 
  array (
    0 => 'lol',
    1 => 'fix_password',
    2 => 'fixpassword',
  ),
)
[ info ] [ HEADER ] array (
  'host' => 'tp5.com',
  'connection' => 'keep-alive',
  'content-length' => '28',
  'cache-control' => 'max-age=0',
  'origin' => 'http://tp5.com',
  'upgrade-insecure-requests' => '1',
  'content-type' => 'application/x-www-form-urlencoded',
  'user-agent' => 'Mozilla/5.0 (Windows NT 6.1; WOW64) AppleWebKit/537.36 (KHTML, like Gecko) Chrome/67.0.3396.99 Safari/537.36',
  'accept' => 'text/html,application/xhtml+xml,application/xml;q=0.9,image/webp,image/apng,*/*;q=0.8',
  'referer' => 'http://tp5.com/index.php/lol/fix_password/index',
  'accept-encoding' => 'gzip, deflate',
  'accept-language' => 'zh-CN,zh;q=0.9',
  'cookie' => 'thinkphp_show_page_trace=0|0; PHPSESSID=pgc8gnhapmb4093vb96vv9km66; thinkphp_show_page_trace=0|0',
)
[ info ] [ PARAM ] array (
  'oldpassword' => 'z',
  'newpassword' => 'zz',
)
[ info ] [ RUN ] app\lol\controller\FixPassword->FixPassword[ E:\share\lol.git\trunk\thinkphp_5.0.20_with_ext\application\lol\controller\FixPassword.php ]
[ info ] [ SESSION ] INIT array (
  'id' => '',
  'var_session_id' => '',
  'prefix' => 'think',
  'type' => '',
  'auto_start' => true,
)
[ info ] [ DB ] INIT mysql
[ info ] [ LOG ] INIT File
[ sql ] [ DB ] CONNECT:[ UseTime:0.000000s ] mysql:host=127.0.0.1;dbname=lol;charset=utf8
[ sql ] [ SQL ] SHOW COLUMNS FROM `lol_user` [ RunTime:0.013000s ]
[ sql ] [ SQL ] SELECT * FROM `lol_user` WHERE  `id` = 1 LIMIT 1 [ RunTime:0.001000s ]
---------------------------------------------------------------
[ 2018-07-17T10:06:21+08:00 ] 127.0.0.1 GET /index.php/lol/fix_password/index
[ info ] tp5.com/index.php/lol/fix_password/index [è¿è¡Œæ—¶é—´ï¼š0.031002s][åžåçŽ‡ï¼š32.26req/s] [å†…å­˜æ¶ˆè€—ï¼š2,768.02kb] [æ–‡ä»¶åŠ è½½ï¼š49]
[ info ] [ LANG ] E:\share\lol.git\trunk\thinkphp_5.0.20_with_ext\thinkphp\lang\zh-cn.php
[ info ] [ ROUTE ] array (
  'type' => 'module',
  'module' => 
  array (
    0 => 'lol',
    1 => 'fix_password',
    2 => 'index',
  ),
)
[ info ] [ HEADER ] array (
  'host' => 'tp5.com',
  'connection' => 'keep-alive',
  'upgrade-insecure-requests' => '1',
  'user-agent' => 'Mozilla/5.0 (Windows NT 6.1; WOW64) AppleWebKit/537.36 (KHTML, like Gecko) Chrome/67.0.3396.99 Safari/537.36',
  'accept' => 'text/html,application/xhtml+xml,application/xml;q=0.9,image/webp,image/apng,*/*;q=0.8',
  'referer' => 'http://tp5.com/index.php/lol/fix_password/fixpassword.html',
  'accept-encoding' => 'gzip, deflate',
  'accept-language' => 'zh-CN,zh;q=0.9',
  'cookie' => 'thinkphp_show_page_trace=0|0; PHPSESSID=pgc8gnhapmb4093vb96vv9km66; thinkphp_show_page_trace=0|0',
)
[ info ] [ PARAM ] array (
)
[ info ] [ RUN ] app\lol\controller\FixPassword->Index[ E:\share\lol.git\trunk\thinkphp_5.0.20_with_ext\application\lol\controller\FixPassword.php ]
[ info ] [ SESSION ] INIT array (
  'id' => '',
  'var_session_id' => '',
  'prefix' => 'think',
  'type' => '',
  'auto_start' => true,
)
[ info ] [ VIEW ] E:\share\lol.git\trunk\thinkphp_5.0.20_with_ext\public/../application/lol\view\fix_password\index.html [ array (
) ]
[ info ] [ LOG ] INIT File
---------------------------------------------------------------
[ 2018-07-17T10:07:39+08:00 ] 127.0.0.1 POST /index.php/lol/fix_password/fixpassword.html
[ info ] tp5.com/index.php/lol/fix_password/fixpassword.html [è¿è¡Œæ—¶é—´ï¼š0.121007s][åžåçŽ‡ï¼š8.26req/s] [å†…å­˜æ¶ˆè€—ï¼š4,470.84kb] [æ–‡ä»¶åŠ è½½ï¼š59]
[ info ] [ LANG ] E:\share\lol.git\trunk\thinkphp_5.0.20_with_ext\thinkphp\lang\zh-cn.php
[ info ] [ ROUTE ] array (
  'type' => 'module',
  'module' => 
  array (
    0 => 'lol',
    1 => 'fix_password',
    2 => 'fixpassword',
  ),
)
[ info ] [ HEADER ] array (
  'host' => 'tp5.com',
  'connection' => 'keep-alive',
  'content-length' => '35',
  'cache-control' => 'max-age=0',
  'origin' => 'http://tp5.com',
  'upgrade-insecure-requests' => '1',
  'content-type' => 'application/x-www-form-urlencoded',
  'user-agent' => 'Mozilla/5.0 (Windows NT 6.1; WOW64) AppleWebKit/537.36 (KHTML, like Gecko) Chrome/67.0.3396.99 Safari/537.36',
  'accept' => 'text/html,application/xhtml+xml,application/xml;q=0.9,image/webp,image/apng,*/*;q=0.8',
  'referer' => 'http://tp5.com/index.php/lol/fix_password/index',
  'accept-encoding' => 'gzip, deflate',
  'accept-language' => 'zh-CN,zh;q=0.9',
  'cookie' => 'thinkphp_show_page_trace=0|0; PHPSESSID=pgc8gnhapmb4093vb96vv9km66; thinkphp_show_page_trace=0|0',
)
[ info ] [ PARAM ] array (
  'oldpassword' => 'z',
  'newpassword' => 'zhangzhao',
)
[ info ] [ RUN ] app\lol\controller\FixPassword->FixPassword[ E:\share\lol.git\trunk\thinkphp_5.0.20_with_ext\application\lol\controller\FixPassword.php ]
[ info ] [ SESSION ] INIT array (
  'id' => '',
  'var_session_id' => '',
  'prefix' => 'think',
  'type' => '',
  'auto_start' => true,
)
[ info ] [ DB ] INIT mysql
[ info ] [ CACHE ] INIT File
[ info ] [ VIEW ] E:\share\lol.git\trunk\thinkphp_5.0.20_with_ext\thinkphp\tpl\dispatch_jump.tpl [ array (
  0 => 'code',
  1 => 'msg',
  2 => 'data',
  3 => 'url',
  4 => 'wait',
) ]
[ info ] [ LOG ] INIT File
[ sql ] [ DB ] CONNECT:[ UseTime:0.011001s ] mysql:host=127.0.0.1;dbname=lol;charset=utf8
[ sql ] [ SQL ] SHOW COLUMNS FROM `lol_user` [ RunTime:0.013000s ]
[ sql ] [ SQL ] SELECT * FROM `lol_user` WHERE  `id` = 1 LIMIT 1 [ RunTime:0.000000s ]
[ sql ] [ SQL ] UPDATE `lol_user`  SET `password`='zhangzhao'  WHERE  `id` = 1 [ RunTime:0.038003s ]
---------------------------------------------------------------
[ 2018-07-17T10:07:40+08:00 ] 127.0.0.1 GET /index.php/lol/fix_password/index
[ info ] tp5.com/index.php/lol/fix_password/index [è¿è¡Œæ—¶é—´ï¼š0.037002s][åžåçŽ‡ï¼š27.03req/s] [å†…å­˜æ¶ˆè€—ï¼š2,768.02kb] [æ–‡ä»¶åŠ è½½ï¼š49]
[ info ] [ LANG ] E:\share\lol.git\trunk\thinkphp_5.0.20_with_ext\thinkphp\lang\zh-cn.php
[ info ] [ ROUTE ] array (
  'type' => 'module',
  'module' => 
  array (
    0 => 'lol',
    1 => 'fix_password',
    2 => 'index',
  ),
)
[ info ] [ HEADER ] array (
  'host' => 'tp5.com',
  'connection' => 'keep-alive',
  'upgrade-insecure-requests' => '1',
  'user-agent' => 'Mozilla/5.0 (Windows NT 6.1; WOW64) AppleWebKit/537.36 (KHTML, like Gecko) Chrome/67.0.3396.99 Safari/537.36',
  'accept' => 'text/html,application/xhtml+xml,application/xml;q=0.9,image/webp,image/apng,*/*;q=0.8',
  'referer' => 'http://tp5.com/index.php/lol/fix_password/fixpassword.html',
  'accept-encoding' => 'gzip, deflate',
  'accept-language' => 'zh-CN,zh;q=0.9',
  'cookie' => 'thinkphp_show_page_trace=0|0; PHPSESSID=pgc8gnhapmb4093vb96vv9km66; thinkphp_show_page_trace=0|0',
)
[ info ] [ PARAM ] array (
)
[ info ] [ RUN ] app\lol\controller\FixPassword->Index[ E:\share\lol.git\trunk\thinkphp_5.0.20_with_ext\application\lol\controller\FixPassword.php ]
[ info ] [ SESSION ] INIT array (
  'id' => '',
  'var_session_id' => '',
  'prefix' => 'think',
  'type' => '',
  'auto_start' => true,
)
[ info ] [ VIEW ] E:\share\lol.git\trunk\thinkphp_5.0.20_with_ext\public/../application/lol\view\fix_password\index.html [ array (
) ]
[ info ] [ LOG ] INIT File
---------------------------------------------------------------
[ 2018-07-17T10:12:48+08:00 ] 127.0.0.1 GET /index.php/lol/index/index.html
[ info ] tp5.com/index.php/lol/index/index.html [è¿è¡Œæ—¶é—´ï¼š0.064003s][åžåçŽ‡ï¼š15.62req/s] [å†…å­˜æ¶ˆè€—ï¼š2,876.10kb] [æ–‡ä»¶åŠ è½½ï¼š49]
[ info ] [ LANG ] E:\share\lol.git\trunk\thinkphp_5.0.20_with_ext\thinkphp\lang\zh-cn.php
[ info ] [ ROUTE ] array (
  'type' => 'module',
  'module' => 
  array (
    0 => 'lol',
    1 => 'index',
    2 => 'index',
  ),
)
[ info ] [ HEADER ] array (
  'host' => 'tp5.com',
  'connection' => 'keep-alive',
  'cache-control' => 'max-age=0',
  'upgrade-insecure-requests' => '1',
  'user-agent' => 'Mozilla/5.0 (Windows NT 6.1; WOW64) AppleWebKit/537.36 (KHTML, like Gecko) Chrome/67.0.3396.99 Safari/537.36',
  'accept' => 'text/html,application/xhtml+xml,application/xml;q=0.9,image/webp,image/apng,*/*;q=0.8',
  'referer' => 'http://tp5.com/index.php/lol/login_up/loginup.html',
  'accept-encoding' => 'gzip, deflate',
  'accept-language' => 'zh-CN,zh;q=0.9',
  'cookie' => 'thinkphp_show_page_trace=0|0; PHPSESSID=pgc8gnhapmb4093vb96vv9km66; thinkphp_show_page_trace=0|0',
)
[ info ] [ PARAM ] array (
)
[ info ] [ RUN ] app\lol\controller\Index->Index[ E:\share\lol.git\trunk\thinkphp_5.0.20_with_ext\application\lol\controller\Index.php ]
[ info ] [ SESSION ] INIT array (
  'id' => '',
  'var_session_id' => '',
  'prefix' => 'think',
  'type' => '',
  'auto_start' => true,
)
[ info ] [ VIEW ] E:\share\lol.git\trunk\thinkphp_5.0.20_with_ext\public/../application/lol\view\index\index.html [ array (
) ]
[ info ] [ LOG ] INIT File
---------------------------------------------------------------
[ 2018-07-17T10:12:48+08:00 ] 127.0.0.1 POST /index.php/lol/index/getmatch
[ info ] tp5.com/index.php/lol/index/getmatch [è¿è¡Œæ—¶é—´ï¼š0.065004s][åžåçŽ‡ï¼š15.38req/s] [å†…å­˜æ¶ˆè€—ï¼š4,308.61kb] [æ–‡ä»¶åŠ è½½ï¼š53]
[ info ] [ LANG ] E:\share\lol.git\trunk\thinkphp_5.0.20_with_ext\thinkphp\lang\zh-cn.php
[ info ] [ ROUTE ] array (
  'type' => 'module',
  'module' => 
  array (
    0 => 'lol',
    1 => 'index',
    2 => 'getmatch',
  ),
)
[ info ] [ HEADER ] array (
  'host' => 'tp5.com',
  'connection' => 'keep-alive',
  'content-length' => '0',
  'origin' => 'http://tp5.com',
  'user-agent' => 'Mozilla/5.0 (Windows NT 6.1; WOW64) AppleWebKit/537.36 (KHTML, like Gecko) Chrome/67.0.3396.99 Safari/537.36',
  'accept' => '*/*',
  'referer' => 'http://tp5.com/index.php/lol/index/index.html',
  'accept-encoding' => 'gzip, deflate',
  'accept-language' => 'zh-CN,zh;q=0.9',
  'cookie' => 'thinkphp_show_page_trace=0|0; PHPSESSID=pgc8gnhapmb4093vb96vv9km66; thinkphp_show_page_trace=0|0',
)
[ info ] [ PARAM ] array (
)
[ info ] [ RUN ] app\lol\controller\Index->GetMatch[ E:\share\lol.git\trunk\thinkphp_5.0.20_with_ext\application\lol\controller\Index.php ]
[ info ] [ DB ] INIT mysql
[ info ] [ LOG ] INIT File
[ sql ] [ DB ] CONNECT:[ UseTime:0.010001s ] mysql:host=127.0.0.1;dbname=lol;charset=utf8
[ sql ] [ SQL ] SHOW COLUMNS FROM `lol_match` [ RunTime:0.014001s ]
[ sql ] [ SQL ] SELECT * FROM `lol_match` WHERE  `matchtime` > '2018-07-17 10:12:48'  AND `status` = 0 [ RunTime:0.001000s ]
---------------------------------------------------------------
[ 2018-07-17T10:12:49+08:00 ] 127.0.0.1 GET /index.php/lol/fix_second_password/index
[ info ] tp5.com/index.php/lol/fix_second_password/index [è¿è¡Œæ—¶é—´ï¼š0.036002s][åžåçŽ‡ï¼š27.78req/s] [å†…å­˜æ¶ˆè€—ï¼š2,982.57kb] [æ–‡ä»¶åŠ è½½ï¼š51]
[ info ] [ LANG ] E:\share\lol.git\trunk\thinkphp_5.0.20_with_ext\thinkphp\lang\zh-cn.php
[ info ] [ ROUTE ] array (
  'type' => 'module',
  'module' => 
  array (
    0 => 'lol',
    1 => 'fix_second_password',
    2 => 'index',
  ),
)
[ info ] [ HEADER ] array (
  'host' => 'tp5.com',
  'connection' => 'keep-alive',
  'upgrade-insecure-requests' => '1',
  'user-agent' => 'Mozilla/5.0 (Windows NT 6.1; WOW64) AppleWebKit/537.36 (KHTML, like Gecko) Chrome/67.0.3396.99 Safari/537.36',
  'accept' => 'text/html,application/xhtml+xml,application/xml;q=0.9,image/webp,image/apng,*/*;q=0.8',
  'referer' => 'http://tp5.com/index.php/lol/index/index.html',
  'accept-encoding' => 'gzip, deflate',
  'accept-language' => 'zh-CN,zh;q=0.9',
  'cookie' => 'PHPSESSID=pgc8gnhapmb4093vb96vv9km66; thinkphp_show_page_trace=0|0',
)
[ info ] [ PARAM ] array (
)
[ info ] [ RUN ] app\lol\controller\FixSecondPassword->Index[ E:\share\lol.git\trunk\thinkphp_5.0.20_with_ext\application\lol\controller\FixSecondPassword.php ]
[ info ] [ SESSION ] INIT array (
  'id' => '',
  'var_session_id' => '',
  'prefix' => 'think',
  'type' => '',
  'auto_start' => true,
)
[ info ] [ VIEW ] E:\share\lol.git\trunk\thinkphp_5.0.20_with_ext\public/../application/lol\view\fix_second_password\index.html [ array (
) ]
[ info ] [ LOG ] INIT File
---------------------------------------------------------------
[ 2018-07-17T10:12:54+08:00 ] 127.0.0.1 POST /index.php/lol/fix_second_password/fixsecondpassword.html
[ info ] tp5.com/index.php/lol/fix_second_password/fixsecondpassword.html [è¿è¡Œæ—¶é—´ï¼š0.105006s][åžåçŽ‡ï¼š9.52req/s] [å†…å­˜æ¶ˆè€—ï¼š4,390.19kb] [æ–‡ä»¶åŠ è½½ï¼š59]
[ info ] [ LANG ] E:\share\lol.git\trunk\thinkphp_5.0.20_with_ext\thinkphp\lang\zh-cn.php
[ info ] [ ROUTE ] array (
  'type' => 'module',
  'module' => 
  array (
    0 => 'lol',
    1 => 'fix_second_password',
    2 => 'fixsecondpassword',
  ),
)
[ info ] [ HEADER ] array (
  'host' => 'tp5.com',
  'connection' => 'keep-alive',
  'content-length' => '47',
  'cache-control' => 'max-age=0',
  'origin' => 'http://tp5.com',
  'upgrade-insecure-requests' => '1',
  'content-type' => 'application/x-www-form-urlencoded',
  'user-agent' => 'Mozilla/5.0 (Windows NT 6.1; WOW64) AppleWebKit/537.36 (KHTML, like Gecko) Chrome/67.0.3396.99 Safari/537.36',
  'accept' => 'text/html,application/xhtml+xml,application/xml;q=0.9,image/webp,image/apng,*/*;q=0.8',
  'referer' => 'http://tp5.com/index.php/lol/fix_second_password/index',
  'accept-encoding' => 'gzip, deflate',
  'accept-language' => 'zh-CN,zh;q=0.9',
  'cookie' => 'thinkphp_show_page_trace=0|0; PHPSESSID=pgc8gnhapmb4093vb96vv9km66; thinkphp_show_page_trace=0|0',
)
[ info ] [ PARAM ] array (
  'oldsecondpassword' => 'zhangzhao',
  'newsecondpassword' => 'z',
)
[ info ] [ RUN ] app\lol\controller\FixSecondPassword->FixSecondPassword[ E:\share\lol.git\trunk\thinkphp_5.0.20_with_ext\application\lol\controller\FixSecondPassword.php ]
[ info ] [ SESSION ] INIT array (
  'id' => '',
  'var_session_id' => '',
  'prefix' => 'think',
  'type' => '',
  'auto_start' => true,
)
[ info ] [ DB ] INIT mysql
[ info ] [ LOG ] INIT File
[ sql ] [ DB ] CONNECT:[ UseTime:0.010001s ] mysql:host=127.0.0.1;dbname=lol;charset=utf8
[ sql ] [ SQL ] SHOW COLUMNS FROM `lol_user` [ RunTime:0.014001s ]
[ error ] [10501]SQLSTATE[42S22]: Column not found: 1054 Unknown column 'user_id' in 'where clause'[E:\share\lol.git\trunk\thinkphp_5.0.20_with_ext\thinkphp\library\think\db\Connection.php:390]
---------------------------------------------------------------
[ 2018-07-17T10:13:50+08:00 ] 127.0.0.1 POST /index.php/lol/fix_second_password/fixsecondpassword.html
[ info ] tp5.com/index.php/lol/fix_second_password/fixsecondpassword.html [è¿è¡Œæ—¶é—´ï¼š0.154008s][åžåçŽ‡ï¼š6.49req/s] [å†…å­˜æ¶ˆè€—ï¼š4,439.41kb] [æ–‡ä»¶åŠ è½½ï¼š58]
[ info ] [ LANG ] E:\share\lol.git\trunk\thinkphp_5.0.20_with_ext\thinkphp\lang\zh-cn.php
[ info ] [ ROUTE ] array (
  'type' => 'module',
  'module' => 
  array (
    0 => 'lol',
    1 => 'fix_second_password',
    2 => 'fixsecondpassword',
  ),
)
[ info ] [ HEADER ] array (
  'host' => 'tp5.com',
  'connection' => 'keep-alive',
  'content-length' => '47',
  'cache-control' => 'max-age=0',
  'upgrade-insecure-requests' => '1',
  'user-agent' => 'Mozilla/5.0 (Windows NT 6.1; WOW64) AppleWebKit/537.36 (KHTML, like Gecko) Chrome/67.0.3396.99 Safari/537.36',
  'origin' => 'http://tp5.com',
  'content-type' => 'application/x-www-form-urlencoded',
  'accept' => 'text/html,application/xhtml+xml,application/xml;q=0.9,image/webp,image/apng,*/*;q=0.8',
  'referer' => 'http://tp5.com/index.php/lol/fix_second_password/index',
  'accept-encoding' => 'gzip, deflate',
  'accept-language' => 'zh-CN,zh;q=0.9',
  'cookie' => 'thinkphp_show_page_trace=0|0; PHPSESSID=pgc8gnhapmb4093vb96vv9km66; thinkphp_show_page_trace=0|0',
)
[ info ] [ PARAM ] array (
  'oldsecondpassword' => 'zhangzhao',
  'newsecondpassword' => 'z',
)
[ info ] [ RUN ] app\lol\controller\FixSecondPassword->FixSecondPassword[ E:\share\lol.git\trunk\thinkphp_5.0.20_with_ext\application\lol\controller\FixSecondPassword.php ]
[ info ] [ SESSION ] INIT array (
  'id' => '',
  'var_session_id' => '',
  'prefix' => 'think',
  'type' => '',
  'auto_start' => true,
)
[ info ] [ DB ] INIT mysql
[ info ] [ CACHE ] INIT File
[ info ] [ VIEW ] E:\share\lol.git\trunk\thinkphp_5.0.20_with_ext\thinkphp\tpl\dispatch_jump.tpl [ array (
  0 => 'code',
  1 => 'msg',
  2 => 'data',
  3 => 'url',
  4 => 'wait',
) ]
[ info ] [ LOG ] INIT File
[ sql ] [ DB ] CONNECT:[ UseTime:0.010000s ] mysql:host=127.0.0.1;dbname=lol;charset=utf8
[ sql ] [ SQL ] SHOW COLUMNS FROM `lol_account_info` [ RunTime:0.020002s ]
[ sql ] [ SQL ] SELECT * FROM `lol_account_info` WHERE  `user_id` = 1 LIMIT 1 [ RunTime:0.000000s ]
[ sql ] [ SQL ] UPDATE `lol_account_info`  SET `secondpassword`='z'  WHERE  `id` = 1 [ RunTime:0.042002s ]
---------------------------------------------------------------
[ 2018-07-17T10:13:52+08:00 ] 127.0.0.1 GET /index.php/lol/fix_second_password/index
[ info ] tp5.com/index.php/lol/fix_second_password/index [è¿è¡Œæ—¶é—´ï¼š0.046002s][åžåçŽ‡ï¼š21.74req/s] [å†…å­˜æ¶ˆè€—ï¼š2,767.02kb] [æ–‡ä»¶åŠ è½½ï¼š49]
[ info ] [ LANG ] E:\share\lol.git\trunk\thinkphp_5.0.20_with_ext\thinkphp\lang\zh-cn.php
[ info ] [ ROUTE ] array (
  'type' => 'module',
  'module' => 
  array (
    0 => 'lol',
    1 => 'fix_second_password',
    2 => 'index',
  ),
)
[ info ] [ HEADER ] array (
  'host' => 'tp5.com',
  'connection' => 'keep-alive',
  'upgrade-insecure-requests' => '1',
  'user-agent' => 'Mozilla/5.0 (Windows NT 6.1; WOW64) AppleWebKit/537.36 (KHTML, like Gecko) Chrome/67.0.3396.99 Safari/537.36',
  'accept' => 'text/html,application/xhtml+xml,application/xml;q=0.9,image/webp,image/apng,*/*;q=0.8',
  'referer' => 'http://tp5.com/index.php/lol/fix_second_password/fixsecondpassword.html',
  'accept-encoding' => 'gzip, deflate',
  'accept-language' => 'zh-CN,zh;q=0.9',
  'cookie' => 'thinkphp_show_page_trace=0|0; PHPSESSID=pgc8gnhapmb4093vb96vv9km66; thinkphp_show_page_trace=0|0',
)
[ info ] [ PARAM ] array (
)
[ info ] [ RUN ] app\lol\controller\FixSecondPassword->Index[ E:\share\lol.git\trunk\thinkphp_5.0.20_with_ext\application\lol\controller\FixSecondPassword.php ]
[ info ] [ SESSION ] INIT array (
  'id' => '',
  'var_session_id' => '',
  'prefix' => 'think',
  'type' => '',
  'auto_start' => true,
)
[ info ] [ VIEW ] E:\share\lol.git\trunk\thinkphp_5.0.20_with_ext\public/../application/lol\view\fix_second_password\index.html [ array (
) ]
[ info ] [ LOG ] INIT File
---------------------------------------------------------------
[ 2018-07-17T12:46:23+08:00 ] 127.0.0.1 GET /index.php
[ info ] tp5.com/index.php [è¿è¡Œæ—¶é—´ï¼š0.038003s][åžåçŽ‡ï¼š26.31req/s] [å†…å­˜æ¶ˆè€—ï¼š2,657.92kb] [æ–‡ä»¶åŠ è½½ï¼š47]
[ info ] [ LANG ] E:\share\lol.git\trunk\thinkphp_5.0.20_with_ext\thinkphp\lang\zh-cn.php
[ info ] [ ROUTE ] array (
  'type' => 'module',
  'module' => 
  array (
    0 => '',
    1 => NULL,
    2 => NULL,
  ),
)
[ info ] [ HEADER ] array (
  'host' => 'tp5.com',
  'connection' => 'keep-alive',
  'upgrade-insecure-requests' => '1',
  'user-agent' => 'Mozilla/5.0 (Windows NT 6.1; WOW64) AppleWebKit/537.36 (KHTML, like Gecko) Chrome/67.0.3396.99 Safari/537.36',
  'accept' => 'text/html,application/xhtml+xml,application/xml;q=0.9,image/webp,image/apng,*/*;q=0.8',
  'referer' => 'http://tp5.com/',
  'accept-encoding' => 'gzip, deflate',
  'accept-language' => 'zh-CN,zh;q=0.9',
  'cookie' => 'PHPSESSID=pgc8gnhapmb4093vb96vv9km66; thinkphp_show_page_trace=0|0',
)
[ info ] [ PARAM ] array (
)
[ info ] [ RUN ] app\lol\controller\Index->Index[ E:\share\lol.git\trunk\thinkphp_5.0.20_with_ext\application\lol\controller\Index.php ]
[ info ] [ SESSION ] INIT array (
  'id' => '',
  'var_session_id' => '',
  'prefix' => 'think',
  'type' => '',
  'auto_start' => true,
)
[ info ] [ VIEW ] E:\share\lol.git\trunk\thinkphp_5.0.20_with_ext\public/../application/lol\view\index\index.html [ array (
) ]
[ info ] [ LOG ] INIT File
---------------------------------------------------------------
[ 2018-07-17T12:46:35+08:00 ] 127.0.0.1 GET /index.php/lol/invest_record/index
[ info ] tp5.com/index.php/lol/invest_record/index [è¿è¡Œæ—¶é—´ï¼š0.216013s][åžåçŽ‡ï¼š4.63req/s] [å†…å­˜æ¶ˆè€—ï¼š4,081.72kb] [æ–‡ä»¶åŠ è½½ï¼š54]
[ info ] [ LANG ] E:\share\lol.git\trunk\thinkphp_5.0.20_with_ext\thinkphp\lang\zh-cn.php
[ info ] [ ROUTE ] array (
  'type' => 'module',
  'module' => 
  array (
    0 => 'lol',
    1 => 'invest_record',
    2 => 'index',
  ),
)
[ info ] [ HEADER ] array (
  'host' => 'tp5.com',
  'connection' => 'keep-alive',
  'upgrade-insecure-requests' => '1',
  'user-agent' => 'Mozilla/5.0 (Windows NT 6.1; WOW64) AppleWebKit/537.36 (KHTML, like Gecko) Chrome/67.0.3396.99 Safari/537.36',
  'accept' => 'text/html,application/xhtml+xml,application/xml;q=0.9,image/webp,image/apng,*/*;q=0.8',
  'referer' => 'http://tp5.com/index.php',
  'accept-encoding' => 'gzip, deflate',
  'accept-language' => 'zh-CN,zh;q=0.9',
  'cookie' => 'PHPSESSID=pgc8gnhapmb4093vb96vv9km66; thinkphp_show_page_trace=0|0',
)
[ info ] [ PARAM ] array (
)
[ info ] [ RUN ] app\lol\controller\InvestRecord->Index[ E:\share\lol.git\trunk\thinkphp_5.0.20_with_ext\application\lol\controller\InvestRecord.php ]
[ info ] [ DB ] INIT mysql
[ info ] [ SESSION ] INIT array (
  'id' => '',
  'var_session_id' => '',
  'prefix' => 'think',
  'type' => '',
  'auto_start' => true,
)
[ info ] [ VIEW ] E:\share\lol.git\trunk\thinkphp_5.0.20_with_ext\public/../application/lol\view\invest_record\index.html [ array (
  0 => 'investlist',
) ]
[ info ] [ LOG ] INIT File
[ sql ] [ DB ] CONNECT:[ UseTime:0.010000s ] mysql:host=127.0.0.1;dbname=lol;charset=utf8
[ sql ] [ SQL ] SHOW COLUMNS FROM `lol_invest` [ RunTime:0.039002s ]
[ sql ] [ SQL ] SELECT `invest`.`id`,`invest`.`ydc`,`invest`.`create_time` AS `invest_create_time`,`invest`.`status`,`invest`.`result`,`invest`.`bill`,`match_info`.`caption`,`match_info`.`rate`,`match`.`matchtime` FROM `lol_invest` `invest` INNER JOIN `lol_match_info` `match_info` ON `invest`.`matchinfo_id`=`match_info`.`id` INNER JOIN `lol_match` `match` ON `match_info`.`match_id`=`match`.`id` WHERE  `invest`.`user_id` = 1 ORDER BY `invest`.`create_time` DESC [ RunTime:0.054003s ]
---------------------------------------------------------------
[ 2018-07-17T12:46:36+08:00 ] 127.0.0.1 POST /index.php/lol/invest_record/getinvestrecord
[ info ] tp5.com/index.php/lol/invest_record/getinvestrecord [è¿è¡Œæ—¶é—´ï¼š0.076005s][åžåçŽ‡ï¼š13.16req/s] [å†…å­˜æ¶ˆè€—ï¼š3,841.96kb] [æ–‡ä»¶åŠ è½½ï¼š51]
[ info ] [ LANG ] E:\share\lol.git\trunk\thinkphp_5.0.20_with_ext\thinkphp\lang\zh-cn.php
[ info ] [ ROUTE ] array (
  'type' => 'module',
  'module' => 
  array (
    0 => 'lol',
    1 => 'invest_record',
    2 => 'getinvestrecord',
  ),
)
[ info ] [ HEADER ] array (
  'host' => 'tp5.com',
  'connection' => 'keep-alive',
  'content-length' => '0',
  'origin' => 'http://tp5.com',
  'user-agent' => 'Mozilla/5.0 (Windows NT 6.1; WOW64) AppleWebKit/537.36 (KHTML, like Gecko) Chrome/67.0.3396.99 Safari/537.36',
  'accept' => '*/*',
  'referer' => 'http://tp5.com/index.php/lol/invest_record/index',
  'accept-encoding' => 'gzip, deflate',
  'accept-language' => 'zh-CN,zh;q=0.9',
  'cookie' => 'PHPSESSID=pgc8gnhapmb4093vb96vv9km66; thinkphp_show_page_trace=0|0',
)
[ info ] [ PARAM ] array (
)
[ info ] [ RUN ] app\lol\controller\InvestRecord->GetInvestRecord[ E:\share\lol.git\trunk\thinkphp_5.0.20_with_ext\application\lol\controller\InvestRecord.php ]
[ info ] [ DB ] INIT mysql
[ info ] [ SESSION ] INIT array (
  'id' => '',
  'var_session_id' => '',
  'prefix' => 'think',
  'type' => '',
  'auto_start' => true,
)
[ info ] [ LOG ] INIT File
[ sql ] [ DB ] CONNECT:[ UseTime:0.010001s ] mysql:host=127.0.0.1;dbname=lol;charset=utf8
[ sql ] [ SQL ] SHOW COLUMNS FROM `lol_invest` [ RunTime:0.006000s ]
[ sql ] [ SQL ] SELECT `invest`.`id`,`invest`.`ydc`,`invest`.`create_time` AS `invest_create_time`,`invest`.`status`,`invest`.`result`,`invest`.`bill`,`match_info`.`caption`,`match_info`.`rate`,`match`.`matchtime` FROM `lol_invest` `invest` INNER JOIN `lol_match_info` `match_info` ON `invest`.`matchinfo_id`=`match_info`.`id` INNER JOIN `lol_match` `match` ON `match_info`.`match_id`=`match`.`id` WHERE  `invest`.`user_id` = 1 ORDER BY `invest`.`create_time` DESC [ RunTime:0.001000s ]
---------------------------------------------------------------
[ 2018-07-17T12:47:10+08:00 ] 127.0.0.1 GET /index.php
[ info ] tp5.com/index.php [è¿è¡Œæ—¶é—´ï¼š0.033002s][åžåçŽ‡ï¼š30.30req/s] [å†…å­˜æ¶ˆè€—ï¼š2,875.29kb] [æ–‡ä»¶åŠ è½½ï¼š49]
[ info ] [ LANG ] E:\share\lol.git\trunk\thinkphp_5.0.20_with_ext\thinkphp\lang\zh-cn.php
[ info ] [ ROUTE ] array (
  'type' => 'module',
  'module' => 
  array (
    0 => '',
    1 => NULL,
    2 => NULL,
  ),
)
[ info ] [ HEADER ] array (
  'host' => 'tp5.com',
  'connection' => 'keep-alive',
  'cache-control' => 'max-age=0',
  'upgrade-insecure-requests' => '1',
  'user-agent' => 'Mozilla/5.0 (Windows NT 6.1; WOW64) AppleWebKit/537.36 (KHTML, like Gecko) Chrome/67.0.3396.99 Safari/537.36',
  'accept' => 'text/html,application/xhtml+xml,application/xml;q=0.9,image/webp,image/apng,*/*;q=0.8',
  'referer' => 'http://tp5.com/',
  'accept-encoding' => 'gzip, deflate',
  'accept-language' => 'zh-CN,zh;q=0.9',
  'cookie' => 'PHPSESSID=pgc8gnhapmb4093vb96vv9km66; thinkphp_show_page_trace=0|0',
)
[ info ] [ PARAM ] array (
)
[ info ] [ RUN ] app\lol\controller\Index->Index[ E:\share\lol.git\trunk\thinkphp_5.0.20_with_ext\application\lol\controller\Index.php ]
[ info ] [ SESSION ] INIT array (
  'id' => '',
  'var_session_id' => '',
  'prefix' => 'think',
  'type' => '',
  'auto_start' => true,
)
[ info ] [ VIEW ] E:\share\lol.git\trunk\thinkphp_5.0.20_with_ext\public/../application/lol\view\index\index.html [ array (
) ]
[ info ] [ LOG ] INIT File
---------------------------------------------------------------
[ 2018-07-17T12:47:11+08:00 ] 127.0.0.1 POST /index.php/lol/index/getmatch
[ info ] tp5.com/index.php/lol/index/getmatch [è¿è¡Œæ—¶é—´ï¼š0.060004s][åžåçŽ‡ï¼š16.67req/s] [å†…å­˜æ¶ˆè€—ï¼š4,307.80kb] [æ–‡ä»¶åŠ è½½ï¼š53]
[ info ] [ LANG ] E:\share\lol.git\trunk\thinkphp_5.0.20_with_ext\thinkphp\lang\zh-cn.php
[ info ] [ ROUTE ] array (
  'type' => 'module',
  'module' => 
  array (
    0 => 'lol',
    1 => 'index',
    2 => 'getmatch',
  ),
)
[ info ] [ HEADER ] array (
  'host' => 'tp5.com',
  'connection' => 'keep-alive',
  'content-length' => '0',
  'origin' => 'http://tp5.com',
  'user-agent' => 'Mozilla/5.0 (Windows NT 6.1; WOW64) AppleWebKit/537.36 (KHTML, like Gecko) Chrome/67.0.3396.99 Safari/537.36',
  'accept' => '*/*',
  'referer' => 'http://tp5.com/index.php',
  'accept-encoding' => 'gzip, deflate',
  'accept-language' => 'zh-CN,zh;q=0.9',
  'cookie' => 'thinkphp_show_page_trace=0|0; PHPSESSID=pgc8gnhapmb4093vb96vv9km66; thinkphp_show_page_trace=0|0',
)
[ info ] [ PARAM ] array (
)
[ info ] [ RUN ] app\lol\controller\Index->GetMatch[ E:\share\lol.git\trunk\thinkphp_5.0.20_with_ext\application\lol\controller\Index.php ]
[ info ] [ DB ] INIT mysql
[ info ] [ LOG ] INIT File
[ sql ] [ DB ] CONNECT:[ UseTime:0.010001s ] mysql:host=127.0.0.1;dbname=lol;charset=utf8
[ sql ] [ SQL ] SHOW COLUMNS FROM `lol_match` [ RunTime:0.006000s ]
[ sql ] [ SQL ] SELECT * FROM `lol_match` WHERE  `matchtime` > '2018-07-17 12:47:10'  AND `status` = 0 [ RunTime:0.001000s ]
---------------------------------------------------------------
[ 2018-07-17T12:49:55+08:00 ] 127.0.0.1 GET /index.php
[ info ] tp5.com/index.php [è¿è¡Œæ—¶é—´ï¼š0.066004s][åžåçŽ‡ï¼š15.15req/s] [å†…å­˜æ¶ˆè€—ï¼š2,876.11kb] [æ–‡ä»¶åŠ è½½ï¼š49]
[ info ] [ LANG ] E:\share\lol.git\trunk\thinkphp_5.0.20_with_ext\thinkphp\lang\zh-cn.php
[ info ] [ ROUTE ] array (
  'type' => 'module',
  'module' => 
  array (
    0 => '',
    1 => NULL,
    2 => NULL,
  ),
)
[ info ] [ HEADER ] array (
  'host' => 'tp5.com',
  'connection' => 'keep-alive',
  'cache-control' => 'max-age=0',
  'upgrade-insecure-requests' => '1',
  'user-agent' => 'Mozilla/5.0 (Windows NT 6.1; WOW64) AppleWebKit/537.36 (KHTML, like Gecko) Chrome/67.0.3396.99 Safari/537.36',
  'accept' => 'text/html,application/xhtml+xml,application/xml;q=0.9,image/webp,image/apng,*/*;q=0.8',
  'referer' => 'http://tp5.com/',
  'accept-encoding' => 'gzip, deflate',
  'accept-language' => 'zh-CN,zh;q=0.9',
  'cookie' => 'PHPSESSID=pgc8gnhapmb4093vb96vv9km66; thinkphp_show_page_trace=0|0',
)
[ info ] [ PARAM ] array (
)
[ info ] [ RUN ] app\lol\controller\Index->Index[ E:\share\lol.git\trunk\thinkphp_5.0.20_with_ext\application\lol\controller\Index.php ]
[ info ] [ SESSION ] INIT array (
  'id' => '',
  'var_session_id' => '',
  'prefix' => 'think',
  'type' => '',
  'auto_start' => true,
)
[ info ] [ VIEW ] E:\share\lol.git\trunk\thinkphp_5.0.20_with_ext\public/../application/lol\view\index\index.html [ array (
) ]
[ info ] [ LOG ] INIT File
---------------------------------------------------------------
[ 2018-07-17T12:49:56+08:00 ] 127.0.0.1 POST /index.php/lol/index/getmatch
[ info ] tp5.com/index.php/lol/index/getmatch [è¿è¡Œæ—¶é—´ï¼š0.058004s][åžåçŽ‡ï¼š17.24req/s] [å†…å­˜æ¶ˆè€—ï¼š4,308.66kb] [æ–‡ä»¶åŠ è½½ï¼š53]
[ info ] [ LANG ] E:\share\lol.git\trunk\thinkphp_5.0.20_with_ext\thinkphp\lang\zh-cn.php
[ info ] [ ROUTE ] array (
  'type' => 'module',
  'module' => 
  array (
    0 => 'lol',
    1 => 'index',
    2 => 'getmatch',
  ),
)
[ info ] [ HEADER ] array (
  'host' => 'tp5.com',
  'connection' => 'keep-alive',
  'content-length' => '0',
  'origin' => 'http://tp5.com',
  'user-agent' => 'Mozilla/5.0 (Windows NT 6.1; WOW64) AppleWebKit/537.36 (KHTML, like Gecko) Chrome/67.0.3396.99 Safari/537.36',
  'accept' => '*/*',
  'referer' => 'http://tp5.com/index.php',
  'accept-encoding' => 'gzip, deflate',
  'accept-language' => 'zh-CN,zh;q=0.9',
  'cookie' => 'thinkphp_show_page_trace=0|0; PHPSESSID=pgc8gnhapmb4093vb96vv9km66; thinkphp_show_page_trace=0|0',
)
[ info ] [ PARAM ] array (
)
[ info ] [ RUN ] app\lol\controller\Index->GetMatch[ E:\share\lol.git\trunk\thinkphp_5.0.20_with_ext\application\lol\controller\Index.php ]
[ info ] [ DB ] INIT mysql
[ info ] [ LOG ] INIT File
[ sql ] [ DB ] CONNECT:[ UseTime:0.011001s ] mysql:host=127.0.0.1;dbname=lol;charset=utf8
[ sql ] [ SQL ] SHOW COLUMNS FROM `lol_match` [ RunTime:0.005000s ]
[ sql ] [ SQL ] SELECT * FROM `lol_match` WHERE  `matchtime` > '2018-07-17 12:49:56'  AND `status` = 0 [ RunTime:0.001000s ]
---------------------------------------------------------------
[ 2018-07-17T14:26:22+08:00 ] 127.0.0.1 GET /index.php
[ info ] tp5.com/index.php [è¿è¡Œæ—¶é—´ï¼š0.043003s][åžåçŽ‡ï¼š23.25req/s] [å†…å­˜æ¶ˆè€—ï¼š2,658.63kb] [æ–‡ä»¶åŠ è½½ï¼š47]
[ info ] [ LANG ] E:\share\lol.git\trunk\thinkphp_5.0.20_with_ext\thinkphp\lang\zh-cn.php
[ info ] [ ROUTE ] array (
  'type' => 'module',
  'module' => 
  array (
    0 => '',
    1 => NULL,
    2 => NULL,
  ),
)
[ info ] [ HEADER ] array (
  'host' => 'tp5.com',
  'connection' => 'keep-alive',
  'cache-control' => 'max-age=0',
  'upgrade-insecure-requests' => '1',
  'user-agent' => 'Mozilla/5.0 (Windows NT 6.1; WOW64) AppleWebKit/537.36 (KHTML, like Gecko) Chrome/67.0.3396.99 Safari/537.36',
  'accept' => 'text/html,application/xhtml+xml,application/xml;q=0.9,image/webp,image/apng,*/*;q=0.8',
  'referer' => 'http://tp5.com/',
  'accept-encoding' => 'gzip, deflate',
  'accept-language' => 'zh-CN,zh;q=0.9',
  'cookie' => 'PHPSESSID=pgc8gnhapmb4093vb96vv9km66; thinkphp_show_page_trace=0|0',
)
[ info ] [ PARAM ] array (
)
[ info ] [ RUN ] app\lol\controller\Index->Index[ E:\share\lol.git\trunk\thinkphp_5.0.20_with_ext\application\lol\controller\Index.php ]
[ info ] [ SESSION ] INIT array (
  'id' => '',
  'var_session_id' => '',
  'prefix' => 'think',
  'type' => '',
  'auto_start' => true,
)
[ info ] [ VIEW ] E:\share\lol.git\trunk\thinkphp_5.0.20_with_ext\public/../application/lol\view\index\index.html [ array (
) ]
[ info ] [ LOG ] INIT File
---------------------------------------------------------------
[ 2018-07-17T14:26:22+08:00 ] 127.0.0.1 POST /index.php/lol/index/getmatch
[ info ] tp5.com/index.php/lol/index/getmatch [è¿è¡Œæ—¶é—´ï¼š0.048003s][åžåçŽ‡ï¼š20.83req/s] [å†…å­˜æ¶ˆè€—ï¼š4,308.41kb] [æ–‡ä»¶åŠ è½½ï¼š53]
[ info ] [ LANG ] E:\share\lol.git\trunk\thinkphp_5.0.20_with_ext\thinkphp\lang\zh-cn.php
[ info ] [ ROUTE ] array (
  'type' => 'module',
  'module' => 
  array (
    0 => 'lol',
    1 => 'index',
    2 => 'getmatch',
  ),
)
[ info ] [ HEADER ] array (
  'host' => 'tp5.com',
  'connection' => 'keep-alive',
  'content-length' => '0',
  'origin' => 'http://tp5.com',
  'user-agent' => 'Mozilla/5.0 (Windows NT 6.1; WOW64) AppleWebKit/537.36 (KHTML, like Gecko) Chrome/67.0.3396.99 Safari/537.36',
  'accept' => '*/*',
  'referer' => 'http://tp5.com/index.php',
  'accept-encoding' => 'gzip, deflate',
  'accept-language' => 'zh-CN,zh;q=0.9',
  'cookie' => 'thinkphp_show_page_trace=0|0; PHPSESSID=pgc8gnhapmb4093vb96vv9km66; thinkphp_show_page_trace=0|0',
)
[ info ] [ PARAM ] array (
)
[ info ] [ RUN ] app\lol\controller\Index->GetMatch[ E:\share\lol.git\trunk\thinkphp_5.0.20_with_ext\application\lol\controller\Index.php ]
[ info ] [ DB ] INIT mysql
[ info ] [ LOG ] INIT File
[ sql ] [ DB ] CONNECT:[ UseTime:0.001000s ] mysql:host=127.0.0.1;dbname=lol;charset=utf8
[ sql ] [ SQL ] SHOW COLUMNS FROM `lol_match` [ RunTime:0.006001s ]
[ sql ] [ SQL ] SELECT * FROM `lol_match` WHERE  `matchtime` > '2018-07-17 14:26:22'  AND `status` = 0 [ RunTime:0.001000s ]
---------------------------------------------------------------
[ 2018-07-17T14:26:30+08:00 ] 127.0.0.1 GET /index.php/lol/charge_confirm/index
[ info ] tp5.com/index.php/lol/charge_confirm/index [è¿è¡Œæ—¶é—´ï¼š0.136008s][åžåçŽ‡ï¼š7.35req/s] [å†…å­˜æ¶ˆè€—ï¼š4,565.21kb] [æ–‡ä»¶åŠ è½½ï¼š56]
[ info ] [ LANG ] E:\share\lol.git\trunk\thinkphp_5.0.20_with_ext\thinkphp\lang\zh-cn.php
[ info ] [ ROUTE ] array (
  'type' => 'module',
  'module' => 
  array (
    0 => 'lol',
    1 => 'charge_confirm',
    2 => 'index',
  ),
)
[ info ] [ HEADER ] array (
  'host' => 'tp5.com',
  'connection' => 'keep-alive',
  'upgrade-insecure-requests' => '1',
  'user-agent' => 'Mozilla/5.0 (Windows NT 6.1; WOW64) AppleWebKit/537.36 (KHTML, like Gecko) Chrome/67.0.3396.99 Safari/537.36',
  'accept' => 'text/html,application/xhtml+xml,application/xml;q=0.9,image/webp,image/apng,*/*;q=0.8',
  'accept-encoding' => 'gzip, deflate',
  'accept-language' => 'zh-CN,zh;q=0.9',
  'cookie' => 'PHPSESSID=pgc8gnhapmb4093vb96vv9km66; thinkphp_show_page_trace=0|0',
)
[ info ] [ PARAM ] array (
)
[ info ] [ RUN ] app\lol\controller\ChargeConfirm->Index[ E:\share\lol.git\trunk\thinkphp_5.0.20_with_ext\application\lol\controller\ChargeConfirm.php ]
[ info ] [ SESSION ] INIT array (
  'id' => '',
  'var_session_id' => '',
  'prefix' => 'think',
  'type' => '',
  'auto_start' => true,
)
[ info ] [ DB ] INIT mysql
[ info ] [ VIEW ] E:\share\lol.git\trunk\thinkphp_5.0.20_with_ext\public/../application/lol\view\charge_confirm\index.html [ array (
  0 => 'cashlist',
  1 => 'cashlistcount',
) ]
[ info ] [ LOG ] INIT File
[ sql ] [ DB ] CONNECT:[ UseTime:0.010000s ] mysql:host=127.0.0.1;dbname=lol;charset=utf8
[ sql ] [ SQL ] SHOW COLUMNS FROM `lol_user` [ RunTime:0.006001s ]
[ sql ] [ SQL ] SELECT * FROM `lol_user` WHERE  `id` = 1 LIMIT 1 [ RunTime:0.000000s ]
[ sql ] [ SQL ] SELECT `user`.`id` AS `user_id`,`account_info`.`name`,account_info. banknum,account_info. alipaynum,`cash`.`id` AS `cash_id`,`cash`.`ydc`,`cash`.`create_time` FROM `lol_user` `user` INNER JOIN `lol_account_info` `account_info` ON `account_info`.`user_id`=`user`.`id` INNER JOIN `lol_cash` `cash` ON `cash`.`user_id`=`user`.`id` WHERE  `cash`.`type` = 0  AND `cash`.`status` = 0 [ RunTime:0.024001s ]
